

================================================================
== Vivado HLS Report for 'sigmoid_ap_fixed_16_6_5_3_0_ap_fixed_16_6_5_3_0_sigmoid_config7_s'
================================================================
* Date:           Mon Apr 22 19:29:28 2024

* Version:        2018.2 (Build 2258646 on Thu Jun 14 20:25:20 MDT 2018)
* Project:        myproject_prj
* Solution:       solution1
* Product family: artix7
* Target device:  xc7a200tsbv484-2


================================================================
== Performance Estimates
================================================================
+ Timing (ns): 
    * Summary: 
    +--------+-------+----------+------------+
    |  Clock | Target| Estimated| Uncertainty|
    +--------+-------+----------+------------+
    |ap_clk  |  10.00|     6.634|        1.25|
    +--------+-------+----------+------------+

+ Latency (clock cycles): 
    * Summary: 
    +-----+-----+-----+-----+----------+
    |  Latency  |  Interval | Pipeline |
    | min | max | min | max |   Type   |
    +-----+-----+-----+-----+----------+
    |    2|    2|    1|    1| function |
    +-----+-----+-----+-----+----------+

    + Detail: 
        * Instance: 
        N/A

        * Loop: 
        N/A



================================================================
== Utilization Estimates
================================================================
* Summary: 
+-----------------+---------+-------+--------+--------+
|       Name      | BRAM_18K| DSP48E|   FF   |   LUT  |
+-----------------+---------+-------+--------+--------+
|DSP              |        -|      -|       -|       -|
|Expression       |        -|      -|       0|     132|
|FIFO             |        -|      -|       -|       -|
|Instance         |        -|      -|       -|       -|
|Memory           |        1|      -|       0|       0|
|Multiplexer      |        -|      -|       -|       -|
|Register         |        -|      -|      13|       -|
+-----------------+---------+-------+--------+--------+
|Total            |        1|      0|      13|     132|
+-----------------+---------+-------+--------+--------+
|Available        |      730|    740|  269200|  129000|
+-----------------+---------+-------+--------+--------+
|Utilization (%)  |    ~0   |      0|   ~0   |   ~0   |
+-----------------+---------+-------+--------+--------+

+ Detail: 
    * Instance: 
    N/A

    * DSP48: 
    N/A

    * Memory: 
    +------------------+----------------------------------------------------------------------------------+---------+---+----+------+-----+------+-------------+
    |      Memory      |                                      Module                                      | BRAM_18K| FF| LUT| Words| Bits| Banks| W*Bits*Banks|
    +------------------+----------------------------------------------------------------------------------+---------+---+----+------+-----+------+-------------+
    |sigmoid_table1_U  |sigmoid_ap_fixed_16_6_5_3_0_ap_fixed_16_6_5_3_0_sigmoid_config7_s_sigmoid_tabfYi  |        1|  0|   0|  1024|   10|     1|        10240|
    +------------------+----------------------------------------------------------------------------------+---------+---+----+------+-----+------+-------------+
    |Total             |                                                                                  |        1|  0|   0|  1024|   10|     1|        10240|
    +------------------+----------------------------------------------------------------------------------+---------+---+----+------+-----+------+-------------+

    * FIFO: 
    N/A

    * Expression: 
    +---------------------------+----------+-------+---+----+------------+------------+
    |       Variable Name       | Operation| DSP48E| FF| LUT| Bitwidth P0| Bitwidth P1|
    +---------------------------+----------+-------+---+----+------------+------------+
    |index_cast_fu_145_p2       |     +    |      0|  0|  19|          10|          12|
    |index_fu_139_p2            |     +    |      0|  0|  20|          10|          13|
    |ret_V_fu_113_p2            |     +    |      0|  0|  20|           1|          13|
    |ap_block_pp0_stage0_11001  |    and   |      0|  0|   2|           1|           1|
    |icmp_fu_181_p2             |   icmp   |      0|  0|   8|           2|           1|
    |tmp_5_fu_107_p2            |   icmp   |      0|  0|  13|          10|           1|
    |index_1_fu_187_p3          |  select  |      0|  0|  10|           1|           2|
    |p_1_fu_159_p3              |  select  |      0|  0|  12|           1|           1|
    |p_2_fu_127_p3              |  select  |      0|  0|  13|           1|          13|
    |p_s_fu_119_p3              |  select  |      0|  0|  13|           1|          13|
    |ap_enable_pp0              |    xor   |      0|  0|   2|           1|           2|
    +---------------------------+----------+-------+---+----+------------+------------+
    |Total                      |          |      0|  0| 132|          39|          72|
    +---------------------------+----------+-------+---+----+------------+------------+

    * Multiplexer: 
    N/A

    * Register: 
    +-------------------------+----+----+-----+-----------+
    |           Name          | FF | LUT| Bits| Const Bits|
    +-------------------------+----+----+-----+-----------+
    |ap_CS_fsm                |   1|   0|    1|          0|
    |ap_enable_reg_pp0_iter1  |   1|   0|    1|          0|
    |ap_enable_reg_pp0_iter2  |   1|   0|    1|          0|
    |index_1_reg_199          |  10|   0|   10|          0|
    +-------------------------+----+----+-----+-----------+
    |Total                    |  13|   0|   13|          0|
    +-------------------------+----+----+-----+-----------+



================================================================
== Interface
================================================================
* Summary: 
+-------------+-----+-----+------------+------------------------------------------------------------------------------+--------------+
|  RTL Ports  | Dir | Bits|  Protocol  |                                 Source Object                                |    C Type    |
+-------------+-----+-----+------------+------------------------------------------------------------------------------+--------------+
|ap_clk       |  in |    1| ap_ctrl_hs | sigmoid<ap_fixed<16, 6, 5, 3, 0>, ap_fixed<16, 6, 5, 3, 0>, sigmoid_config7> | return value |
|ap_rst       |  in |    1| ap_ctrl_hs | sigmoid<ap_fixed<16, 6, 5, 3, 0>, ap_fixed<16, 6, 5, 3, 0>, sigmoid_config7> | return value |
|ap_start     |  in |    1| ap_ctrl_hs | sigmoid<ap_fixed<16, 6, 5, 3, 0>, ap_fixed<16, 6, 5, 3, 0>, sigmoid_config7> | return value |
|ap_done      | out |    1| ap_ctrl_hs | sigmoid<ap_fixed<16, 6, 5, 3, 0>, ap_fixed<16, 6, 5, 3, 0>, sigmoid_config7> | return value |
|ap_idle      | out |    1| ap_ctrl_hs | sigmoid<ap_fixed<16, 6, 5, 3, 0>, ap_fixed<16, 6, 5, 3, 0>, sigmoid_config7> | return value |
|ap_ready     | out |    1| ap_ctrl_hs | sigmoid<ap_fixed<16, 6, 5, 3, 0>, ap_fixed<16, 6, 5, 3, 0>, sigmoid_config7> | return value |
|ap_return    | out |   10| ap_ctrl_hs | sigmoid<ap_fixed<16, 6, 5, 3, 0>, ap_fixed<16, 6, 5, 3, 0>, sigmoid_config7> | return value |
|data_V_read  |  in |   16|   ap_none  |                                  data_V_read                                 |    scalar    |
+-------------+-----+-----+------------+------------------------------------------------------------------------------+--------------+

