#-----------------------------------------------------------
# xsim v2018.2 (64-bit)
# SW Build 2258646 on Thu Jun 14 20:03:12 MDT 2018
# IP Build 2256618 on Thu Jun 14 22:10:49 MDT 2018
# Start of session at: Tue Apr 23 20:55:56 2024
# Process ID: 37688
# Current directory: C:/Users/boto7/AppData/Roaming/Xilinx/Vivado/Webmodel_final/solution1/sim/vhdl
# Command line: xsim.exe -mode tcl -source {xsim.dir/WebModel/xsim_script.tcl}
# Log file: C:/Users/boto7/AppData/Roaming/Xilinx/Vivado/Webmodel_final/solution1/sim/vhdl/xsim.log
# Journal file: C:/Users/boto7/AppData/Roaming/Xilinx/Vivado/Webmodel_final/solution1/sim/vhdl\xsim.jou
#-----------------------------------------------------------
source xsim.dir/WebModel/xsim_script.tcl
# xsim {WebModel} -autoloadwcfg -tclbatch {WebModel.tcl}
Vivado Simulator 2018.2
Time resolution is 1 ps
source WebModel.tcl
## run all
Note: 
******************************************************
  renorm_and_round_logic.vhd :
    FULL_MANT_RND1_DEL is using fast_input
    which will be faster, but create more FFs.
******************************************************
Time: 0 ps  Iteration: 0
Note: 
******************************************************
  renorm_and_round_logic.vhd :
    FULL_MANT_RND1_DEL is using fast_input
    which will be faster, but create more FFs.
******************************************************
Time: 0 ps  Iteration: 0
Note: simulation done!
Time: 17954375 ns  Iteration: 1  Process: /apatb_WebModel_top/generate_sim_done_proc  File: C:/Users/boto7/AppData/Roaming/Xilinx/Vivado/Webmodel_final/solution1/sim/vhdl/WebModel.autotb.vhd
Failure: NORMAL EXIT (note: failure is to force the simulator to stop)
Time: 17954375 ns  Iteration: 1  Process: /apatb_WebModel_top/generate_sim_done_proc  File: C:/Users/boto7/AppData/Roaming/Xilinx/Vivado/Webmodel_final/solution1/sim/vhdl/WebModel.autotb.vhd
$finish called at time : 17954375 ns
run: Time (s): cpu = 00:00:00 ; elapsed = 00:32:32 . Memory (MB): peak = 212.203 ; gain = 0.000
## quit
INFO: [Common 17-206] Exiting xsim at Tue Apr 23 21:28:35 2024...
