

================================================================
== Vivado HLS Report for 'k2c_dense_1'
================================================================
* Date:           Mon Apr 22 22:21:29 2024

* Version:        2018.2 (Build 2258646 on Thu Jun 14 20:25:20 MDT 2018)
* Project:        WEB_MODEL_2
* Solution:       solution2
* Product family: artix7
* Target device:  xc7a200tsbv484-2


================================================================
== Performance Estimates
================================================================
+ Timing (ns): 
    * Summary: 
    +--------+-------+----------+------------+
    |  Clock | Target| Estimated| Uncertainty|
    +--------+-------+----------+------------+
    |ap_clk  |  10.00|     9.738|        1.25|
    +--------+-------+----------+------------+

+ Latency (clock cycles): 
    * Summary: 
    +-----+-----+-----+-----+---------+
    |  Latency  |  Interval | Pipeline|
    | min | max | min | max |   Type  |
    +-----+-----+-----+-----+---------+
    |    ?|    ?|    ?|    ?|   none  |
    +-----+-----+-----+-----+---------+

    + Detail: 
        * Instance: 
        +------------------------------+-------------------+-----+-----+-----+-----+---------+
        |                              |                   |  Latency  |  Interval | Pipeline|
        |           Instance           |       Module      | min | max | min | max |   Type  |
        +------------------------------+-------------------+-----+-----+-----+-----+---------+
        |grp_k2c_dot_1_fu_186          |k2c_dot_1          |    ?|    ?|    ?|    ?|   none  |
        |grp_k2c_affine_matmul_fu_211  |k2c_affine_matmul  |    ?|    ?|    ?|    ?|   none  |
        |grp_k2c_relu_func_fu_227      |k2c_relu_func      |    ?|    ?|    ?|    ?|   none  |
        +------------------------------+-------------------+-----+-----+-----+-----+---------+

        * Loop: 
        +-------------+-----+-----+----------+-----------+-----------+------+----------+
        |             |  Latency  | Iteration|  Initiation Interval  | Trip |          |
        |  Loop Name  | min | max |  Latency |  achieved |   target  | Count| Pipelined|
        +-------------+-----+-----+----------+-----------+-----------+------+----------+
        |- Loop 1     |    ?|    ?|         ?|          -|          -|     ?|    no    |
        | + Loop 1.1  |    ?|    ?|         7|          6|          1|     ?|    yes   |
        +-------------+-----+-----+----------+-----------+-----------+------+----------+



================================================================
== Utilization Estimates
================================================================
* Summary: 
+-----------------+---------+-------+--------+--------+
|       Name      | BRAM_18K| DSP48E|   FF   |   LUT  |
+-----------------+---------+-------+--------+--------+
|DSP              |        -|      -|       -|       -|
|Expression       |        -|      -|       0|     422|
|FIFO             |        -|      -|       -|       -|
|Instance         |       16|    132|   14542|   10755|
|Memory           |        -|      -|       -|       -|
|Multiplexer      |        -|      -|       -|     406|
|Register         |        -|      -|     599|       -|
+-----------------+---------+-------+--------+--------+
|Total            |       16|    132|   15141|   11583|
+-----------------+---------+-------+--------+--------+
|Available        |      730|    740|  269200|  129000|
+-----------------+---------+-------+--------+--------+
|Utilization (%)  |        2|     17|       5|       8|
+-----------------+---------+-------+--------+--------+

+ Detail: 
    * Instance: 
    +------------------------------+----------------------+---------+-------+-------+------+
    |           Instance           |        Module        | BRAM_18K| DSP48E|   FF  |  LUT |
    +------------------------------+----------------------+---------+-------+-------+------+
    |WebModel_fadd_32ncud_U112     |WebModel_fadd_32ncud  |        0|      2|    205|   203|
    |WebModel_mul_64s_bkb_U113     |WebModel_mul_64s_bkb  |        0|     16|    361|   195|
    |grp_k2c_affine_matmul_fu_211  |k2c_affine_matmul     |        0|     40|   2278|  1620|
    |grp_k2c_dot_1_fu_186          |k2c_dot_1             |       16|     74|  11482|  8486|
    |grp_k2c_relu_func_fu_227      |k2c_relu_func         |        0|      0|    216|   251|
    +------------------------------+----------------------+---------+-------+-------+------+
    |Total                         |                      |       16|    132|  14542| 10755|
    +------------------------------+----------------------+---------+-------+-------+------+

    * DSP48: 
    N/A

    * Memory: 
    N/A

    * FIFO: 
    N/A

    * Expression: 
    +----------------------------------+----------+-------+---+----+------------+------------+
    |           Variable Name          | Operation| DSP48E| FF| LUT| Bitwidth P0| Bitwidth P1|
    +----------------------------------+----------+-------+---+----+------------+------------+
    |i_fu_303_p2                       |     +    |      0|  0|  71|          64|          64|
    |j_fu_283_p2                       |     +    |      0|  0|  71|          64|           1|
    |tmp_2_fu_246_p2                   |     +    |      0|  0|  71|          64|           2|
    |tmp_i_26_fu_293_p2                |     +    |      0|  0|  23|          16|          16|
    |ap_block_state17_on_subcall_done  |    and   |      0|  0|   2|           1|           1|
    |exitcond_i_fu_278_p2              |   icmp   |      0|  0|  29|          64|          64|
    |icmp_fu_263_p2                    |   icmp   |      0|  0|  29|          63|           1|
    |tmp_fu_240_p2                     |   icmp   |      0|  0|  29|          64|           2|
    |tmp_i_fu_269_p2                   |   icmp   |      0|  0|  29|          64|          64|
    |outrows1_fu_308_p3                |  select  |      0|  0|  64|           1|          64|
    |ap_enable_pp0                     |    xor   |      0|  0|   2|           1|           2|
    |ap_enable_reg_pp0_iter1           |    xor   |      0|  0|   2|           2|           1|
    +----------------------------------+----------+-------+---+----+------------+------------+
    |Total                             |          |      0|  0| 422|         468|         282|
    +----------------------------------+----------+-------+---+----+------------+------------+

    * Multiplexer: 
    +-------------------------------+----+-----------+-----+-----------+
    |              Name             | LUT| Input Size| Bits| Total Bits|
    +-------------------------------+----+-----------+-----+-----------+
    |ap_NS_fsm                      |  85|         17|    1|         17|
    |ap_enable_reg_pp0_iter1        |  15|          3|    1|          3|
    |ap_phi_mux_j_i_phi_fu_178_p4   |   9|          2|   64|        128|
    |bias_array_address0            |  15|          3|   15|         45|
    |bias_array_ce0                 |  15|          3|    1|          3|
    |grp_k2c_relu_func_fu_227_size  |  15|          3|   64|        192|
    |i_i_reg_162                    |   9|          2|   64|        128|
    |input_array_address0           |  15|          3|   15|         45|
    |input_array_ce0                |  15|          3|    1|          3|
    |input_shape_address0           |  15|          3|    3|          9|
    |input_shape_ce0                |  15|          3|    1|          3|
    |j_i_reg_174                    |   9|          2|   64|        128|
    |kernel_array_address0          |  15|          3|   15|         45|
    |kernel_array_ce0               |  15|          3|    1|          3|
    |kernel_shape_address0          |  21|          4|    3|         12|
    |kernel_shape_ce0               |  15|          3|    1|          3|
    |output_array_address0          |  27|          5|   15|         75|
    |output_array_ce0               |  27|          5|    1|          5|
    |output_array_d0                |  27|          5|   32|        160|
    |output_array_we0               |  27|          5|    1|          5|
    +-------------------------------+----+-----------+-----+-----------+
    |Total                          | 406|         80|  363|       1012|
    +-------------------------------+----+-----------+-----+-----------+

    * Register: 
    +-------------------------------------------+----+----+-----+-----------+
    |                    Name                   | FF | LUT| Bits| Const Bits|
    +-------------------------------------------+----+----+-----+-----------+
    |ap_CS_fsm                                  |  16|   0|   16|          0|
    |ap_enable_reg_pp0_iter0                    |   1|   0|    1|          0|
    |ap_enable_reg_pp0_iter1                    |   1|   0|    1|          0|
    |bias_array_load_reg_403                    |  32|   0|   32|          0|
    |exitcond_i_reg_384                         |   1|   0|    1|          0|
    |grp_k2c_affine_matmul_fu_211_ap_start_reg  |   1|   0|    1|          0|
    |grp_k2c_dot_1_fu_186_ap_start_reg          |   1|   0|    1|          0|
    |grp_k2c_relu_func_fu_227_ap_start_reg      |   1|   0|    1|          0|
    |i_i_reg_162                                |  64|   0|   64|          0|
    |icmp_reg_360                               |   1|   0|    1|          0|
    |innerdim_reg_435                           |  64|   0|   64|          0|
    |j_i_reg_174                                |  64|   0|   64|          0|
    |j_reg_388                                  |  64|   0|   64|          0|
    |outcols_reg_424                            |  64|   0|   64|          0|
    |output_array_addr_reg_398                  |  15|   0|   15|          0|
    |outrows1_reg_418                           |  64|   0|   64|          0|
    |outsize_reg_440                            |  64|   0|   64|          0|
    |tmp_2_reg_355                              |  64|   0|   64|          0|
    |tmp_60_reg_379                             |  16|   0|   16|          0|
    |tmp_reg_351                                |   1|   0|    1|          0|
    +-------------------------------------------+----+----+-----+-----------+
    |Total                                      | 599|   0|  599|          0|
    +-------------------------------------------+----+----+-----+-----------+



================================================================
== Interface
================================================================
* Summary: 
+-----------------------+-----+-----+------------+-------------------+--------------+
|       RTL Ports       | Dir | Bits|  Protocol  |   Source Object   |    C Type    |
+-----------------------+-----+-----+------------+-------------------+--------------+
|ap_clk                 |  in |    1| ap_ctrl_hs |    k2c_dense.1    | return value |
|ap_rst                 |  in |    1| ap_ctrl_hs |    k2c_dense.1    | return value |
|ap_start               |  in |    1| ap_ctrl_hs |    k2c_dense.1    | return value |
|ap_done                | out |    1| ap_ctrl_hs |    k2c_dense.1    | return value |
|ap_idle                | out |    1| ap_ctrl_hs |    k2c_dense.1    | return value |
|ap_ready               | out |    1| ap_ctrl_hs |    k2c_dense.1    | return value |
|output_array_address0  | out |   15|  ap_memory |    output_array   |     array    |
|output_array_ce0       | out |    1|  ap_memory |    output_array   |     array    |
|output_array_we0       | out |    1|  ap_memory |    output_array   |     array    |
|output_array_d0        | out |   32|  ap_memory |    output_array   |     array    |
|output_array_q0        |  in |   32|  ap_memory |    output_array   |     array    |
|output_numel_read      |  in |   64|   ap_none  | output_numel_read |    scalar    |
|input_array_address0   | out |   15|  ap_memory |    input_array    |     array    |
|input_array_ce0        | out |    1|  ap_memory |    input_array    |     array    |
|input_array_q0         |  in |   32|  ap_memory |    input_array    |     array    |
|input_ndim_read        |  in |   64|   ap_none  |  input_ndim_read  |    scalar    |
|input_numel_read       |  in |   64|   ap_none  |  input_numel_read |    scalar    |
|input_shape_address0   | out |    3|  ap_memory |    input_shape    |     array    |
|input_shape_ce0        | out |    1|  ap_memory |    input_shape    |     array    |
|input_shape_q0         |  in |   64|  ap_memory |    input_shape    |     array    |
|kernel_array_address0  | out |   15|  ap_memory |    kernel_array   |     array    |
|kernel_array_ce0       | out |    1|  ap_memory |    kernel_array   |     array    |
|kernel_array_q0        |  in |   32|  ap_memory |    kernel_array   |     array    |
|kernel_ndim_read       |  in |   64|   ap_none  |  kernel_ndim_read |    scalar    |
|kernel_numel_read      |  in |   64|   ap_none  | kernel_numel_read |    scalar    |
|kernel_shape_address0  | out |    3|  ap_memory |    kernel_shape   |     array    |
|kernel_shape_ce0       | out |    1|  ap_memory |    kernel_shape   |     array    |
|kernel_shape_q0        |  in |   64|  ap_memory |    kernel_shape   |     array    |
|bias_array_address0    | out |   15|  ap_memory |     bias_array    |     array    |
|bias_array_ce0         | out |    1|  ap_memory |     bias_array    |     array    |
|bias_array_q0          |  in |   32|  ap_memory |     bias_array    |     array    |
|bias_numel_read        |  in |   64|   ap_none  |  bias_numel_read  |    scalar    |
+-----------------------+-----+-----+------------+-------------------+--------------+

