

================================================================
== Vivado HLS Report for 'k2c_dense'
================================================================
* Date:           Mon Apr 22 22:21:31 2024

* Version:        2018.2 (Build 2258646 on Thu Jun 14 20:25:20 MDT 2018)
* Project:        WEB_MODEL_2
* Solution:       solution2
* Product family: artix7
* Target device:  xc7a200tsbv484-2


================================================================
== Performance Estimates
================================================================
+ Timing (ns): 
    * Summary: 
    +--------+-------+----------+------------+
    |  Clock | Target| Estimated| Uncertainty|
    +--------+-------+----------+------------+
    |ap_clk  |  10.00|    10.192|        1.25|
    +--------+-------+----------+------------+

+ Latency (clock cycles): 
    * Summary: 
    +-----+-----+-----+-----+---------+
    |  Latency  |  Interval | Pipeline|
    | min | max | min | max |   Type  |
    +-----+-----+-----+-----+---------+
    |    ?|    ?|    ?|    ?|   none  |
    +-----+-----+-----+-----+---------+

    + Detail: 
        * Instance: 
        +------------------------------+-------------------+-----+-----+-----+-----+---------+
        |                              |                   |  Latency  |  Interval | Pipeline|
        |           Instance           |       Module      | min | max | min | max |   Type  |
        +------------------------------+-------------------+-----+-----+-----+-----+---------+
        |grp_k2c_dot_2_fu_232          |k2c_dot_2          |    ?|    ?|    ?|    ?|   none  |
        |grp_k2c_affine_matmul_fu_257  |k2c_affine_matmul  |    ?|    ?|    ?|    ?|   none  |
        +------------------------------+-------------------+-----+-----+-----+-----+---------+

        * Loop: 
        +-------------+-----+-----+----------+-----------+-----------+------+----------+
        |             |  Latency  | Iteration|  Initiation Interval  | Trip |          |
        |  Loop Name  | min | max |  Latency |  achieved |   target  | Count| Pipelined|
        +-------------+-----+-----+----------+-----------+-----------+------+----------+
        |- Loop 1     |    ?|    ?|        28|          -|          -|     ?|    no    |
        |- Loop 2     |    ?|    ?|         ?|          -|          -|     ?|    no    |
        | + Loop 2.1  |    ?|    ?|         7|          6|          1|     ?|    yes   |
        |- Loop 3     |    ?|    ?|        28|          -|          -|     ?|    no    |
        +-------------+-----+-----+----------+-----------+-----------+------+----------+



================================================================
== Utilization Estimates
================================================================
* Summary: 
+-----------------+---------+-------+--------+--------+
|       Name      | BRAM_18K| DSP48E|   FF   |   LUT  |
+-----------------+---------+-------+--------+--------+
|DSP              |        -|      -|       -|       -|
|Expression       |        -|      -|       0|     588|
|FIFO             |        -|      -|       -|       -|
|Instance         |        2|    139|   15164|   12181|
|Memory           |        -|      -|       -|       -|
|Multiplexer      |        -|      -|       -|     684|
|Register         |        -|      -|     869|       -|
+-----------------+---------+-------+--------+--------+
|Total            |        2|    139|   16033|   13453|
+-----------------+---------+-------+--------+--------+
|Available        |      730|    740|  269200|  129000|
+-----------------+---------+-------+--------+--------+
|Utilization (%)  |    ~0   |     18|       5|      10|
+-----------------+---------+-------+--------+--------+

+ Detail: 
    * Instance: 
    +------------------------------+----------------------+---------+-------+-------+------+
    |           Instance           |        Module        | BRAM_18K| DSP48E|   FF  |  LUT |
    +------------------------------+----------------------+---------+-------+-------+------+
    |WebModel_fadd_32ncud_U161     |WebModel_fadd_32ncud  |        0|      2|    205|   203|
    |WebModel_fdiv_32nudo_U162     |WebModel_fdiv_32nudo  |        0|      0|    564|   798|
    |WebModel_fexp_32nvdy_U163     |WebModel_fexp_32nvdy  |        0|      7|    324|   904|
    |WebModel_mul_64s_bkb_U164     |WebModel_mul_64s_bkb  |        0|     16|    361|   195|
    |grp_k2c_affine_matmul_fu_257  |k2c_affine_matmul     |        0|     40|   2278|  1620|
    |grp_k2c_dot_2_fu_232          |k2c_dot_2             |        2|     74|  11432|  8461|
    +------------------------------+----------------------+---------+-------+-------+------+
    |Total                         |                      |        2|    139|  15164| 12181|
    +------------------------------+----------------------+---------+-------+-------+------+

    * DSP48: 
    N/A

    * Memory: 
    N/A

    * FIFO: 
    N/A

    * Expression: 
    +-------------------------+----------+-------+---+----+------------+------------+
    |      Variable Name      | Operation| DSP48E| FF| LUT| Bitwidth P0| Bitwidth P1|
    +-------------------------+----------+-------+---+----+------------+------------+
    |i_25_fu_373_p2           |     +    |      0|  0|  71|          64|          64|
    |i_52_fu_388_p2           |     +    |      0|  0|  22|          15|           1|
    |i_fu_430_p2              |     +    |      0|  0|  22|          15|           1|
    |j_fu_353_p2              |     +    |      0|  0|  71|          64|           1|
    |tmp_3_fu_316_p2          |     +    |      0|  0|  71|          64|           2|
    |tmp_i_27_fu_363_p2       |     +    |      0|  0|  23|          16|          16|
    |exitcond_i3_fu_348_p2    |   icmp   |      0|  0|  29|          64|          64|
    |exitcond_i6_fu_383_p2    |   icmp   |      0|  0|  29|          64|          64|
    |exitcond_i_fu_425_p2     |   icmp   |      0|  0|  29|          64|          64|
    |icmp_fu_333_p2           |   icmp   |      0|  0|  29|          63|           1|
    |tmp_fu_310_p2            |   icmp   |      0|  0|  29|          64|           2|
    |tmp_i2_fu_339_p2         |   icmp   |      0|  0|  29|          64|          64|
    |outrows1_fu_409_p3       |  select  |      0|  0|  64|           1|          64|
    |ap_enable_pp0            |    xor   |      0|  0|   2|           1|           2|
    |ap_enable_reg_pp0_iter1  |    xor   |      0|  0|   2|           2|           1|
    |tmp_neg_i1_fu_398_p2     |    xor   |      0|  0|  33|          32|          33|
    |tmp_neg_i_fu_440_p2      |    xor   |      0|  0|  33|          32|          33|
    +-------------------------+----------+-------+---+----+------------+------------+
    |Total                    |          |      0|  0| 588|         689|         477|
    +-------------------------+----------+-------+---+----+------------+------------+

    * Multiplexer: 
    +------------------------------+-----+-----------+-----+-----------+
    |             Name             | LUT | Input Size| Bits| Total Bits|
    +------------------------------+-----+-----------+-----+-----------+
    |ap_NS_fsm                     |  313|         70|    1|         70|
    |ap_enable_reg_pp0_iter1       |   15|          3|    1|          3|
    |ap_phi_mux_j_i_phi_fu_202_p4  |    9|          2|   64|        128|
    |bias_array_address0           |   15|          3|   15|         45|
    |bias_array_ce0                |   15|          3|    1|          3|
    |grp_fu_273_p0                 |   15|          3|   32|         96|
    |grp_fu_273_p1                 |   15|          3|   32|         96|
    |grp_fu_285_p1                 |   15|          3|   32|         96|
    |i_i1_reg_186                  |    9|          2|   64|        128|
    |i_i5_reg_210                  |    9|          2|   15|         30|
    |i_i_reg_221                   |    9|          2|   15|         30|
    |input_array_address0          |   15|          3|   15|         45|
    |input_array_ce0               |   15|          3|    1|          3|
    |input_shape_address0          |   15|          3|    3|          9|
    |input_shape_ce0               |   15|          3|    1|          3|
    |j_i_reg_198                   |    9|          2|   64|        128|
    |kernel_array_address0         |   15|          3|   15|         45|
    |kernel_array_ce0              |   15|          3|    1|          3|
    |kernel_shape_address0         |   21|          4|    3|         12|
    |kernel_shape_ce0              |   15|          3|    1|          3|
    |output_array_address0         |   41|          8|   15|        120|
    |output_array_ce0              |   21|          4|    1|          4|
    |output_array_d0               |   27|          5|   32|        160|
    |output_array_we0              |   21|          4|    1|          4|
    +------------------------------+-----+-----------+-----+-----------+
    |Total                         |  684|        144|  425|       1264|
    +------------------------------+-----+-----------+-----+-----------+

    * Register: 
    +-------------------------------------------+----+----+-----+-----------+
    |                    Name                   | FF | LUT| Bits| Const Bits|
    +-------------------------------------------+----+----+-----+-----------+
    |ap_CS_fsm                                  |  69|   0|   69|          0|
    |ap_enable_reg_pp0_iter0                    |   1|   0|    1|          0|
    |ap_enable_reg_pp0_iter1                    |   1|   0|    1|          0|
    |bias_array_load_reg_535                    |  32|   0|   32|          0|
    |exitcond_i3_reg_516                        |   1|   0|    1|          0|
    |grp_k2c_affine_matmul_fu_257_ap_start_reg  |   1|   0|    1|          0|
    |grp_k2c_dot_2_fu_232_ap_start_reg          |   1|   0|    1|          0|
    |i_52_reg_548                               |  15|   0|   15|          0|
    |i_i1_reg_186                               |  64|   0|   64|          0|
    |i_i5_reg_210                               |  15|   0|   15|          0|
    |i_i_reg_221                                |  15|   0|   15|          0|
    |i_reg_593                                  |  15|   0|   15|          0|
    |icmp_reg_492                               |   1|   0|    1|          0|
    |innerdim_reg_580                           |  64|   0|   64|          0|
    |j_i_reg_198                                |  64|   0|   64|          0|
    |j_reg_520                                  |  64|   0|   64|          0|
    |outcols_reg_569                            |  64|   0|   64|          0|
    |output_array_addr_1_reg_530                |  15|   0|   15|          0|
    |output_array_addr_2_reg_553                |  15|   0|   15|          0|
    |output_array_addr_reg_598                  |  15|   0|   15|          0|
    |outrows1_reg_563                           |  64|   0|   64|          0|
    |outsize_reg_585                            |  64|   0|   64|          0|
    |reg_290                                    |  32|   0|   32|          0|
    |reg_295                                    |  32|   0|   32|          0|
    |reg_300                                    |  32|   0|   32|          0|
    |reg_305                                    |  32|   0|   32|          0|
    |tmp_3_reg_487                              |  64|   0|   64|          0|
    |tmp_63_reg_511                             |  16|   0|   16|          0|
    |tmp_reg_483                                |   1|   0|    1|          0|
    +-------------------------------------------+----+----+-----+-----------+
    |Total                                      | 869|   0|  869|          0|
    +-------------------------------------------+----+----+-----+-----------+



================================================================
== Interface
================================================================
* Summary: 
+-----------------------+-----+-----+------------+-------------------+--------------+
|       RTL Ports       | Dir | Bits|  Protocol  |   Source Object   |    C Type    |
+-----------------------+-----+-----+------------+-------------------+--------------+
|ap_clk                 |  in |    1| ap_ctrl_hs |     k2c_dense     | return value |
|ap_rst                 |  in |    1| ap_ctrl_hs |     k2c_dense     | return value |
|ap_start               |  in |    1| ap_ctrl_hs |     k2c_dense     | return value |
|ap_done                | out |    1| ap_ctrl_hs |     k2c_dense     | return value |
|ap_idle                | out |    1| ap_ctrl_hs |     k2c_dense     | return value |
|ap_ready               | out |    1| ap_ctrl_hs |     k2c_dense     | return value |
|output_array_address0  | out |   15|  ap_memory |    output_array   |     array    |
|output_array_ce0       | out |    1|  ap_memory |    output_array   |     array    |
|output_array_we0       | out |    1|  ap_memory |    output_array   |     array    |
|output_array_d0        | out |   32|  ap_memory |    output_array   |     array    |
|output_array_q0        |  in |   32|  ap_memory |    output_array   |     array    |
|output_numel_read      |  in |   64|   ap_none  | output_numel_read |    scalar    |
|input_array_address0   | out |   15|  ap_memory |    input_array    |     array    |
|input_array_ce0        | out |    1|  ap_memory |    input_array    |     array    |
|input_array_q0         |  in |   32|  ap_memory |    input_array    |     array    |
|input_ndim_read        |  in |   64|   ap_none  |  input_ndim_read  |    scalar    |
|input_numel_read       |  in |   64|   ap_none  |  input_numel_read |    scalar    |
|input_shape_address0   | out |    3|  ap_memory |    input_shape    |     array    |
|input_shape_ce0        | out |    1|  ap_memory |    input_shape    |     array    |
|input_shape_q0         |  in |   64|  ap_memory |    input_shape    |     array    |
|kernel_array_address0  | out |   15|  ap_memory |    kernel_array   |     array    |
|kernel_array_ce0       | out |    1|  ap_memory |    kernel_array   |     array    |
|kernel_array_q0        |  in |   32|  ap_memory |    kernel_array   |     array    |
|kernel_ndim_read       |  in |   64|   ap_none  |  kernel_ndim_read |    scalar    |
|kernel_numel_read      |  in |   64|   ap_none  | kernel_numel_read |    scalar    |
|kernel_shape_address0  | out |    3|  ap_memory |    kernel_shape   |     array    |
|kernel_shape_ce0       | out |    1|  ap_memory |    kernel_shape   |     array    |
|kernel_shape_q0        |  in |   64|  ap_memory |    kernel_shape   |     array    |
|bias_array_address0    | out |   15|  ap_memory |     bias_array    |     array    |
|bias_array_ce0         | out |    1|  ap_memory |     bias_array    |     array    |
|bias_array_q0          |  in |   32|  ap_memory |     bias_array    |     array    |
|bias_numel_read        |  in |   64|   ap_none  |  bias_numel_read  |    scalar    |
+-----------------------+-----+-----+------------+-------------------+--------------+

