

================================================================
== Vivado HLS Report for 'k2c_dot_2'
================================================================
* Date:           Mon Apr 22 22:21:30 2024

* Version:        2018.2 (Build 2258646 on Thu Jun 14 20:25:20 MDT 2018)
* Project:        WEB_MODEL_2
* Solution:       solution2
* Product family: artix7
* Target device:  xc7a200tsbv484-2


================================================================
== Performance Estimates
================================================================
+ Timing (ns): 
    * Summary: 
    +--------+-------+----------+------------+
    |  Clock | Target| Estimated| Uncertainty|
    +--------+-------+----------+------------+
    |ap_clk  |  10.00|    10.192|        1.25|
    +--------+-------+----------+------------+

+ Latency (clock cycles): 
    * Summary: 
    +-----+-----+-----+-----+---------+
    |  Latency  |  Interval | Pipeline|
    | min | max | min | max |   Type  |
    +-----+-----+-----+-----+---------+
    |    ?|    ?|    ?|    ?|   none  |
    +-----+-----+-----+-----+---------+

    + Detail: 
        * Instance: 
        +-------------------------+--------------+-----+-----+-----+-----+---------+
        |                         |              |  Latency  |  Interval | Pipeline|
        |         Instance        |    Module    | min | max | min | max |   Type  |
        +-------------------------+--------------+-----+-----+-----+-----+---------+
        |grp_k2c_matmul_2_fu_595  |k2c_matmul_2  |    ?|    ?|    ?|    ?|   none  |
        |grp_k2c_sub2idx_fu_607   |k2c_sub2idx   |    ?|    ?|    ?|    ?|   none  |
        +-------------------------+--------------+-----+-----+-----+-----+---------+

        * Loop: 
        +-------------+-----+-----+----------+-----------+-----------+------+----------+
        |             |  Latency  | Iteration|  Initiation Interval  | Trip |          |
        |  Loop Name  | min | max |  Latency |  achieved |   target  | Count| Pipelined|
        +-------------+-----+-----+----------+-----------+-----------+------+----------+
        |- Loop 1     |    ?|    ?|         1|          -|          -|     ?|    no    |
        |- Loop 2     |    ?|    ?|         1|          -|          -|     ?|    no    |
        |- Loop 3     |    ?|    ?|         2|          -|          -|     ?|    no    |
        |- Loop 4     |    ?|    ?|         1|          -|          -|     ?|    no    |
        |- Loop 5     |    ?|    ?|         2|          -|          -|     ?|    no    |
        |- Loop 6     |    ?|    ?|         3|          -|          -|     ?|    no    |
        |- Loop 7     |    ?|    ?|         3|          -|          -|     ?|    no    |
        |- Loop 8     |    ?|    ?|         ?|          -|          -|     ?|    no    |
        | + Loop 8.1  |    ?|    ?|        69|          -|          -|     ?|    no    |
        | + Loop 8.2  |    ?|    ?|         3|          -|          -|     ?|    no    |
        |- Loop 9     |    ?|    ?|         ?|          -|          -|     ?|    no    |
        | + Loop 9.1  |    ?|    ?|        69|          -|          -|     ?|    no    |
        | + Loop 9.2  |    ?|    ?|         3|          -|          -|     ?|    no    |
        +-------------+-----+-----+----------+-----------+-----------+------+----------+



================================================================
== Utilization Estimates
================================================================
* Summary: 
+-----------------+---------+-------+--------+--------+
|       Name      | BRAM_18K| DSP48E|   FF   |   LUT  |
+-----------------+---------+-------+--------+--------+
|DSP              |        -|      -|       -|       -|
|Expression       |        -|      -|       0|    1135|
|FIFO             |        -|      -|       -|       -|
|Instance         |        -|     74|    8826|    5696|
|Memory           |        2|      -|    1024|      40|
|Multiplexer      |        -|      -|       -|    1590|
|Register         |        -|      -|    1582|       -|
+-----------------+---------+-------+--------+--------+
|Total            |        2|     74|   11432|    8461|
+-----------------+---------+-------+--------+--------+
|Available        |      730|    740|  269200|  129000|
+-----------------+---------+-------+--------+--------+
|Utilization (%)  |    ~0   |     10|       4|       6|
+-----------------+---------+-------+--------+--------+

+ Detail: 
    * Instance: 
    +---------------------------+----------------------+---------+-------+------+------+
    |          Instance         |        Module        | BRAM_18K| DSP48E|  FF  |  LUT |
    +---------------------------+----------------------+---------+-------+------+------+
    |WebModel_udiv_64nkbM_U144  |WebModel_udiv_64nkbM  |        0|      0|   779|   469|
    |WebModel_udiv_64nkbM_U145  |WebModel_udiv_64nkbM  |        0|      0|   779|   469|
    |WebModel_udiv_64nkbM_U147  |WebModel_udiv_64nkbM  |        0|      0|   779|   469|
    |WebModel_udiv_64nkbM_U149  |WebModel_udiv_64nkbM  |        0|      0|   779|   469|
    |WebModel_urem_64nmb6_U146  |WebModel_urem_64nmb6  |        0|      0|   779|   469|
    |WebModel_urem_64nmb6_U148  |WebModel_urem_64nmb6  |        0|      0|   779|   469|
    |grp_k2c_matmul_2_fu_595    |k2c_matmul_2          |        0|     58|  3387|  2409|
    |grp_k2c_sub2idx_fu_607     |k2c_sub2idx           |        0|     16|   765|   473|
    +---------------------------+----------------------+---------+-------+------+------+
    |Total                      |                      |        0|     74|  8826|  5696|
    +---------------------------+----------------------+---------+-------+------+------+

    * DSP48: 
    N/A

    * Memory: 
    +------------------+----------------------+---------+-----+----+------+-----+------+-------------+
    |      Memory      |        Module        | BRAM_18K|  FF | LUT| Words| Bits| Banks| W*Bits*Banks|
    +------------------+----------------------+---------+-----+----+------+-----+------+-------------+
    |dense_71_fwork_U  |k2c_dot_2_dense_7tde  |        2|    0|   0|   128|   32|     1|         4096|
    |permA_U           |k2c_dot_permA         |        0|  128|   5|     5|   64|     1|          320|
    |permB_U           |k2c_dot_permA         |        0|  128|   5|     5|   64|     1|          320|
    |freeA_U           |k2c_dot_permA         |        0|  128|   5|     5|   64|     1|          320|
    |freeB_U           |k2c_dot_permA         |        0|  128|   5|     5|   64|     1|          320|
    |newshpA_U         |k2c_dot_permA         |        0|  128|   5|     5|   64|     1|          320|
    |newshpB_U         |k2c_dot_permA         |        0|  128|   5|     5|   64|     1|          320|
    |Asub_U            |k2c_dot_permA         |        0|  128|   5|     5|   64|     1|          320|
    |Bsub_U            |k2c_dot_permA         |        0|  128|   5|     5|   64|     1|          320|
    +------------------+----------------------+---------+-----+----+------+-----+------+-------------+
    |Total             |                      |        2| 1024|  40|   168|  544|     9|         6656|
    +------------------+----------------------+---------+-----+----+------+-----+------+-------------+

    * FIFO: 
    N/A

    * Expression: 
    +---------------------+----------+-------+---+----+------------+------------+
    |    Variable Name    | Operation| DSP48E| FF| LUT| Bitwidth P0| Bitwidth P1|
    +---------------------+----------+-------+---+----+------------+------------+
    |count_2_fu_644_p2    |     +    |      0|  0|  71|          64|           1|
    |count_3_fu_681_p2    |     +    |      0|  0|  71|          64|           1|
    |i_10_fu_665_p2       |     +    |      0|  0|  71|          64|           1|
    |i_11_fu_742_p2       |     +    |      0|  0|  12|           3|           1|
    |i_12_fu_763_p2       |     +    |      0|  0|  12|           3|           1|
    |i_13_fu_779_p2       |     +    |      0|  0|  12|           3|           1|
    |i_14_fu_795_p2       |     +    |      0|  0|  12|           3|           1|
    |i_15_fu_821_p2       |     +    |      0|  0|  39|          32|           2|
    |i_16_fu_880_p2       |     +    |      0|  0|  39|          32|           2|
    |i_17_fu_874_p2       |     +    |      0|  0|  71|          64|           1|
    |i_18_fu_809_p2       |     +    |      0|  0|  71|          64|           1|
    |i_2_cast_fu_710_p2   |     +    |      0|  0|  12|           2|           3|
    |i_2_fu_705_p2        |     +    |      0|  0|  71|           2|          64|
    |i_5_fu_629_p2        |     +    |      0|  0|  71|          64|           1|
    |i_9_fu_726_p2        |     +    |      0|  0|  12|           3|           1|
    |j_2_fu_863_p2        |     +    |      0|  0|  12|           3|           1|
    |j_3_fu_922_p2        |     +    |      0|  0|  12|           3|           1|
    |j_fu_757_p2          |     +    |      0|  0|  71|          64|           1|
    |sum9_fu_932_p2       |     +    |      0|  0|  16|           9|           9|
    |exitcond1_fu_660_p2  |   icmp   |      0|  0|  29|          64|          64|
    |exitcond2_fu_804_p2  |   icmp   |      0|  0|  29|          64|          64|
    |exitcond3_fu_721_p2  |   icmp   |      0|  0|  29|          64|          64|
    |exitcond5_fu_774_p2  |   icmp   |      0|  0|  29|          64|          64|
    |exitcond6_fu_790_p2  |   icmp   |      0|  0|  29|          64|          64|
    |exitcond7_fu_869_p2  |   icmp   |      0|  0|  29|          64|          64|
    |exitcond8_fu_917_p2  |   icmp   |      0|  0|  29|          64|          64|
    |exitcond9_fu_858_p2  |   icmp   |      0|  0|  29|          64|          64|
    |exitcond_fu_624_p2   |   icmp   |      0|  0|  29|          64|          64|
    |tmp_8_fu_737_p2      |   icmp   |      0|  0|  29|          64|          64|
    |tmp_9_fu_752_p2      |   icmp   |      0|  0|  29|          64|          64|
    |tmp_fu_635_p2        |   icmp   |      0|  0|  29|          64|          64|
    |tmp_s_fu_671_p2      |   icmp   |      0|  0|  29|          64|           1|
    +---------------------+----------+-------+---+----+------------+------------+
    |Total                |          |      0|  0|1135|        1378|         863|
    +---------------------+----------+-------+---+----+------------+------------+

    * Multiplexer: 
    +---------------------------------+-----+-----------+-----+-----------+
    |               Name              | LUT | Input Size| Bits| Total Bits|
    +---------------------------------+-----+-----------+-----+-----------+
    |A_shape_address0                 |   21|          4|    3|         12|
    |Asub_address0                    |   27|          5|    3|         15|
    |Asub_ce0                         |   15|          3|    1|          3|
    |Asub_d0                          |   15|          3|   64|        192|
    |B_shape_address0                 |   21|          4|    3|         12|
    |Bsub_address0                    |   27|          5|    3|         15|
    |Bsub_ce0                         |   15|          3|    1|          3|
    |Bsub_d0                          |   15|          3|   64|        192|
    |ap_NS_fsm                        |  993|        232|    1|        232|
    |count_1_fu_84                    |    9|          2|   64|        128|
    |count_fu_48                      |    9|          2|   64|        128|
    |dense_71_fwork_address0          |   21|          4|    7|         28|
    |dense_71_fwork_ce0               |   15|          3|    1|          3|
    |dense_71_fwork_ce1               |    9|          2|    1|          2|
    |dense_71_fwork_d0                |   15|          3|   32|         96|
    |freeA_address0                   |   15|          3|    3|          9|
    |freeB_address0                   |   15|          3|    3|          9|
    |grp_k2c_sub2idx_fu_607_ndim      |   15|          3|   64|        192|
    |grp_k2c_sub2idx_fu_607_shape_q0  |   15|          3|   64|        192|
    |grp_k2c_sub2idx_fu_607_sub_q0    |   15|          3|   64|        192|
    |i_0_in_i3_reg_575                |    9|          2|   32|         64|
    |i_0_in_i_reg_531                 |    9|          2|   32|         64|
    |i_1_reg_430                      |    9|          2|   64|        128|
    |i_3_reg_442                      |    9|          2|    3|          6|
    |i_4_reg_453                      |    9|          2|    3|          6|
    |i_6_reg_462                      |    9|          2|    3|          6|
    |i_7_reg_485                      |    9|          2|    3|          6|
    |i_8_reg_496                      |    9|          2|    3|          6|
    |i_reg_418                        |    9|          2|   64|        128|
    |idx2_2_reg_507                   |    9|          2|   64|        128|
    |idx2_3_reg_551                   |    9|          2|   64|        128|
    |idx2_i2_reg_564                  |    9|          2|   64|        128|
    |idx2_i_reg_520                   |    9|          2|   64|        128|
    |j_4_reg_473                      |    9|          2|   64|        128|
    |j_5_reg_540                      |    9|          2|    3|          6|
    |j_6_reg_584                      |    9|          2|    3|          6|
    |newshpA_address0                 |   15|          3|    3|          9|
    |newshpA_ce0                      |   15|          3|    1|          3|
    |newshpB_address0                 |   15|          3|    3|          9|
    |newshpB_ce0                      |   15|          3|    1|          3|
    |permA_address0                   |   27|          5|    3|         15|
    |permA_d0                         |   15|          3|   64|        192|
    |permB_address0                   |   27|          5|    3|         15|
    |permB_d0                         |   15|          3|   64|        192|
    +---------------------------------+-----+-----------+-----+-----------+
    |Total                            | 1590|        353| 1185|       3159|
    +---------------------------------+-----+-----------+-----+-----------+

    * Register: 
    +--------------------------------------+-----+----+-----+-----------+
    |                 Name                 |  FF | LUT| Bits| Const Bits|
    +--------------------------------------+-----+----+-----+-----------+
    |A_shape_load_reg_1031                 |   64|   0|   64|          0|
    |ap_CS_fsm                             |  231|   0|  231|          0|
    |count_1_fu_84                         |   64|   0|   64|          0|
    |count_fu_48                           |   64|   0|   64|          0|
    |free_axesA_reg_1037                   |   64|   0|   64|          0|
    |free_axesB_reg_1042                   |   64|   0|   64|          0|
    |grp_k2c_matmul_2_fu_595_ap_start_reg  |    1|   0|    1|          0|
    |grp_k2c_sub2idx_fu_607_ap_start_reg   |    1|   0|    1|          0|
    |i_0_in_i3_reg_575                     |   32|   0|   32|          0|
    |i_0_in_i_reg_531                      |   32|   0|   32|          0|
    |i_12_reg_1101                         |    3|   0|    3|          0|
    |i_13_reg_1114                         |    3|   0|    3|          0|
    |i_14_reg_1137                         |    3|   0|    3|          0|
    |i_15_reg_1175                         |   32|   0|   32|          0|
    |i_16_reg_1240                         |   32|   0|   32|          0|
    |i_17_reg_1235                         |   64|   0|   64|          0|
    |i_18_reg_1160                         |   64|   0|   64|          0|
    |i_1_reg_430                           |   64|   0|   64|          0|
    |i_2_cast_reg_1052                     |    3|   0|    3|          0|
    |i_2_reg_1047                          |   64|   0|   64|          0|
    |i_3_cast_reg_1057                     |    3|   0|   64|         61|
    |i_3_reg_442                           |    3|   0|    3|          0|
    |i_4_reg_453                           |    3|   0|    3|          0|
    |i_6_cast_reg_1083                     |    3|   0|   64|         61|
    |i_6_reg_462                           |    3|   0|    3|          0|
    |i_7_cast_reg_1106                     |    3|   0|   64|         61|
    |i_7_reg_485                           |    3|   0|    3|          0|
    |i_8_cast_reg_1129                     |    3|   0|   64|         61|
    |i_8_reg_496                           |    3|   0|    3|          0|
    |i_9_reg_1065                          |    3|   0|    3|          0|
    |i_reg_418                             |   64|   0|   64|          0|
    |idx2_2_reg_507                        |   64|   0|   64|          0|
    |idx2_3_reg_551                        |   64|   0|   64|          0|
    |idx2_i2_reg_564                       |   64|   0|   64|          0|
    |idx2_i_reg_520                        |   64|   0|   64|          0|
    |j_2_reg_1212                          |    3|   0|    3|          0|
    |j_3_reg_1271                          |    3|   0|    3|          0|
    |j_4_reg_473                           |   64|   0|   64|          0|
    |j_5_cast_reg_1204                     |    3|   0|   64|         61|
    |j_5_reg_540                           |    3|   0|    3|          0|
    |j_6_cast_reg_1263                     |    3|   0|   64|         61|
    |j_6_reg_584                           |    3|   0|    3|          0|
    |j_reg_1091                            |   64|   0|   64|          0|
    |tmp_39_reg_1147                       |   32|   0|   32|          0|
    |tmp_40_reg_1165                       |   32|   0|   32|          0|
    |tmp_41_reg_1170                       |    9|   0|    9|          0|
    |tmp_6_i6_reg_1248                     |   32|   0|   64|         32|
    |tmp_6_i_reg_1183                      |   32|   0|   64|         32|
    +--------------------------------------+-----+----+-----+-----------+
    |Total                                 | 1582|   0| 2012|        430|
    +--------------------------------------+-----+----+-----+-----------+



================================================================
== Interface
================================================================
* Summary: 
+------------------+-----+-----+------------+--------------+--------------+
|     RTL Ports    | Dir | Bits|  Protocol  | Source Object|    C Type    |
+------------------+-----+-----+------------+--------------+--------------+
|ap_clk            |  in |    1| ap_ctrl_hs |   k2c_dot.2  | return value |
|ap_rst            |  in |    1| ap_ctrl_hs |   k2c_dot.2  | return value |
|ap_start          |  in |    1| ap_ctrl_hs |   k2c_dot.2  | return value |
|ap_done           | out |    1| ap_ctrl_hs |   k2c_dot.2  | return value |
|ap_idle           | out |    1| ap_ctrl_hs |   k2c_dot.2  | return value |
|ap_ready          | out |    1| ap_ctrl_hs |   k2c_dot.2  | return value |
|C_array_address0  | out |   15|  ap_memory |    C_array   |     array    |
|C_array_ce0       | out |    1|  ap_memory |    C_array   |     array    |
|C_array_we0       | out |    1|  ap_memory |    C_array   |     array    |
|C_array_d0        | out |   32|  ap_memory |    C_array   |     array    |
|C_array_q0        |  in |   32|  ap_memory |    C_array   |     array    |
|A_array_address0  | out |   15|  ap_memory |    A_array   |     array    |
|A_array_ce0       | out |    1|  ap_memory |    A_array   |     array    |
|A_array_q0        |  in |   32|  ap_memory |    A_array   |     array    |
|A_ndim_read       |  in |   64|   ap_none  |  A_ndim_read |    scalar    |
|A_numel_read      |  in |   64|   ap_none  | A_numel_read |    scalar    |
|A_shape_address0  | out |    3|  ap_memory |    A_shape   |     array    |
|A_shape_ce0       | out |    1|  ap_memory |    A_shape   |     array    |
|A_shape_q0        |  in |   64|  ap_memory |    A_shape   |     array    |
|B_array_address0  | out |   15|  ap_memory |    B_array   |     array    |
|B_array_ce0       | out |    1|  ap_memory |    B_array   |     array    |
|B_array_q0        |  in |   32|  ap_memory |    B_array   |     array    |
|B_ndim_read       |  in |   64|   ap_none  |  B_ndim_read |    scalar    |
|B_numel_read      |  in |   64|   ap_none  | B_numel_read |    scalar    |
|B_shape_address0  | out |    3|  ap_memory |    B_shape   |     array    |
|B_shape_ce0       | out |    1|  ap_memory |    B_shape   |     array    |
|B_shape_q0        |  in |   64|  ap_memory |    B_shape   |     array    |
|p_read4           |  in |   64|   ap_none  |    p_read4   |    scalar    |
+------------------+-----+-----+------------+--------------+--------------+

