

================================================================
== Vivado HLS Report for 'k2c_dense_1'
================================================================
* Date:           Mon Apr 22 22:21:19 2024

* Version:        2018.2 (Build 2258646 on Thu Jun 14 20:25:20 MDT 2018)
* Project:        WEB_MODEL_2
* Solution:       solution2
* Product family: artix7
* Target device:  xc7a200tsbv484-2


================================================================
== Performance Estimates
================================================================
+ Timing (ns): 
    * Summary: 
    +--------+-------+----------+------------+
    |  Clock | Target| Estimated| Uncertainty|
    +--------+-------+----------+------------+
    |ap_clk  |  10.00|     9.738|        1.25|
    +--------+-------+----------+------------+

+ Latency (clock cycles): 
    * Summary: 
    +-----+-----+-----+-----+---------+
    |  Latency  |  Interval | Pipeline|
    | min | max | min | max |   Type  |
    +-----+-----+-----+-----+---------+
    |    ?|    ?|    ?|    ?|   none  |
    +-----+-----+-----+-----+---------+

    + Detail: 
        * Instance: 
        N/A

        * Loop: 
        +-------------+-----+-----+----------+-----------+-----------+------+----------+
        |             |  Latency  | Iteration|  Initiation Interval  | Trip |          |
        |  Loop Name  | min | max |  Latency |  achieved |   target  | Count| Pipelined|
        +-------------+-----+-----+----------+-----------+-----------+------+----------+
        |- Loop 1     |    ?|    ?|         ?|          -|          -|     ?|    no    |
        | + Loop 1.1  |    ?|    ?|         7|          6|          1|     ?|    yes   |
        +-------------+-----+-----+----------+-----------+-----------+------+----------+

============================================================
+ Verbose Summary: Synthesis Manager
============================================================
InlineROM: 1
ExposeGlobal: 0
============================================================
+ Verbose Summary: CDFG Model
============================================================
IsTopModel: 0
ResetActiveHigh: 1
IsCombinational: 0
IsDatapathOnly: 0
HasWiredReturn: 1
HasMFsm: 0
HasVarLatency: 1
IsPipeline: 0
IsRtlPipelined: 0
IsInstanceOverlapped: 0
IsDontTouch: 0
HasImplIP: 0
IsGatedGlobalClock: 0

+ Individual pipeline summary: 
  * Pipeline-0: initiation interval (II) = 6, depth = 7


============================================================
+ Verbose Summary: Schedule
============================================================
* Number of FSM states : 17
* Pipeline : 1
  Pipeline-0 : II = 6, D = 7, States = { 4 5 6 7 8 9 10 }
* Dataflow Pipeline: 0

* FSM state transitions: 
1 --> 
	2  / (!tmp)
	13  / (tmp)
2 --> 
	3  / true
3 --> 
	12  / (!tmp_i)
	4  / (tmp_i)
4 --> 
	11  / (exitcond_i)
	5  / (!exitcond_i)
5 --> 
	6  / true
6 --> 
	7  / true
7 --> 
	8  / true
8 --> 
	9  / true
9 --> 
	10  / true
10 --> 
	4  / true
11 --> 
	3  / true
12 --> 
	17  / true
13 --> 
	14  / true
14 --> 
	15  / true
15 --> 
	16  / true
16 --> 
	17  / true
17 --> 

* FSM state operations: 

State 1 <SV = 0> <Delay = 3.14>
ST_1 : Operation 18 [1/1] (0.00ns)   --->   "%bias_numel_read_1 = call i64 @_ssdm_op_Read.ap_auto.i64(i64 %bias_numel_read)"   --->   Operation 18 'read' 'bias_numel_read_1' <Predicate = true> <Delay = 0.00>
ST_1 : Operation 19 [1/1] (0.00ns)   --->   "%kernel_numel_read_1 = call i64 @_ssdm_op_Read.ap_auto.i64(i64 %kernel_numel_read)"   --->   Operation 19 'read' 'kernel_numel_read_1' <Predicate = true> <Delay = 0.00>
ST_1 : Operation 20 [1/1] (0.00ns)   --->   "%kernel_ndim_read_1 = call i64 @_ssdm_op_Read.ap_auto.i64(i64 %kernel_ndim_read)"   --->   Operation 20 'read' 'kernel_ndim_read_1' <Predicate = true> <Delay = 0.00>
ST_1 : Operation 21 [1/1] (0.00ns)   --->   "%input_numel_read_2 = call i64 @_ssdm_op_Read.ap_auto.i64(i64 %input_numel_read)"   --->   Operation 21 'read' 'input_numel_read_2' <Predicate = true> <Delay = 0.00>
ST_1 : Operation 22 [1/1] (0.00ns)   --->   "%input_ndim_read_2 = call i64 @_ssdm_op_Read.ap_auto.i64(i64 %input_ndim_read)"   --->   Operation 22 'read' 'input_ndim_read_2' <Predicate = true> <Delay = 0.00>
ST_1 : Operation 23 [1/1] (0.00ns)   --->   "%output_numel_read_1 = call i64 @_ssdm_op_Read.ap_auto.i64(i64 %output_numel_read)"   --->   Operation 23 'read' 'output_numel_read_1' <Predicate = true> <Delay = 0.00>
ST_1 : Operation 24 [1/1] (2.34ns)   --->   "%tmp = icmp ult i64 %input_ndim_read_2, 3" [WebModel.c:9]   --->   Operation 24 'icmp' 'tmp' <Predicate = true> <Delay = 2.34> <Core = "Cmp">   --->   Core 25 'Cmp' <Latency = 0> <II = 1> <Delay = 2.34> <FuncUnit> <Opcode : 'icmp'> <InPorts = 2> <OutPorts = 1>
ST_1 : Operation 25 [1/1] (0.00ns)   --->   "br i1 %tmp, label %_ifconv, label %1" [WebModel.c:9]   --->   Operation 25 'br' <Predicate = true> <Delay = 0.00>
ST_1 : Operation 26 [1/1] (2.99ns)   --->   "%tmp_2 = add i64 %input_ndim_read_2, -1" [WebModel.c:29]   --->   Operation 26 'add' 'tmp_2' <Predicate = (!tmp)> <Delay = 2.99> <Core = "AddSub">   --->   Core 14 'AddSub' <Latency = 0> <II = 1> <Delay = 2.99> <FuncUnit> <Opcode : 'add' 'sub'> <InPorts = 2> <OutPorts = 1>
ST_1 : Operation 27 [2/2] (0.00ns)   --->   "call fastcc void @k2c_dot.1([26000 x float]* %output_array, [26000 x float]* %input_array, i64 %input_ndim_read_2, i64 %input_numel_read_2, [5 x i64]* %input_shape, [26000 x float]* %kernel_array, i64 %kernel_ndim_read_1, i64 %kernel_numel_read_1, [5 x i64]* %kernel_shape, i64 %tmp_2)" [WebModel.c:34]   --->   Operation 27 'call' <Predicate = (!tmp)> <Delay = 0.00> <CoreType = "Generic">   --->   Core 0 '' <Latency = 0> <II = 1> <Delay = 1.00> <Generic> <Opcode : >
ST_1 : Operation 28 [1/1] (0.00ns)   --->   "%tmp_59 = call i63 @_ssdm_op_PartSelect.i63.i64.i32.i32(i64 %input_ndim_read_2, i32 1, i32 63)" [WebModel.c:12]   --->   Operation 28 'partselect' 'tmp_59' <Predicate = (tmp)> <Delay = 0.00>
ST_1 : Operation 29 [1/1] (2.34ns)   --->   "%icmp = icmp ne i63 %tmp_59, 0" [WebModel.c:12]   --->   Operation 29 'icmp' 'icmp' <Predicate = (tmp)> <Delay = 2.34> <Core = "Cmp">   --->   Core 25 'Cmp' <Latency = 0> <II = 1> <Delay = 2.34> <FuncUnit> <Opcode : 'icmp'> <InPorts = 2> <OutPorts = 1>
ST_1 : Operation 30 [1/1] (0.00ns)   --->   "%input_shape_addr = getelementptr [5 x i64]* %input_shape, i64 0, i64 0" [WebModel.c:13]   --->   Operation 30 'getelementptr' 'input_shape_addr' <Predicate = (tmp)> <Delay = 0.00>
ST_1 : Operation 31 [2/2] (1.75ns)   --->   "%outrows = load i64* %input_shape_addr, align 8" [WebModel.c:13]   --->   Operation 31 'load' 'outrows' <Predicate = (tmp)> <Delay = 1.75> <Core = "RAM">   --->   Core 37 'RAM' <Latency = 1> <II = 1> <Delay = 1.75> <Storage> <Opcode : 'load' 'store'> <Ports = 2> <Width = 64> <Depth = 5> <RAM>
ST_1 : Operation 32 [1/1] (0.00ns)   --->   "%kernel_shape_addr = getelementptr [5 x i64]* %kernel_shape, i64 0, i64 1" [WebModel.c:18]   --->   Operation 32 'getelementptr' 'kernel_shape_addr' <Predicate = (tmp)> <Delay = 0.00>
ST_1 : Operation 33 [2/2] (1.75ns)   --->   "%outcols = load i64* %kernel_shape_addr, align 8" [WebModel.c:18]   --->   Operation 33 'load' 'outcols' <Predicate = (tmp)> <Delay = 1.75> <Core = "RAM">   --->   Core 37 'RAM' <Latency = 1> <II = 1> <Delay = 1.75> <Storage> <Opcode : 'load' 'store'> <Ports = 2> <Width = 64> <Depth = 5> <RAM>

State 2 <SV = 1> <Delay = 1.35>
ST_2 : Operation 34 [1/2] (0.00ns)   --->   "call fastcc void @k2c_dot.1([26000 x float]* %output_array, [26000 x float]* %input_array, i64 %input_ndim_read_2, i64 %input_numel_read_2, [5 x i64]* %input_shape, [26000 x float]* %kernel_array, i64 %kernel_ndim_read_1, i64 %kernel_numel_read_1, [5 x i64]* %kernel_shape, i64 %tmp_2)" [WebModel.c:34]   --->   Operation 34 'call' <Predicate = true> <Delay = 0.00> <CoreType = "Generic">   --->   Core 0 '' <Latency = 0> <II = 1> <Delay = 1.00> <Generic> <Opcode : >
ST_2 : Operation 35 [1/1] (1.35ns)   --->   "br label %2" [WebModel.c:228->WebModel.c:35]   --->   Operation 35 'br' <Predicate = true> <Delay = 1.35>

State 3 <SV = 2> <Delay = 3.14>
ST_3 : Operation 36 [1/1] (0.00ns)   --->   "%i_i = phi i64 [ 0, %1 ], [ %i, %4 ]"   --->   Operation 36 'phi' 'i_i' <Predicate = true> <Delay = 0.00>
ST_3 : Operation 37 [1/1] (2.34ns)   --->   "%tmp_i = icmp ult i64 %i_i, %output_numel_read_1" [WebModel.c:228->WebModel.c:35]   --->   Operation 37 'icmp' 'tmp_i' <Predicate = true> <Delay = 2.34> <Core = "Cmp">   --->   Core 25 'Cmp' <Latency = 0> <II = 1> <Delay = 2.34> <FuncUnit> <Opcode : 'icmp'> <InPorts = 2> <OutPorts = 1>
ST_3 : Operation 38 [1/1] (0.00ns)   --->   "br i1 %tmp_i, label %.preheader.i.preheader, label %k2c_bias_add.exit" [WebModel.c:228->WebModel.c:35]   --->   Operation 38 'br' <Predicate = true> <Delay = 0.00>
ST_3 : Operation 39 [1/1] (0.00ns)   --->   "%tmp_60 = trunc i64 %i_i to i16" [WebModel.c:228->WebModel.c:35]   --->   Operation 39 'trunc' 'tmp_60' <Predicate = (tmp_i)> <Delay = 0.00>
ST_3 : Operation 40 [1/1] (1.35ns)   --->   "br label %.preheader.i" [WebModel.c:230->WebModel.c:35]   --->   Operation 40 'br' <Predicate = (tmp_i)> <Delay = 1.35>
ST_3 : Operation 41 [2/2] (1.35ns)   --->   "call fastcc void @k2c_relu_func([26000 x float]* %output_array, i64 %output_numel_read_1)" [WebModel.c:37]   --->   Operation 41 'call' <Predicate = (!tmp_i)> <Delay = 1.35> <CoreType = "Generic">   --->   Core 0 '' <Latency = 0> <II = 1> <Delay = 1.00> <Generic> <Opcode : >

State 4 <SV = 3> <Delay = 3.14>
ST_4 : Operation 42 [1/1] (0.00ns)   --->   "%j_i = phi i64 [ %j, %3 ], [ 0, %.preheader.i.preheader ]"   --->   Operation 42 'phi' 'j_i' <Predicate = true> <Delay = 0.00>
ST_4 : Operation 43 [1/1] (2.34ns)   --->   "%exitcond_i = icmp eq i64 %j_i, %bias_numel_read_1" [WebModel.c:230->WebModel.c:35]   --->   Operation 43 'icmp' 'exitcond_i' <Predicate = true> <Delay = 2.34> <Core = "Cmp">   --->   Core 25 'Cmp' <Latency = 0> <II = 1> <Delay = 2.34> <FuncUnit> <Opcode : 'icmp'> <InPorts = 2> <OutPorts = 1>
ST_4 : Operation 44 [1/1] (2.99ns)   --->   "%j = add i64 %j_i, 1" [WebModel.c:230->WebModel.c:35]   --->   Operation 44 'add' 'j' <Predicate = true> <Delay = 2.99> <Core = "AddSub">   --->   Core 14 'AddSub' <Latency = 0> <II = 1> <Delay = 2.99> <FuncUnit> <Opcode : 'add' 'sub'> <InPorts = 2> <OutPorts = 1>
ST_4 : Operation 45 [1/1] (0.00ns)   --->   "br i1 %exitcond_i, label %4, label %3" [WebModel.c:230->WebModel.c:35]   --->   Operation 45 'br' <Predicate = true> <Delay = 0.00>
ST_4 : Operation 46 [1/1] (0.00ns)   --->   "%tmp_61 = trunc i64 %j_i to i16" [WebModel.c:230->WebModel.c:35]   --->   Operation 46 'trunc' 'tmp_61' <Predicate = (!exitcond_i)> <Delay = 0.00>
ST_4 : Operation 47 [1/1] (0.00ns)   --->   "%bias_array_addr = getelementptr [26000 x float]* %bias_array, i64 0, i64 %j_i" [WebModel.c:232->WebModel.c:35]   --->   Operation 47 'getelementptr' 'bias_array_addr' <Predicate = (!exitcond_i)> <Delay = 0.00>
ST_4 : Operation 48 [2/2] (2.77ns)   --->   "%bias_array_load = load float* %bias_array_addr, align 4" [WebModel.c:232->WebModel.c:35]   --->   Operation 48 'load' 'bias_array_load' <Predicate = (!exitcond_i)> <Delay = 2.77> <Core = "RAM">   --->   Core 37 'RAM' <Latency = 1> <II = 1> <Delay = 1.75> <Storage> <Opcode : 'load' 'store'> <Ports = 2> <Width = 64> <Depth = 5> <RAM>
ST_4 : Operation 49 [1/1] (1.84ns)   --->   "%tmp_i_26 = add i16 %tmp_61, %tmp_60" [WebModel.c:232->WebModel.c:35]   --->   Operation 49 'add' 'tmp_i_26' <Predicate = (!exitcond_i)> <Delay = 1.84> <Core = "AddSub">   --->   Core 14 'AddSub' <Latency = 0> <II = 1> <Delay = 2.99> <FuncUnit> <Opcode : 'add' 'sub'> <InPorts = 2> <OutPorts = 1>
ST_4 : Operation 50 [1/1] (0.00ns)   --->   "%tmp_i_cast = zext i16 %tmp_i_26 to i64" [WebModel.c:232->WebModel.c:35]   --->   Operation 50 'zext' 'tmp_i_cast' <Predicate = (!exitcond_i)> <Delay = 0.00>
ST_4 : Operation 51 [1/1] (0.00ns)   --->   "%output_array_addr = getelementptr [26000 x float]* %output_array, i64 0, i64 %tmp_i_cast" [WebModel.c:232->WebModel.c:35]   --->   Operation 51 'getelementptr' 'output_array_addr' <Predicate = (!exitcond_i)> <Delay = 0.00>

State 5 <SV = 4> <Delay = 2.77>
ST_5 : Operation 52 [1/2] (2.77ns)   --->   "%bias_array_load = load float* %bias_array_addr, align 4" [WebModel.c:232->WebModel.c:35]   --->   Operation 52 'load' 'bias_array_load' <Predicate = (!exitcond_i)> <Delay = 2.77> <Core = "RAM">   --->   Core 37 'RAM' <Latency = 1> <II = 1> <Delay = 1.75> <Storage> <Opcode : 'load' 'store'> <Ports = 2> <Width = 64> <Depth = 5> <RAM>
ST_5 : Operation 53 [2/2] (2.77ns)   --->   "%output_array_load = load float* %output_array_addr, align 4" [WebModel.c:232->WebModel.c:35]   --->   Operation 53 'load' 'output_array_load' <Predicate = (!exitcond_i)> <Delay = 2.77> <Core = "RAM">   --->   Core 37 'RAM' <Latency = 1> <II = 1> <Delay = 1.75> <Storage> <Opcode : 'load' 'store'> <Ports = 2> <Width = 64> <Depth = 5> <RAM>

State 6 <SV = 5> <Delay = 9.28>
ST_6 : Operation 54 [1/2] (2.77ns)   --->   "%output_array_load = load float* %output_array_addr, align 4" [WebModel.c:232->WebModel.c:35]   --->   Operation 54 'load' 'output_array_load' <Predicate = (!exitcond_i)> <Delay = 2.77> <Core = "RAM">   --->   Core 37 'RAM' <Latency = 1> <II = 1> <Delay = 1.75> <Storage> <Opcode : 'load' 'store'> <Ports = 2> <Width = 64> <Depth = 5> <RAM>
ST_6 : Operation 55 [5/5] (6.51ns)   --->   "%tmp_4_i = fadd float %output_array_load, %bias_array_load" [WebModel.c:232->WebModel.c:35]   --->   Operation 55 'fadd' 'tmp_4_i' <Predicate = (!exitcond_i)> <Delay = 6.51> <Core = "FAddSub">   --->   Core 99 'FAddSub' <Latency = 4> <II = 1> <Delay = 6.51> <FuncUnit> <Opcode : 'fadd' 'fsub'> <InPorts = 2> <OutPorts = 1>

State 7 <SV = 6> <Delay = 6.51>
ST_7 : Operation 56 [4/5] (6.51ns)   --->   "%tmp_4_i = fadd float %output_array_load, %bias_array_load" [WebModel.c:232->WebModel.c:35]   --->   Operation 56 'fadd' 'tmp_4_i' <Predicate = (!exitcond_i)> <Delay = 6.51> <Core = "FAddSub">   --->   Core 99 'FAddSub' <Latency = 4> <II = 1> <Delay = 6.51> <FuncUnit> <Opcode : 'fadd' 'fsub'> <InPorts = 2> <OutPorts = 1>

State 8 <SV = 7> <Delay = 6.51>
ST_8 : Operation 57 [3/5] (6.51ns)   --->   "%tmp_4_i = fadd float %output_array_load, %bias_array_load" [WebModel.c:232->WebModel.c:35]   --->   Operation 57 'fadd' 'tmp_4_i' <Predicate = (!exitcond_i)> <Delay = 6.51> <Core = "FAddSub">   --->   Core 99 'FAddSub' <Latency = 4> <II = 1> <Delay = 6.51> <FuncUnit> <Opcode : 'fadd' 'fsub'> <InPorts = 2> <OutPorts = 1>

State 9 <SV = 8> <Delay = 6.51>
ST_9 : Operation 58 [2/5] (6.51ns)   --->   "%tmp_4_i = fadd float %output_array_load, %bias_array_load" [WebModel.c:232->WebModel.c:35]   --->   Operation 58 'fadd' 'tmp_4_i' <Predicate = (!exitcond_i)> <Delay = 6.51> <Core = "FAddSub">   --->   Core 99 'FAddSub' <Latency = 4> <II = 1> <Delay = 6.51> <FuncUnit> <Opcode : 'fadd' 'fsub'> <InPorts = 2> <OutPorts = 1>

State 10 <SV = 9> <Delay = 9.28>
ST_10 : Operation 59 [1/1] (0.00ns)   --->   "%tmp_17_i = call i32 (...)* @_ssdm_op_SpecRegionBegin([12 x i8]* @p_str3)" [WebModel.c:230->WebModel.c:35]   --->   Operation 59 'specregionbegin' 'tmp_17_i' <Predicate = (!exitcond_i)> <Delay = 0.00>
ST_10 : Operation 60 [1/1] (0.00ns)   --->   "call void (...)* @_ssdm_op_SpecPipeline(i32 -1, i32 1, i32 1, i32 0, [1 x i8]* @p_str2) nounwind" [WebModel.c:231->WebModel.c:35]   --->   Operation 60 'specpipeline' <Predicate = (!exitcond_i)> <Delay = 0.00>
ST_10 : Operation 61 [1/5] (6.51ns)   --->   "%tmp_4_i = fadd float %output_array_load, %bias_array_load" [WebModel.c:232->WebModel.c:35]   --->   Operation 61 'fadd' 'tmp_4_i' <Predicate = (!exitcond_i)> <Delay = 6.51> <Core = "FAddSub">   --->   Core 99 'FAddSub' <Latency = 4> <II = 1> <Delay = 6.51> <FuncUnit> <Opcode : 'fadd' 'fsub'> <InPorts = 2> <OutPorts = 1>
ST_10 : Operation 62 [1/1] (2.77ns)   --->   "store float %tmp_4_i, float* %output_array_addr, align 4" [WebModel.c:232->WebModel.c:35]   --->   Operation 62 'store' <Predicate = (!exitcond_i)> <Delay = 2.77> <Core = "RAM">   --->   Core 37 'RAM' <Latency = 1> <II = 1> <Delay = 1.75> <Storage> <Opcode : 'load' 'store'> <Ports = 2> <Width = 64> <Depth = 5> <RAM>
ST_10 : Operation 63 [1/1] (0.00ns)   --->   "%empty = call i32 (...)* @_ssdm_op_SpecRegionEnd([12 x i8]* @p_str3, i32 %tmp_17_i)" [WebModel.c:233->WebModel.c:35]   --->   Operation 63 'specregionend' 'empty' <Predicate = (!exitcond_i)> <Delay = 0.00>
ST_10 : Operation 64 [1/1] (0.00ns)   --->   "br label %.preheader.i" [WebModel.c:230->WebModel.c:35]   --->   Operation 64 'br' <Predicate = (!exitcond_i)> <Delay = 0.00>

State 11 <SV = 4> <Delay = 2.99>
ST_11 : Operation 65 [1/1] (2.99ns)   --->   "%i = add i64 %i_i, %bias_numel_read_1" [WebModel.c:228->WebModel.c:35]   --->   Operation 65 'add' 'i' <Predicate = true> <Delay = 2.99> <Core = "AddSub">   --->   Core 14 'AddSub' <Latency = 0> <II = 1> <Delay = 2.99> <FuncUnit> <Opcode : 'add' 'sub'> <InPorts = 2> <OutPorts = 1>
ST_11 : Operation 66 [1/1] (0.00ns)   --->   "br label %2" [WebModel.c:228->WebModel.c:35]   --->   Operation 66 'br' <Predicate = true> <Delay = 0.00>

State 12 <SV = 3> <Delay = 0.00>
ST_12 : Operation 67 [1/2] (0.00ns)   --->   "call fastcc void @k2c_relu_func([26000 x float]* %output_array, i64 %output_numel_read_1)" [WebModel.c:37]   --->   Operation 67 'call' <Predicate = true> <Delay = 0.00> <CoreType = "Generic">   --->   Core 0 '' <Latency = 0> <II = 1> <Delay = 1.00> <Generic> <Opcode : >
ST_12 : Operation 68 [1/1] (0.00ns)   --->   "br label %5"   --->   Operation 68 'br' <Predicate = true> <Delay = 0.00>

State 13 <SV = 1> <Delay = 2.58>
ST_13 : Operation 69 [1/2] (1.75ns)   --->   "%outrows = load i64* %input_shape_addr, align 8" [WebModel.c:13]   --->   Operation 69 'load' 'outrows' <Predicate = true> <Delay = 1.75> <Core = "RAM">   --->   Core 37 'RAM' <Latency = 1> <II = 1> <Delay = 1.75> <Storage> <Opcode : 'load' 'store'> <Ports = 2> <Width = 64> <Depth = 5> <RAM>
ST_13 : Operation 70 [1/1] (0.83ns)   --->   "%outrows1 = select i1 %icmp, i64 %outrows, i64 1" [WebModel.c:12]   --->   Operation 70 'select' 'outrows1' <Predicate = true> <Delay = 0.83> <Core = "Sel">   --->   Core 26 'Sel' <Latency = 0> <II = 1> <Delay = 0.83> <FuncUnit> <Opcode : 'select'> <InPorts = 3> <OutPorts = 1>
ST_13 : Operation 71 [1/2] (1.75ns)   --->   "%outcols = load i64* %kernel_shape_addr, align 8" [WebModel.c:18]   --->   Operation 71 'load' 'outcols' <Predicate = true> <Delay = 1.75> <Core = "RAM">   --->   Core 37 'RAM' <Latency = 1> <II = 1> <Delay = 1.75> <Storage> <Opcode : 'load' 'store'> <Ports = 2> <Width = 64> <Depth = 5> <RAM>
ST_13 : Operation 72 [1/1] (0.00ns)   --->   "%kernel_shape_addr_1 = getelementptr [5 x i64]* %kernel_shape, i64 0, i64 0" [WebModel.c:19]   --->   Operation 72 'getelementptr' 'kernel_shape_addr_1' <Predicate = true> <Delay = 0.00>
ST_13 : Operation 73 [2/2] (1.75ns)   --->   "%innerdim = load i64* %kernel_shape_addr_1, align 8" [WebModel.c:19]   --->   Operation 73 'load' 'innerdim' <Predicate = true> <Delay = 1.75> <Core = "RAM">   --->   Core 37 'RAM' <Latency = 1> <II = 1> <Delay = 1.75> <Storage> <Opcode : 'load' 'store'> <Ports = 2> <Width = 64> <Depth = 5> <RAM>

State 14 <SV = 2> <Delay = 8.60>
ST_14 : Operation 74 [1/2] (1.75ns)   --->   "%innerdim = load i64* %kernel_shape_addr_1, align 8" [WebModel.c:19]   --->   Operation 74 'load' 'innerdim' <Predicate = true> <Delay = 1.75> <Core = "RAM">   --->   Core 37 'RAM' <Latency = 1> <II = 1> <Delay = 1.75> <Storage> <Opcode : 'load' 'store'> <Ports = 2> <Width = 64> <Depth = 5> <RAM>
ST_14 : Operation 75 [2/2] (8.60ns)   --->   "%outsize = mul i64 %outcols, %outrows1" [WebModel.c:20]   --->   Operation 75 'mul' 'outsize' <Predicate = true> <Delay = 8.60> <Core = "MulnS">   --->   Core 17 'MulnS' <Latency = 1> <II = 1> <Delay = 8.60> <FuncUnit> <Opcode : 'mul'> <InPorts = 2> <OutPorts = 1>
ST_14 : Operation 76 [2/2] (0.00ns)   --->   "call fastcc void @k2c_affine_matmul([26000 x float]* %output_array, [26000 x float]* %input_array, [26000 x float]* %kernel_array, [26000 x float]* %bias_array, i64 %outrows1, i64 %outcols, i64 %innerdim)" [WebModel.c:21]   --->   Operation 76 'call' <Predicate = true> <Delay = 0.00> <CoreType = "Generic">   --->   Core 0 '' <Latency = 0> <II = 1> <Delay = 1.00> <Generic> <Opcode : >

State 15 <SV = 3> <Delay = 8.60>
ST_15 : Operation 77 [1/2] (8.60ns)   --->   "%outsize = mul i64 %outcols, %outrows1" [WebModel.c:20]   --->   Operation 77 'mul' 'outsize' <Predicate = true> <Delay = 8.60> <Core = "MulnS">   --->   Core 17 'MulnS' <Latency = 1> <II = 1> <Delay = 8.60> <FuncUnit> <Opcode : 'mul'> <InPorts = 2> <OutPorts = 1>
ST_15 : Operation 78 [1/2] (0.00ns)   --->   "call fastcc void @k2c_affine_matmul([26000 x float]* %output_array, [26000 x float]* %input_array, [26000 x float]* %kernel_array, [26000 x float]* %bias_array, i64 %outrows1, i64 %outcols, i64 %innerdim)" [WebModel.c:21]   --->   Operation 78 'call' <Predicate = true> <Delay = 0.00> <CoreType = "Generic">   --->   Core 0 '' <Latency = 0> <II = 1> <Delay = 1.00> <Generic> <Opcode : >

State 16 <SV = 4> <Delay = 1.35>
ST_16 : Operation 79 [2/2] (1.35ns)   --->   "call fastcc void @k2c_relu_func([26000 x float]* %output_array, i64 %outsize)" [WebModel.c:24]   --->   Operation 79 'call' <Predicate = true> <Delay = 1.35> <CoreType = "Generic">   --->   Core 0 '' <Latency = 0> <II = 1> <Delay = 1.00> <Generic> <Opcode : >

State 17 <SV = 5> <Delay = 0.00>
ST_17 : Operation 80 [1/2] (0.00ns)   --->   "call fastcc void @k2c_relu_func([26000 x float]* %output_array, i64 %outsize)" [WebModel.c:24]   --->   Operation 80 'call' <Predicate = (tmp)> <Delay = 0.00> <CoreType = "Generic">   --->   Core 0 '' <Latency = 0> <II = 1> <Delay = 1.00> <Generic> <Opcode : >
ST_17 : Operation 81 [1/1] (0.00ns)   --->   "br label %5" [WebModel.c:27]   --->   Operation 81 'br' <Predicate = (tmp)> <Delay = 0.00>
ST_17 : Operation 82 [1/1] (0.00ns)   --->   "ret void" [WebModel.c:41]   --->   Operation 82 'ret' <Predicate = true> <Delay = 0.00>


============================================================
+ Verbose Summary: Timing violations
============================================================
Target clock period: 10ns, clock uncertainty: 1.25ns.

 <State 1>: 3.14ns
The critical path consists of the following:
	'icmp' operation ('tmp', WebModel.c:9) [20]  (2.34 ns)
	blocking operation 0.8 ns on control path)

 <State 2>: 1.35ns
The critical path consists of the following:
	multiplexor before 'phi' operation ('i') with incoming values : ('i', WebModel.c:228->WebModel.c:35) [27]  (1.35 ns)

 <State 3>: 3.14ns
The critical path consists of the following:
	'icmp' operation ('tmp_i', WebModel.c:228->WebModel.c:35) [28]  (2.34 ns)
	blocking operation 0.8 ns on control path)

 <State 4>: 3.14ns
The critical path consists of the following:
	'icmp' operation ('exitcond_i', WebModel.c:230->WebModel.c:35) [35]  (2.34 ns)
	blocking operation 0.8 ns on control path)

 <State 5>: 2.77ns
The critical path consists of the following:
	'load' operation ('bias_array_load', WebModel.c:232->WebModel.c:35) on array 'bias_array' [43]  (2.77 ns)

 <State 6>: 9.29ns
The critical path consists of the following:
	'load' operation ('output_array_load', WebModel.c:232->WebModel.c:35) on array 'output_array' [47]  (2.77 ns)
	'fadd' operation ('tmp_4_i', WebModel.c:232->WebModel.c:35) [48]  (6.51 ns)

 <State 7>: 6.51ns
The critical path consists of the following:
	'fadd' operation ('tmp_4_i', WebModel.c:232->WebModel.c:35) [48]  (6.51 ns)

 <State 8>: 6.51ns
The critical path consists of the following:
	'fadd' operation ('tmp_4_i', WebModel.c:232->WebModel.c:35) [48]  (6.51 ns)

 <State 9>: 6.51ns
The critical path consists of the following:
	'fadd' operation ('tmp_4_i', WebModel.c:232->WebModel.c:35) [48]  (6.51 ns)

 <State 10>: 9.29ns
The critical path consists of the following:
	'fadd' operation ('tmp_4_i', WebModel.c:232->WebModel.c:35) [48]  (6.51 ns)
	'store' operation (WebModel.c:232->WebModel.c:35) of variable 'tmp_4_i', WebModel.c:232->WebModel.c:35 on array 'output_array' [49]  (2.77 ns)

 <State 11>: 3ns
The critical path consists of the following:
	'add' operation ('i', WebModel.c:228->WebModel.c:35) [53]  (3 ns)

 <State 12>: 0ns
The critical path consists of the following:

 <State 13>: 2.59ns
The critical path consists of the following:
	'load' operation ('outrows', WebModel.c:13) on array 'input_shape' [62]  (1.75 ns)
	'select' operation ('outrows1', WebModel.c:12) [63]  (0.831 ns)

 <State 14>: 8.61ns
The critical path consists of the following:
	'mul' operation ('outsize', WebModel.c:20) [68]  (8.61 ns)

 <State 15>: 8.61ns
The critical path consists of the following:
	'mul' operation ('outsize', WebModel.c:20) [68]  (8.61 ns)

 <State 16>: 1.35ns
The critical path consists of the following:
	'call' operation (WebModel.c:24) to 'k2c_relu_func' [70]  (1.35 ns)

 <State 17>: 0ns
The critical path consists of the following:


============================================================
+ Verbose Summary: Binding
============================================================
N/A
* FSMD analyzer results:
  - Output states:
 - Input state : 
  - Chain level:
	State 1
	State 2
	State 3
	State 4
	State 5
	State 6
	State 7
	State 8
	State 9
	State 10
	State 11
	State 12
	State 13
	State 14
	State 15
	State 16
	State 17


============================================================
+ Verbose Summary: Datapath Resource usage 
============================================================
N/A
