

================================================================
== Vivado HLS Report for 'k2c_dot_1'
================================================================
* Date:           Tue Apr 23 20:37:59 2024

* Version:        2018.2 (Build 2258646 on Thu Jun 14 20:25:20 MDT 2018)
* Project:        Webmodel_final
* Solution:       solution1
* Product family: artix7
* Target device:  xc7a200tsbv484-2


================================================================
== Performance Estimates
================================================================
+ Timing (ns): 
    * Summary: 
    +--------+-------+----------+------------+
    |  Clock | Target| Estimated| Uncertainty|
    +--------+-------+----------+------------+
    |ap_clk  |  10.00|     9.286|        1.25|
    +--------+-------+----------+------------+

+ Latency (clock cycles): 
    * Summary: 
    +-----+-----+-----+-----+---------+
    |  Latency  |  Interval | Pipeline|
    | min | max | min | max |   Type  |
    +-----+-----+-----+-----+---------+
    |    ?|    ?|    ?|    ?|   none  |
    +-----+-----+-----+-----+---------+

    + Detail: 
        * Instance: 
        +-------------------------+--------------+-----+-----+-----+-----+---------+
        |                         |              |  Latency  |  Interval | Pipeline|
        |         Instance        |    Module    | min | max | min | max |   Type  |
        +-------------------------+--------------+-----+-----+-----+-----+---------+
        |grp_k2c_matmul_1_fu_625  |k2c_matmul_1  |    ?|    ?|    ?|    ?|   none  |
        |grp_k2c_sub2idx_fu_637   |k2c_sub2idx   |    ?|    ?|    ?|    ?|   none  |
        +-------------------------+--------------+-----+-----+-----+-----+---------+

        * Loop: 
        +-------------+-----+-----+----------+-----------+-----------+------+----------+
        |             |  Latency  | Iteration|  Initiation Interval  | Trip |          |
        |  Loop Name  | min | max |  Latency |  achieved |   target  | Count| Pipelined|
        +-------------+-----+-----+----------+-----------+-----------+------+----------+
        |- Loop 1     |    ?|    ?|         1|          1|          1|     ?|    yes   |
        |- Loop 2     |    ?|    ?|         1|          1|          1|     ?|    yes   |
        |- Loop 3     |    ?|    ?|         2|          1|          1|     ?|    yes   |
        |- Loop 4     |    ?|    ?|         1|          1|          1|     ?|    yes   |
        |- Loop 5     |    ?|    ?|         2|          1|          1|     ?|    yes   |
        |- Loop 6     |    ?|    ?|         3|          1|          1|     ?|    yes   |
        |- Loop 7     |    ?|    ?|         3|          1|          1|     ?|    yes   |
        |- Loop 8     |    ?|    ?|         ?|          -|          -|     ?|    no    |
        | + Loop 8.1  |    ?|    ?|        69|         68|          1|     ?|    yes   |
        | + Loop 8.2  |    ?|    ?|         3|          1|          1|     ?|    yes   |
        |- Loop 9     |    ?|    ?|         ?|          -|          -|     ?|    no    |
        | + Loop 9.1  |    ?|    ?|        69|         68|          1|     ?|    yes   |
        | + Loop 9.2  |    ?|    ?|         3|          1|          1|     ?|    yes   |
        +-------------+-----+-----+----------+-----------+-----------+------+----------+



================================================================
== Utilization Estimates
================================================================
* Summary: 
+-----------------+---------+-------+--------+--------+
|       Name      | BRAM_18K| DSP48E|   FF   |   LUT  |
+-----------------+---------+-------+--------+--------+
|DSP              |        -|      -|       -|       -|
|Expression       |        -|      -|       0|    1172|
|FIFO             |        -|      -|       -|       -|
|Instance         |        -|     69|   40559|   30604|
|Memory           |       16|      -|    1024|      40|
|Multiplexer      |        -|      -|       -|    1736|
|Register         |        -|      -|    1548|       -|
+-----------------+---------+-------+--------+--------+
|Total            |       16|     69|   43131|   33552|
+-----------------+---------+-------+--------+--------+
|Available        |      730|    740|  269200|  129000|
+-----------------+---------+-------+--------+--------+
|Utilization (%)  |        2|      9|      16|      26|
+-----------------+---------+-------+--------+--------+

+ Detail: 
    * Instance: 
    +--------------------------+----------------------+---------+-------+------+------+
    |         Instance         |        Module        | BRAM_18K| DSP48E|  FF  |  LUT |
    +--------------------------+----------------------+---------+-------+------+------+
    |WebModel_udiv_64ng8j_U92  |WebModel_udiv_64ng8j  |        0|      0|   779|   469|
    |WebModel_udiv_64ng8j_U93  |WebModel_udiv_64ng8j  |        0|      0|   779|   469|
    |WebModel_udiv_64njbC_U95  |WebModel_udiv_64njbC  |        0|      0|  8651|  6607|
    |WebModel_udiv_64njbC_U97  |WebModel_udiv_64njbC  |        0|      0|  8651|  6607|
    |WebModel_urem_64nibs_U94  |WebModel_urem_64nibs  |        0|      0|  8651|  6607|
    |WebModel_urem_64nibs_U96  |WebModel_urem_64nibs  |        0|      0|  8651|  6607|
    |grp_k2c_matmul_1_fu_625   |k2c_matmul_1          |        0|     53|  3629|  2740|
    |grp_k2c_sub2idx_fu_637    |k2c_sub2idx           |        0|     16|   768|   498|
    +--------------------------+----------------------+---------+-------+------+------+
    |Total                     |                      |        0|     69| 40559| 30604|
    +--------------------------+----------------------+---------+-------+------+------+

    * DSP48: 
    N/A

    * Memory: 
    +------------------+----------------------+---------+-----+----+------+-----+------+-------------+
    |      Memory      |        Module        | BRAM_18K|  FF | LUT| Words| Bits| Banks| W*Bits*Banks|
    +------------------+----------------------+---------+-----+----+------+-----+------+-------------+
    |dense_70_fwork_U  |k2c_dot_1_dense_7ncg  |       16|    0|   0|  4160|   32|     1|       133120|
    |permA_U           |k2c_dot_permA         |        0|  128|   5|     5|   64|     1|          320|
    |permB_U           |k2c_dot_permA         |        0|  128|   5|     5|   64|     1|          320|
    |freeA_U           |k2c_dot_permA         |        0|  128|   5|     5|   64|     1|          320|
    |freeB_U           |k2c_dot_permA         |        0|  128|   5|     5|   64|     1|          320|
    |newshpA_U         |k2c_dot_permA         |        0|  128|   5|     5|   64|     1|          320|
    |newshpB_U         |k2c_dot_permA         |        0|  128|   5|     5|   64|     1|          320|
    |Asub_U            |k2c_dot_permA         |        0|  128|   5|     5|   64|     1|          320|
    |Bsub_U            |k2c_dot_permA         |        0|  128|   5|     5|   64|     1|          320|
    +------------------+----------------------+---------+-----+----+------+-----+------+-------------+
    |Total             |                      |       16| 1024|  40|  4200|  544|     9|       135680|
    +------------------+----------------------+---------+-----+----+------+-----+------+-------------+

    * FIFO: 
    N/A

    * Expression: 
    +--------------------------+----------+-------+---+----+------------+------------+
    |       Variable Name      | Operation| DSP48E| FF| LUT| Bitwidth P0| Bitwidth P1|
    +--------------------------+----------+-------+---+----+------------+------------+
    |count_4_fu_674_p2         |     +    |      0|  0|  71|          64|           1|
    |count_5_fu_711_p2         |     +    |      0|  0|  71|          64|           1|
    |i_11_cast_fu_740_p2       |     +    |      0|  0|  12|           2|           3|
    |i_18_fu_904_p2            |     +    |      0|  0|  71|          64|           1|
    |i_19_fu_851_p2            |     +    |      0|  0|  39|          32|           2|
    |i_20_fu_659_p2            |     +    |      0|  0|  71|          64|           1|
    |i_21_fu_910_p2            |     +    |      0|  0|  39|          32|           2|
    |i_22_fu_695_p2            |     +    |      0|  0|  71|          64|           1|
    |i_31_fu_735_p2            |     +    |      0|  0|  71|           2|          64|
    |i_32_fu_756_p2            |     +    |      0|  0|  12|           3|           1|
    |i_33_fu_772_p2            |     +    |      0|  0|  12|           3|           1|
    |i_34_fu_793_p2            |     +    |      0|  0|  12|           3|           1|
    |i_35_fu_809_p2            |     +    |      0|  0|  12|           3|           1|
    |i_36_fu_825_p2            |     +    |      0|  0|  12|           3|           1|
    |i_37_fu_839_p2            |     +    |      0|  0|  71|          64|           1|
    |j_6_fu_787_p2             |     +    |      0|  0|  71|          64|           1|
    |j_7_fu_952_p2             |     +    |      0|  0|  12|           3|           1|
    |j_fu_893_p2               |     +    |      0|  0|  12|           3|           1|
    |sum9_fu_962_p2            |     +    |      0|  0|  21|          14|          14|
    |exitcond1_fu_690_p2       |   icmp   |      0|  0|  29|          64|          64|
    |exitcond3_fu_751_p2       |   icmp   |      0|  0|  29|          64|          64|
    |exitcond4_fu_834_p2       |   icmp   |      0|  0|  29|          64|          64|
    |exitcond5_fu_804_p2       |   icmp   |      0|  0|  29|          64|          64|
    |exitcond6_fu_820_p2       |   icmp   |      0|  0|  29|          64|          64|
    |exitcond7_fu_947_p2       |   icmp   |      0|  0|  29|          64|          64|
    |exitcond8_fu_899_p2       |   icmp   |      0|  0|  29|          64|          64|
    |exitcond9_fu_888_p2       |   icmp   |      0|  0|  29|          64|          64|
    |exitcond_fu_654_p2        |   icmp   |      0|  0|  29|          64|          64|
    |tmp_3_fu_767_p2           |   icmp   |      0|  0|  29|          64|          64|
    |tmp_4_fu_782_p2           |   icmp   |      0|  0|  29|          64|          64|
    |tmp_fu_665_p2             |   icmp   |      0|  0|  29|          64|          64|
    |tmp_s_fu_701_p2           |   icmp   |      0|  0|  29|          64|           1|
    |ap_enable_pp10            |    xor   |      0|  0|   2|           1|           2|
    |ap_enable_pp2             |    xor   |      0|  0|   2|           1|           2|
    |ap_enable_pp4             |    xor   |      0|  0|   2|           1|           2|
    |ap_enable_pp5             |    xor   |      0|  0|   2|           1|           2|
    |ap_enable_pp6             |    xor   |      0|  0|   2|           1|           2|
    |ap_enable_pp7             |    xor   |      0|  0|   2|           1|           2|
    |ap_enable_pp8             |    xor   |      0|  0|   2|           1|           2|
    |ap_enable_pp9             |    xor   |      0|  0|   2|           1|           2|
    |ap_enable_reg_pp10_iter1  |    xor   |      0|  0|   2|           2|           1|
    |ap_enable_reg_pp2_iter1   |    xor   |      0|  0|   2|           2|           1|
    |ap_enable_reg_pp4_iter1   |    xor   |      0|  0|   2|           2|           1|
    |ap_enable_reg_pp5_iter1   |    xor   |      0|  0|   2|           2|           1|
    |ap_enable_reg_pp6_iter1   |    xor   |      0|  0|   2|           2|           1|
    |ap_enable_reg_pp7_iter1   |    xor   |      0|  0|   2|           2|           1|
    |ap_enable_reg_pp8_iter1   |    xor   |      0|  0|   2|           2|           1|
    |ap_enable_reg_pp9_iter1   |    xor   |      0|  0|   2|           2|           1|
    +--------------------------+----------+-------+---+----+------------+------------+
    |Total                     |          |      0|  0|1172|        1407|         892|
    +--------------------------+----------+-------+---+----+------------+------------+

    * Multiplexer: 
    +------------------------------------+-----+-----------+-----+-----------+
    |                Name                | LUT | Input Size| Bits| Total Bits|
    +------------------------------------+-----+-----------+-----+-----------+
    |A_shape_address0                    |   21|          4|    3|         12|
    |Asub_address0                       |   27|          5|    3|         15|
    |Asub_ce0                            |   15|          3|    1|          3|
    |Asub_d0                             |   15|          3|   64|        192|
    |B_shape_address0                    |   21|          4|    3|         12|
    |Bsub_address0                       |   27|          5|    3|         15|
    |Bsub_ce0                            |   15|          3|    1|          3|
    |Bsub_d0                             |   15|          3|   64|        192|
    |ap_NS_fsm                           |  989|        231|    1|        231|
    |ap_enable_reg_pp10_iter1            |    9|          2|    1|          2|
    |ap_enable_reg_pp10_iter2            |    9|          2|    1|          2|
    |ap_enable_reg_pp2_iter1             |   15|          3|    1|          3|
    |ap_enable_reg_pp4_iter1             |   15|          3|    1|          3|
    |ap_enable_reg_pp5_iter1             |    9|          2|    1|          2|
    |ap_enable_reg_pp5_iter2             |    9|          2|    1|          2|
    |ap_enable_reg_pp6_iter1             |    9|          2|    1|          2|
    |ap_enable_reg_pp6_iter2             |    9|          2|    1|          2|
    |ap_enable_reg_pp7_iter1             |   15|          3|    1|          3|
    |ap_enable_reg_pp8_iter1             |    9|          2|    1|          2|
    |ap_enable_reg_pp8_iter2             |    9|          2|    1|          2|
    |ap_enable_reg_pp9_iter1             |   15|          3|    1|          3|
    |ap_phi_mux_i_0_in_i3_phi_fu_608_p4  |    9|          2|   32|         64|
    |ap_phi_mux_i_0_in_i_phi_fu_564_p4   |    9|          2|   32|         64|
    |count_2_fu_114                      |    9|          2|   64|        128|
    |count_fu_78                         |    9|          2|   64|        128|
    |dense_70_fwork_address0             |   21|          4|   13|         52|
    |dense_70_fwork_ce0                  |   15|          3|    1|          3|
    |dense_70_fwork_ce1                  |    9|          2|    1|          2|
    |dense_70_fwork_d0                   |   15|          3|   32|         96|
    |freeA_address0                      |   15|          3|    3|          9|
    |freeB_address0                      |   15|          3|    3|          9|
    |grp_k2c_sub2idx_fu_637_ndim         |   15|          3|   64|        192|
    |grp_k2c_sub2idx_fu_637_shape_q0     |   15|          3|   64|        192|
    |grp_k2c_sub2idx_fu_637_sub_q0       |   15|          3|   64|        192|
    |i_0_in_i3_reg_605                   |    9|          2|   32|         64|
    |i_0_in_i_reg_561                    |    9|          2|   32|         64|
    |i_1_reg_460                         |    9|          2|   64|        128|
    |i_3_reg_472                         |    9|          2|    3|          6|
    |i_4_reg_483                         |    9|          2|    3|          6|
    |i_6_reg_492                         |    9|          2|    3|          6|
    |i_7_reg_515                         |    9|          2|    3|          6|
    |i_8_reg_526                         |    9|          2|    3|          6|
    |i_reg_448                           |    9|          2|   64|        128|
    |idx2_5_reg_537                      |    9|          2|   64|        128|
    |idx2_6_reg_581                      |    9|          2|   64|        128|
    |idx2_i2_reg_594                     |    9|          2|   64|        128|
    |idx2_i_reg_550                      |    9|          2|   64|        128|
    |j_3_reg_503                         |    9|          2|   64|        128|
    |j_4_reg_570                         |    9|          2|    3|          6|
    |j_5_reg_614                         |    9|          2|    3|          6|
    |newshpA_address0                    |   15|          3|    3|          9|
    |newshpA_ce0                         |   15|          3|    1|          3|
    |newshpB_address0                    |   15|          3|    3|          9|
    |newshpB_ce0                         |   15|          3|    1|          3|
    |permA_address0                      |   27|          5|    3|         15|
    |permA_d0                            |   15|          3|   64|        192|
    |permB_address0                      |   27|          5|    3|         15|
    |permB_d0                            |   15|          3|   64|        192|
    +------------------------------------+-----+-----------+-----+-----------+
    |Total                               | 1736|        384| 1267|       3338|
    +------------------------------------+-----+-----------+-----+-----------+

    * Register: 
    +--------------------------------------+-----+----+-----+-----------+
    |                 Name                 |  FF | LUT| Bits| Const Bits|
    +--------------------------------------+-----+----+-----+-----------+
    |A_shape_load_reg_1061                 |   64|   0|   64|          0|
    |ap_CS_fsm                             |  230|   0|  230|          0|
    |ap_enable_reg_pp10_iter0              |    1|   0|    1|          0|
    |ap_enable_reg_pp10_iter1              |    1|   0|    1|          0|
    |ap_enable_reg_pp10_iter2              |    1|   0|    1|          0|
    |ap_enable_reg_pp2_iter0               |    1|   0|    1|          0|
    |ap_enable_reg_pp2_iter1               |    1|   0|    1|          0|
    |ap_enable_reg_pp4_iter0               |    1|   0|    1|          0|
    |ap_enable_reg_pp4_iter1               |    1|   0|    1|          0|
    |ap_enable_reg_pp5_iter0               |    1|   0|    1|          0|
    |ap_enable_reg_pp5_iter1               |    1|   0|    1|          0|
    |ap_enable_reg_pp5_iter2               |    1|   0|    1|          0|
    |ap_enable_reg_pp6_iter0               |    1|   0|    1|          0|
    |ap_enable_reg_pp6_iter1               |    1|   0|    1|          0|
    |ap_enable_reg_pp6_iter2               |    1|   0|    1|          0|
    |ap_enable_reg_pp7_iter0               |    1|   0|    1|          0|
    |ap_enable_reg_pp7_iter1               |    1|   0|    1|          0|
    |ap_enable_reg_pp8_iter0               |    1|   0|    1|          0|
    |ap_enable_reg_pp8_iter1               |    1|   0|    1|          0|
    |ap_enable_reg_pp8_iter2               |    1|   0|    1|          0|
    |ap_enable_reg_pp9_iter0               |    1|   0|    1|          0|
    |ap_enable_reg_pp9_iter1               |    1|   0|    1|          0|
    |count_2_fu_114                        |   64|   0|   64|          0|
    |count_fu_78                           |   64|   0|   64|          0|
    |exitcond3_reg_1092                    |    1|   0|    1|          0|
    |exitcond5_reg_1143                    |    1|   0|    1|          0|
    |exitcond5_reg_1143_pp5_iter1_reg      |    1|   0|    1|          0|
    |exitcond6_reg_1167                    |    1|   0|    1|          0|
    |exitcond6_reg_1167_pp6_iter1_reg      |    1|   0|    1|          0|
    |exitcond7_reg_1307                    |    1|   0|    1|          0|
    |exitcond7_reg_1307_pp10_iter1_reg     |    1|   0|    1|          0|
    |exitcond9_reg_1245                    |    1|   0|    1|          0|
    |exitcond9_reg_1245_pp8_iter1_reg      |    1|   0|    1|          0|
    |free_axesA_reg_1067                   |   64|   0|   64|          0|
    |free_axesB_reg_1072                   |   64|   0|   64|          0|
    |grp_k2c_matmul_1_fu_625_ap_start_reg  |    1|   0|    1|          0|
    |grp_k2c_sub2idx_fu_637_ap_start_reg   |    1|   0|    1|          0|
    |i_0_in_i3_reg_605                     |   32|   0|   32|          0|
    |i_0_in_i_reg_561                      |   32|   0|   32|          0|
    |i_11_cast_reg_1082                    |    3|   0|    3|          0|
    |i_18_reg_1273                         |   64|   0|   64|          0|
    |i_19_reg_1210                         |   32|   0|   32|          0|
    |i_1_reg_460                           |   64|   0|   64|          0|
    |i_21_reg_1278                         |   32|   0|   32|          0|
    |i_31_reg_1077                         |   64|   0|   64|          0|
    |i_37_reg_1195                         |   64|   0|   64|          0|
    |i_3_cast_reg_1087                     |    3|   0|   64|         61|
    |i_3_reg_472                           |    3|   0|    3|          0|
    |i_4_reg_483                           |    3|   0|    3|          0|
    |i_6_cast_reg_1114                     |    3|   0|   64|         61|
    |i_6_reg_492                           |    3|   0|    3|          0|
    |i_7_cast_reg_1138                     |    3|   0|   64|         61|
    |i_7_cast_reg_1138_pp5_iter1_reg       |    3|   0|   64|         61|
    |i_7_reg_515                           |    3|   0|    3|          0|
    |i_8_cast_reg_1162                     |    3|   0|   64|         61|
    |i_8_cast_reg_1162_pp6_iter1_reg       |    3|   0|   64|         61|
    |i_8_reg_526                           |    3|   0|    3|          0|
    |i_reg_448                             |   64|   0|   64|          0|
    |idx2_5_reg_537                        |   64|   0|   64|          0|
    |idx2_6_reg_581                        |   64|   0|   64|          0|
    |idx2_i2_reg_594                       |   64|   0|   64|          0|
    |idx2_i_reg_550                        |   64|   0|   64|          0|
    |j_3_reg_503                           |   64|   0|   64|          0|
    |j_4_cast_reg_1240                     |    3|   0|   64|         61|
    |j_4_cast_reg_1240_pp8_iter1_reg       |    3|   0|   64|         61|
    |j_4_reg_570                           |    3|   0|    3|          0|
    |j_5_cast_reg_1302                     |    3|   0|   64|         61|
    |j_5_cast_reg_1302_pp10_iter1_reg      |    3|   0|   64|         61|
    |j_5_reg_614                           |    3|   0|    3|          0|
    |tmp_49_reg_1186                       |   32|   0|   32|          0|
    |tmp_4_reg_1119                        |    1|   0|    1|          0|
    |tmp_50_reg_1200                       |   32|   0|   32|          0|
    |tmp_51_reg_1205                       |   14|   0|   14|          0|
    |tmp_52_reg_1215                       |    1|   0|    1|          0|
    |tmp_53_reg_1283                       |    1|   0|    1|          0|
    |tmp_8_i7_reg_1287                     |   32|   0|   64|         32|
    |tmp_8_i_reg_1219                      |   32|   0|   64|         32|
    +--------------------------------------+-----+----+-----+-----------+
    |Total                                 | 1548|   0| 2222|        674|
    +--------------------------------------+-----+----+-----+-----------+



================================================================
== Interface
================================================================
* Summary: 
+------------------+-----+-----+------------+--------------+--------------+
|     RTL Ports    | Dir | Bits|  Protocol  | Source Object|    C Type    |
+------------------+-----+-----+------------+--------------+--------------+
|ap_clk            |  in |    1| ap_ctrl_hs |   k2c_dot.1  | return value |
|ap_rst            |  in |    1| ap_ctrl_hs |   k2c_dot.1  | return value |
|ap_start          |  in |    1| ap_ctrl_hs |   k2c_dot.1  | return value |
|ap_done           | out |    1| ap_ctrl_hs |   k2c_dot.1  | return value |
|ap_idle           | out |    1| ap_ctrl_hs |   k2c_dot.1  | return value |
|ap_ready          | out |    1| ap_ctrl_hs |   k2c_dot.1  | return value |
|C_array_address0  | out |   15|  ap_memory |    C_array   |     array    |
|C_array_ce0       | out |    1|  ap_memory |    C_array   |     array    |
|C_array_we0       | out |    1|  ap_memory |    C_array   |     array    |
|C_array_d0        | out |   32|  ap_memory |    C_array   |     array    |
|C_array_q0        |  in |   32|  ap_memory |    C_array   |     array    |
|A_array_address0  | out |   15|  ap_memory |    A_array   |     array    |
|A_array_ce0       | out |    1|  ap_memory |    A_array   |     array    |
|A_array_q0        |  in |   32|  ap_memory |    A_array   |     array    |
|A_ndim_read       |  in |   64|   ap_none  |  A_ndim_read |    scalar    |
|A_numel_read      |  in |   64|   ap_none  | A_numel_read |    scalar    |
|A_shape_address0  | out |    3|  ap_memory |    A_shape   |     array    |
|A_shape_ce0       | out |    1|  ap_memory |    A_shape   |     array    |
|A_shape_q0        |  in |   64|  ap_memory |    A_shape   |     array    |
|B_array_address0  | out |   15|  ap_memory |    B_array   |     array    |
|B_array_ce0       | out |    1|  ap_memory |    B_array   |     array    |
|B_array_q0        |  in |   32|  ap_memory |    B_array   |     array    |
|B_ndim_read       |  in |   64|   ap_none  |  B_ndim_read |    scalar    |
|B_numel_read      |  in |   64|   ap_none  | B_numel_read |    scalar    |
|B_shape_address0  | out |    3|  ap_memory |    B_shape   |     array    |
|B_shape_ce0       | out |    1|  ap_memory |    B_shape   |     array    |
|B_shape_q0        |  in |   64|  ap_memory |    B_shape   |     array    |
|p_read4           |  in |   64|   ap_none  |    p_read4   |    scalar    |
+------------------+-----+-----+------------+--------------+--------------+

