

================================================================
== Vivado HLS Report for 'k2c_relu_func'
================================================================
* Date:           Tue Apr 23 20:37:54 2024

* Version:        2018.2 (Build 2258646 on Thu Jun 14 20:25:20 MDT 2018)
* Project:        Webmodel_final
* Solution:       solution1
* Product family: artix7
* Target device:  xc7a200tsbv484-2


================================================================
== Performance Estimates
================================================================
+ Timing (ns): 
    * Summary: 
    +--------+-------+----------+------------+
    |  Clock | Target| Estimated| Uncertainty|
    +--------+-------+----------+------------+
    |ap_clk  |  10.00|     8.081|        1.25|
    +--------+-------+----------+------------+

+ Latency (clock cycles): 
    * Summary: 
    +-----+-----+-----+-----+---------+
    |  Latency  |  Interval | Pipeline|
    | min | max | min | max |   Type  |
    +-----+-----+-----+-----+---------+
    |    ?|    ?|    ?|    ?|   none  |
    +-----+-----+-----+-----+---------+

    + Detail: 
        * Instance: 
        N/A

        * Loop: 
        +----------+-----+-----+----------+-----------+-----------+------+----------+
        |          |  Latency  | Iteration|  Initiation Interval  | Trip |          |
        | Loop Name| min | max |  Latency |  achieved |   target  | Count| Pipelined|
        +----------+-----+-----+----------+-----------+-----------+------+----------+
        |- Loop 1  |    ?|    ?|         3|          1|          1|     ?|    yes   |
        +----------+-----+-----+----------+-----------+-----------+------+----------+



================================================================
== Utilization Estimates
================================================================
* Summary: 
+-----------------+---------+-------+--------+--------+
|       Name      | BRAM_18K| DSP48E|   FF   |   LUT  |
+-----------------+---------+-------+--------+--------+
|DSP              |        -|      -|       -|       -|
|Expression       |        -|      -|       0|     137|
|FIFO             |        -|      -|       -|       -|
|Instance         |        -|      0|      66|      67|
|Memory           |        -|      -|       -|       -|
|Multiplexer      |        -|      -|       -|      48|
|Register         |        -|      -|     103|       -|
+-----------------+---------+-------+--------+--------+
|Total            |        0|      0|     169|     252|
+-----------------+---------+-------+--------+--------+
|Available        |      730|    740|  269200|  129000|
+-----------------+---------+-------+--------+--------+
|Utilization (%)  |        0|      0|   ~0   |   ~0   |
+-----------------+---------+-------+--------+--------+

+ Detail: 
    * Instance: 
    +--------------------------+----------------------+---------+-------+----+----+
    |         Instance         |        Module        | BRAM_18K| DSP48E| FF | LUT|
    +--------------------------+----------------------+---------+-------+----+----+
    |WebModel_fcmp_32nlbW_U46  |WebModel_fcmp_32nlbW  |        0|      0|  66|  67|
    +--------------------------+----------------------+---------+-------+----+----+
    |Total                     |                      |        0|      0|  66|  67|
    +--------------------------+----------------------+---------+-------+----+----+

    * DSP48: 
    N/A

    * Memory: 
    N/A

    * FIFO: 
    N/A

    * Expression: 
    +-------------------------+----------+-------+---+----+------------+------------+
    |      Variable Name      | Operation| DSP48E| FF| LUT| Bitwidth P0| Bitwidth P1|
    +-------------------------+----------+-------+---+----+------------+------------+
    |i_2_fu_85_p2             |     +    |      0|  0|  71|          64|           1|
    |tmp_5_fu_125_p2          |    and   |      0|  0|   2|           1|           1|
    |exitcond_fu_80_p2        |   icmp   |      0|  0|  29|          64|          64|
    |notlhs_fu_109_p2         |   icmp   |      0|  0|  11|           8|           2|
    |notrhs_fu_115_p2         |   icmp   |      0|  0|  18|          23|           1|
    |tmp_2_fu_121_p2          |    or    |      0|  0|   2|           1|           1|
    |ap_enable_pp0            |    xor   |      0|  0|   2|           1|           2|
    |ap_enable_reg_pp0_iter1  |    xor   |      0|  0|   2|           2|           1|
    +-------------------------+----------+-------+---+----+------------+------------+
    |Total                    |          |      0|  0| 137|         164|          73|
    +-------------------------+----------+-------+---+----+------------+------------+

    * Multiplexer: 
    +-------------------------+----+-----------+-----+-----------+
    |           Name          | LUT| Input Size| Bits| Total Bits|
    +-------------------------+----+-----------+-----+-----------+
    |ap_NS_fsm                |  21|          4|    1|          4|
    |ap_enable_reg_pp0_iter1  |   9|          2|    1|          2|
    |ap_enable_reg_pp0_iter2  |   9|          2|    1|          2|
    |i_reg_62                 |   9|          2|   64|        128|
    +-------------------------+----+-----------+-----+-----------+
    |Total                    |  48|         10|   67|        136|
    +-------------------------+----+-----------+-----+-----------+

    * Register: 
    +------------------------------+----+----+-----+-----------+
    |             Name             | FF | LUT| Bits| Const Bits|
    +------------------------------+----+----+-----+-----------+
    |ap_CS_fsm                     |   3|   0|    3|          0|
    |ap_enable_reg_pp0_iter0       |   1|   0|    1|          0|
    |ap_enable_reg_pp0_iter1       |   1|   0|    1|          0|
    |ap_enable_reg_pp0_iter2       |   1|   0|    1|          0|
    |i_reg_62                      |  64|   0|   64|          0|
    |notlhs_reg_150                |   1|   0|    1|          0|
    |notrhs_reg_155                |   1|   0|    1|          0|
    |tmp_4_reg_160                 |   1|   0|    1|          0|
    |x_addr_reg_144                |  15|   0|   15|          0|
    |x_addr_reg_144_pp0_iter1_reg  |  15|   0|   15|          0|
    +------------------------------+----+----+-----+-----------+
    |Total                         | 103|   0|  103|          0|
    +------------------------------+----+----+-----+-----------+



================================================================
== Interface
================================================================
* Summary: 
+------------+-----+-----+------------+---------------+--------------+
|  RTL Ports | Dir | Bits|  Protocol  | Source Object |    C Type    |
+------------+-----+-----+------------+---------------+--------------+
|ap_clk      |  in |    1| ap_ctrl_hs | k2c_relu_func | return value |
|ap_rst      |  in |    1| ap_ctrl_hs | k2c_relu_func | return value |
|ap_start    |  in |    1| ap_ctrl_hs | k2c_relu_func | return value |
|ap_done     | out |    1| ap_ctrl_hs | k2c_relu_func | return value |
|ap_idle     | out |    1| ap_ctrl_hs | k2c_relu_func | return value |
|ap_ready    | out |    1| ap_ctrl_hs | k2c_relu_func | return value |
|x_address0  | out |   15|  ap_memory |       x       |     array    |
|x_ce0       | out |    1|  ap_memory |       x       |     array    |
|x_q0        |  in |   32|  ap_memory |       x       |     array    |
|x_address1  | out |   15|  ap_memory |       x       |     array    |
|x_ce1       | out |    1|  ap_memory |       x       |     array    |
|x_we1       | out |    1|  ap_memory |       x       |     array    |
|x_d1        | out |   32|  ap_memory |       x       |     array    |
|size        |  in |   64|   ap_none  |      size     |    scalar    |
+------------+-----+-----+------------+---------------+--------------+

