

================================================================
== Vivado HLS Report for 'k2c_dense_2'
================================================================
* Date:           Tue Apr 23 20:37:56 2024

* Version:        2018.2 (Build 2258646 on Thu Jun 14 20:25:20 MDT 2018)
* Project:        Webmodel_final
* Solution:       solution1
* Product family: artix7
* Target device:  xc7a200tsbv484-2


================================================================
== Performance Estimates
================================================================
+ Timing (ns): 
    * Summary: 
    +--------+-------+----------+------------+
    |  Clock | Target| Estimated| Uncertainty|
    +--------+-------+----------+------------+
    |ap_clk  |  10.00|     9.286|        1.25|
    +--------+-------+----------+------------+

+ Latency (clock cycles): 
    * Summary: 
    +-----+-----+-----+-----+---------+
    |  Latency  |  Interval | Pipeline|
    | min | max | min | max |   Type  |
    +-----+-----+-----+-----+---------+
    |    ?|    ?|    ?|    ?|   none  |
    +-----+-----+-----+-----+---------+

    + Detail: 
        * Instance: 
        +--------------------------------+---------------------+-----+-----+-----+-----+---------+
        |                                |                     |  Latency  |  Interval | Pipeline|
        |            Instance            |        Module       | min | max | min | max |   Type  |
        +--------------------------------+---------------------+-----+-----+-----+-----+---------+
        |grp_k2c_dot_fu_182              |k2c_dot              |    ?|    ?|    ?|    ?|   none  |
        |grp_k2c_affine_matmul_1_fu_209  |k2c_affine_matmul_1  |    ?|    ?|    ?|    ?|   none  |
        |grp_k2c_relu_func_fu_231        |k2c_relu_func        |    ?|    ?|    ?|    ?|   none  |
        +--------------------------------+---------------------+-----+-----+-----+-----+---------+

        * Loop: 
        +----------+-----+-----+----------+-----------+-----------+------+----------+
        |          |  Latency  | Iteration|  Initiation Interval  | Trip |          |
        | Loop Name| min | max |  Latency |  achieved |   target  | Count| Pipelined|
        +----------+-----+-----+----------+-----------+-----------+------+----------+
        |- Loop 1  |   70|   70|         8|          1|          1|    64|    yes   |
        +----------+-----+-----+----------+-----------+-----------+------+----------+



================================================================
== Utilization Estimates
================================================================
* Summary: 
+-----------------+---------+-------+--------+--------+
|       Name      | BRAM_18K| DSP48E|   FF   |   LUT  |
+-----------------+---------+-------+--------+--------+
|DSP              |        -|      -|       -|       -|
|Expression       |        -|      -|       0|     288|
|FIFO             |        -|      -|       -|       -|
|Instance         |       64|    126|   45520|   35641|
|Memory           |        -|      -|       -|       -|
|Multiplexer      |        -|      -|       -|     509|
|Register         |        0|      -|     603|      64|
+-----------------+---------+-------+--------+--------+
|Total            |       64|    126|   46123|   36502|
+-----------------+---------+-------+--------+--------+
|Available        |      730|    740|  269200|  129000|
+-----------------+---------+-------+--------+--------+
|Utilization (%)  |        8|     17|      17|      28|
+-----------------+---------+-------+--------+--------+

+ Detail: 
    * Instance: 
    +--------------------------------+----------------------+---------+-------+-------+-------+
    |            Instance            |        Module        | BRAM_18K| DSP48E|   FF  |  LUT  |
    +--------------------------------+----------------------+---------+-------+-------+-------+
    |WebModel_fadd_32ncud_U68        |WebModel_fadd_32ncud  |        0|      2|    205|    203|
    |WebModel_mul_64s_bkb_U69        |WebModel_mul_64s_bkb  |        0|     16|    361|    195|
    |grp_k2c_affine_matmul_1_fu_209  |k2c_affine_matmul_1   |        0|     39|   2257|   1748|
    |grp_k2c_dot_fu_182              |k2c_dot               |       64|     69|  42528|  33243|
    |grp_k2c_relu_func_fu_231        |k2c_relu_func         |        0|      0|    169|    252|
    +--------------------------------+----------------------+---------+-------+-------+-------+
    |Total                           |                      |       64|    126|  45520|  35641|
    +--------------------------------+----------------------+---------+-------+-------+-------+

    * DSP48: 
    N/A

    * Memory: 
    N/A

    * FIFO: 
    N/A

    * Expression: 
    +----------------------------------+----------+-------+---+----+------------+------------+
    |           Variable Name          | Operation| DSP48E| FF| LUT| Bitwidth P0| Bitwidth P1|
    +----------------------------------+----------+-------+---+----+------------+------------+
    |indvar_flatten_next_fu_278_p2     |     +    |      0|  0|  15|           7|           1|
    |j_fu_328_p2                       |     +    |      0|  0|  15|           7|           1|
    |tmp_7_fu_249_p2                   |     +    |      0|  0|  71|          64|           2|
    |tmp_i_fu_317_p2                   |     +    |      0|  0|  15|           7|           7|
    |ap_block_state17_on_subcall_done  |    and   |      0|  0|   2|           1|           1|
    |exitcond_flatten_fu_272_p2        |   icmp   |      0|  0|  11|           7|           8|
    |exitcond_i4_fu_284_p2             |   icmp   |      0|  0|  11|           7|           8|
    |icmp_fu_266_p2                    |   icmp   |      0|  0|  29|          63|           1|
    |tmp_fu_243_p2                     |   icmp   |      0|  0|  29|          64|           2|
    |i_i_mid2_fu_304_p3                |  select  |      0|  0|   7|           1|           7|
    |j_i_mid2_fu_290_p3                |  select  |      0|  0|   7|           1|           1|
    |outrows_fu_334_p3                 |  select  |      0|  0|  64|           1|          64|
    |ap_enable_pp0                     |    xor   |      0|  0|   2|           1|           2|
    |ap_enable_reg_pp0_iter1           |    xor   |      0|  0|   2|           2|           1|
    |i2_fu_298_p2                      |    xor   |      0|  0|   8|           7|           8|
    +----------------------------------+----------+-------+---+----+------------+------------+
    |Total                             |          |      0|  0| 288|         240|         114|
    +----------------------------------+----------+-------+---+----+------------+------------+

    * Multiplexer: 
    +-------------------------------+----+-----------+-----+-----------+
    |              Name             | LUT| Input Size| Bits| Total Bits|
    +-------------------------------+----+-----------+-----+-----------+
    |ap_NS_fsm                      |  50|         11|    1|         11|
    |ap_enable_reg_pp0_iter1        |   9|          2|    1|          2|
    |ap_enable_reg_pp0_iter7        |   9|          2|    1|          2|
    |ap_phi_mux_i_i_phi_fu_164_p4   |   9|          2|    7|         14|
    |bias_array_address0            |  15|          3|   15|         45|
    |bias_array_ce0                 |  15|          3|    1|          3|
    |grp_k2c_relu_func_fu_231_size  |  15|          3|   64|        192|
    |i_i_reg_160                    |   9|          2|    7|         14|
    |indvar_flatten_reg_149         |   9|          2|    7|         14|
    |input_array_address0           |  15|          3|   15|         45|
    |input_array_ce0                |  15|          3|    1|          3|
    |input_shape_address0           |  15|          3|    3|          9|
    |input_shape_ce0                |  15|          3|    1|          3|
    |j_i_reg_171                    |   9|          2|    7|         14|
    |kernel_array_0_address0        |  15|          3|   13|         39|
    |kernel_array_0_ce0             |  15|          3|    1|          3|
    |kernel_array_1_address0        |  15|          3|   13|         39|
    |kernel_array_1_ce0             |  15|          3|    1|          3|
    |kernel_array_2_address0        |  15|          3|   13|         39|
    |kernel_array_2_ce0             |  15|          3|    1|          3|
    |kernel_array_3_address0        |  15|          3|   13|         39|
    |kernel_array_3_ce0             |  15|          3|    1|          3|
    |kernel_shape_address0          |  21|          4|    3|         12|
    |kernel_shape_ce0               |  15|          3|    1|          3|
    |output_array_address0          |  27|          5|   15|         75|
    |output_array_address1          |  15|          3|   15|         45|
    |output_array_ce0               |  27|          5|    1|          5|
    |output_array_ce1               |  15|          3|    1|          3|
    |output_array_d0                |  15|          3|   32|         96|
    |output_array_d1                |  15|          3|   32|         96|
    |output_array_we0               |  15|          3|    1|          3|
    |output_array_we1               |  15|          3|    1|          3|
    +-------------------------------+----+-----------+-----+-----------+
    |Total                          | 509|        103|  289|        880|
    +-------------------------------+----+-----------+-----+-----------+

    * Register: 
    +---------------------------------------------+----+----+-----+-----------+
    |                     Name                    | FF | LUT| Bits| Const Bits|
    +---------------------------------------------+----+----+-----+-----------+
    |ap_CS_fsm                                    |  10|   0|   10|          0|
    |ap_enable_reg_pp0_iter0                      |   1|   0|    1|          0|
    |ap_enable_reg_pp0_iter1                      |   1|   0|    1|          0|
    |ap_enable_reg_pp0_iter2                      |   1|   0|    1|          0|
    |ap_enable_reg_pp0_iter3                      |   1|   0|    1|          0|
    |ap_enable_reg_pp0_iter4                      |   1|   0|    1|          0|
    |ap_enable_reg_pp0_iter5                      |   1|   0|    1|          0|
    |ap_enable_reg_pp0_iter6                      |   1|   0|    1|          0|
    |ap_enable_reg_pp0_iter7                      |   1|   0|    1|          0|
    |bias_array_load_reg_409                      |  32|   0|   32|          0|
    |exitcond_flatten_reg_379                     |   1|   0|    1|          0|
    |grp_k2c_affine_matmul_1_fu_209_ap_start_reg  |   1|   0|    1|          0|
    |grp_k2c_dot_fu_182_ap_start_reg              |   1|   0|    1|          0|
    |grp_k2c_relu_func_fu_231_ap_start_reg        |   1|   0|    1|          0|
    |i_i_mid2_reg_388                             |   7|   0|    7|          0|
    |i_i_reg_160                                  |   7|   0|    7|          0|
    |icmp_reg_364                                 |   1|   0|    1|          0|
    |indvar_flatten_reg_149                       |   7|   0|    7|          0|
    |innerdim_reg_441                             |  64|   0|   64|          0|
    |j_i_reg_171                                  |   7|   0|    7|          0|
    |outcols_reg_430                              |  64|   0|   64|          0|
    |output_array_addr_reg_398                    |   7|   0|   15|          8|
    |output_array_load_reg_414                    |  32|   0|   32|          0|
    |outrows_reg_424                              |  64|   0|   64|          0|
    |outsize_reg_446                              |  64|   0|   64|          0|
    |tmp_10_i_reg_419                             |  32|   0|   32|          0|
    |tmp_7_reg_359                                |  64|   0|   64|          0|
    |tmp_reg_355                                  |   1|   0|    1|          0|
    |exitcond_flatten_reg_379                     |  64|  32|    1|          0|
    |output_array_addr_reg_398                    |  64|  32|   15|          8|
    +---------------------------------------------+----+----+-----+-----------+
    |Total                                        | 603|  64|  499|         16|
    +---------------------------------------------+----+----+-----+-----------+



================================================================
== Interface
================================================================
* Summary: 
+-------------------------+-----+-----+------------+------------------+--------------+
|        RTL Ports        | Dir | Bits|  Protocol  |   Source Object  |    C Type    |
+-------------------------+-----+-----+------------+------------------+--------------+
|ap_clk                   |  in |    1| ap_ctrl_hs |    k2c_dense.2   | return value |
|ap_rst                   |  in |    1| ap_ctrl_hs |    k2c_dense.2   | return value |
|ap_start                 |  in |    1| ap_ctrl_hs |    k2c_dense.2   | return value |
|ap_done                  | out |    1| ap_ctrl_hs |    k2c_dense.2   | return value |
|ap_idle                  | out |    1| ap_ctrl_hs |    k2c_dense.2   | return value |
|ap_ready                 | out |    1| ap_ctrl_hs |    k2c_dense.2   | return value |
|output_array_address0    | out |   15|  ap_memory |   output_array   |     array    |
|output_array_ce0         | out |    1|  ap_memory |   output_array   |     array    |
|output_array_we0         | out |    1|  ap_memory |   output_array   |     array    |
|output_array_d0          | out |   32|  ap_memory |   output_array   |     array    |
|output_array_q0          |  in |   32|  ap_memory |   output_array   |     array    |
|output_array_address1    | out |   15|  ap_memory |   output_array   |     array    |
|output_array_ce1         | out |    1|  ap_memory |   output_array   |     array    |
|output_array_we1         | out |    1|  ap_memory |   output_array   |     array    |
|output_array_d1          | out |   32|  ap_memory |   output_array   |     array    |
|input_array_address0     | out |   15|  ap_memory |    input_array   |     array    |
|input_array_ce0          | out |    1|  ap_memory |    input_array   |     array    |
|input_array_q0           |  in |   32|  ap_memory |    input_array   |     array    |
|input_ndim_read          |  in |   64|   ap_none  |  input_ndim_read |    scalar    |
|input_numel_read         |  in |   64|   ap_none  | input_numel_read |    scalar    |
|input_shape_address0     | out |    3|  ap_memory |    input_shape   |     array    |
|input_shape_ce0          | out |    1|  ap_memory |    input_shape   |     array    |
|input_shape_q0           |  in |   64|  ap_memory |    input_shape   |     array    |
|kernel_array_0_address0  | out |   13|  ap_memory |  kernel_array_0  |     array    |
|kernel_array_0_ce0       | out |    1|  ap_memory |  kernel_array_0  |     array    |
|kernel_array_0_q0        |  in |   32|  ap_memory |  kernel_array_0  |     array    |
|kernel_array_1_address0  | out |   13|  ap_memory |  kernel_array_1  |     array    |
|kernel_array_1_ce0       | out |    1|  ap_memory |  kernel_array_1  |     array    |
|kernel_array_1_q0        |  in |   32|  ap_memory |  kernel_array_1  |     array    |
|kernel_array_2_address0  | out |   13|  ap_memory |  kernel_array_2  |     array    |
|kernel_array_2_ce0       | out |    1|  ap_memory |  kernel_array_2  |     array    |
|kernel_array_2_q0        |  in |   32|  ap_memory |  kernel_array_2  |     array    |
|kernel_array_3_address0  | out |   13|  ap_memory |  kernel_array_3  |     array    |
|kernel_array_3_ce0       | out |    1|  ap_memory |  kernel_array_3  |     array    |
|kernel_array_3_q0        |  in |   32|  ap_memory |  kernel_array_3  |     array    |
|kernel_shape_address0    | out |    3|  ap_memory |   kernel_shape   |     array    |
|kernel_shape_ce0         | out |    1|  ap_memory |   kernel_shape   |     array    |
|kernel_shape_q0          |  in |   64|  ap_memory |   kernel_shape   |     array    |
|bias_array_address0      | out |   15|  ap_memory |    bias_array    |     array    |
|bias_array_ce0           | out |    1|  ap_memory |    bias_array    |     array    |
|bias_array_q0            |  in |   32|  ap_memory |    bias_array    |     array    |
+-------------------------+-----+-----+------------+------------------+--------------+

