

================================================================
== Vivado HLS Report for 'k2c_affine_matmul'
================================================================
* Date:           Tue Apr 23 20:38:02 2024

* Version:        2018.2 (Build 2258646 on Thu Jun 14 20:25:20 MDT 2018)
* Project:        Webmodel_final
* Solution:       solution1
* Product family: artix7
* Target device:  xc7a200tsbv484-2


================================================================
== Performance Estimates
================================================================
+ Timing (ns): 
    * Summary: 
    +--------+-------+----------+------------+
    |  Clock | Target| Estimated| Uncertainty|
    +--------+-------+----------+------------+
    |ap_clk  |  10.00|     9.122|        1.25|
    +--------+-------+----------+------------+

+ Latency (clock cycles): 
    * Summary: 
    +-----+-----+-----+-----+---------+
    |  Latency  |  Interval | Pipeline|
    | min | max | min | max |   Type  |
    +-----+-----+-----+-----+---------+
    |    ?|    ?|    ?|    ?|   none  |
    +-----+-----+-----+-----+---------+

    + Detail: 
        * Instance: 
        N/A

        * Loop: 
        +-------------+-----+-----+----------+-----------+-----------+------+----------+
        |             |  Latency  | Iteration|  Initiation Interval  | Trip |          |
        |  Loop Name  | min | max |  Latency |  achieved |   target  | Count| Pipelined|
        +-------------+-----+-----+----------+-----------+-----------+------+----------+
        |- Loop 1     |    ?|    ?|         1|          -|          -|     ?|    no    |
        |- Loop 2     |    ?|    ?|         ?|          -|          -|     ?|    no    |
        | + Loop 2.1  |    ?|    ?|        10|          5|          1|     ?|    yes   |
        +-------------+-----+-----+----------+-----------+-----------+------+----------+



================================================================
== Utilization Estimates
================================================================
* Summary: 
+-----------------+---------+-------+--------+--------+
|       Name      | BRAM_18K| DSP48E|   FF   |   LUT  |
+-----------------+---------+-------+--------+--------+
|DSP              |        -|      3|       -|       -|
|Expression       |        -|      -|       0|     685|
|FIFO             |        -|      -|       -|       -|
|Instance         |        -|     37|    1055|     722|
|Memory           |        -|      -|       -|       -|
|Multiplexer      |        -|      -|       -|     164|
|Register         |        -|      -|    1072|       -|
+-----------------+---------+-------+--------+--------+
|Total            |        0|     40|    2127|    1571|
+-----------------+---------+-------+--------+--------+
|Available        |      730|    740|  269200|  129000|
+-----------------+---------+-------+--------+--------+
|Utilization (%)  |        0|      5|   ~0   |       1|
+-----------------+---------+-------+--------+--------+

+ Detail: 
    * Instance: 
    +---------------------------+----------------------+---------+-------+-----+-----+
    |          Instance         |        Module        | BRAM_18K| DSP48E|  FF | LUT |
    +---------------------------+----------------------+---------+-------+-----+-----+
    |WebModel_fadd_32ncud_U109  |WebModel_fadd_32ncud  |        0|      2|  205|  203|
    |WebModel_fmul_32ndEe_U110  |WebModel_fmul_32ndEe  |        0|      3|  128|  129|
    |WebModel_mul_64nseOg_U112  |WebModel_mul_64nseOg  |        0|     16|  361|  195|
    |WebModel_mul_64s_bkb_U111  |WebModel_mul_64s_bkb  |        0|     16|  361|  195|
    +---------------------------+----------------------+---------+-------+-----+-----+
    |Total                      |                      |        0|     37| 1055|  722|
    +---------------------------+----------------------+---------+-------+-----+-----+

    * DSP48: 
    +---------------------------+----------------------+--------------+
    |          Instance         |        Module        |  Expression  |
    +---------------------------+----------------------+--------------+
    |WebModel_mac_mulaocq_U115  |WebModel_mac_mulaocq  | i0 * i1 + i2 |
    |WebModel_mul_mul_mb6_U113  |WebModel_mul_mul_mb6  |    i0 * i1   |
    |WebModel_mul_mul_mb6_U114  |WebModel_mul_mul_mb6  |    i0 * i1   |
    +---------------------------+----------------------+--------------+

    * Memory: 
    N/A

    * FIFO: 
    N/A

    * Expression: 
    +-------------------------------+----------+-------+---+-----+------------+------------+
    |         Variable Name         | Operation| DSP48E| FF| LUT | Bitwidth P0| Bitwidth P1|
    +-------------------------------+----------+-------+---+-----+------------+------------+
    |i_54_fu_325_p2                 |     +    |      0|  0|   71|          64|           1|
    |indvar_flatten_next_fu_246_p2  |     +    |      0|  0|  135|         128|           1|
    |j_s_fu_257_p2                  |     +    |      0|  0|   71|           1|          64|
    |k_2_fu_292_p2                  |     +    |      0|  0|   71|          64|           1|
    |p_1_fu_217_p2                  |     +    |      0|  0|   22|          15|           1|
    |sum4_fu_316_p2                 |     +    |      0|  0|   23|          16|          16|
    |sum7_fu_302_p2                 |     +    |      0|  0|   23|          16|          16|
    |exitcond2_fu_252_p2            |   icmp   |      0|  0|   29|          64|          64|
    |exitcond3_fu_212_p2            |   icmp   |      0|  0|   29|          64|          64|
    |exitcond_flatten_fu_241_p2     |   icmp   |      0|  0|   50|         128|         128|
    |exitcond_fu_287_p2             |   icmp   |      0|  0|   29|          64|          64|
    |i_mid2_fu_276_p3               |  select  |      0|  0|   64|           1|           1|
    |j_cast_mid2_v_fu_263_p3        |  select  |      0|  0|   64|           1|          64|
    |ap_enable_pp0                  |    xor   |      0|  0|    2|           1|           2|
    |ap_enable_reg_pp0_iter1        |    xor   |      0|  0|    2|           2|           1|
    +-------------------------------+----------+-------+---+-----+------------+------------+
    |Total                          |          |      0|  0|  685|         629|         488|
    +-------------------------------+----------+-------+---+-----+------------+------------+

    * Multiplexer: 
    +----------------------------+----+-----------+-----+-----------+
    |            Name            | LUT| Input Size| Bits| Total Bits|
    +----------------------------+----+-----------+-----+-----------+
    |C_address0                  |  15|          3|   15|         45|
    |C_d0                        |  15|          3|   32|         96|
    |ap_NS_fsm                   |  56|         13|    1|         13|
    |ap_enable_reg_pp0_iter1     |  15|          3|    1|          3|
    |ap_phi_mux_k_phi_fu_185_p4  |   9|          2|   64|        128|
    |i_reg_158                   |   9|          2|   64|        128|
    |indvar_flatten_reg_136      |   9|          2|  128|        256|
    |j_reg_147                   |   9|          2|   64|        128|
    |k_reg_181                   |   9|          2|   64|        128|
    |p_reg_125                   |   9|          2|   15|         30|
    |sum1_reg_170                |   9|          2|   32|         64|
    +----------------------------+----+-----------+-----+-----------+
    |Total                       | 164|         36|  480|       1019|
    +----------------------------+----+-----------+-----+-----------+

    * Register: 
    +--------------------------------+-----+----+-----+-----------+
    |              Name              |  FF | LUT| Bits| Const Bits|
    +--------------------------------+-----+----+-----+-----------+
    |A_load_reg_474                  |   32|   0|   32|          0|
    |B_load_reg_479                  |   32|   0|   32|          0|
    |ap_CS_fsm                       |   12|   0|   12|          0|
    |ap_enable_reg_pp0_iter0         |    1|   0|    1|          0|
    |ap_enable_reg_pp0_iter1         |    1|   0|    1|          0|
    |bound_reg_401                   |  128|   0|  128|          0|
    |exitcond2_reg_414               |    1|   0|    1|          0|
    |exitcond_reg_455                |    1|   0|    1|          0|
    |exitcond_reg_455_pp0_iter1_reg  |    1|   0|    1|          0|
    |i_mid2_reg_435                  |   64|   0|   64|          0|
    |i_reg_158                       |   64|   0|   64|          0|
    |indvar_flatten_next_reg_409     |  128|   0|  128|          0|
    |indvar_flatten_reg_136          |  128|   0|  128|          0|
    |inneridx_reg_445                |   16|   0|   16|          0|
    |j_cast_mid2_v_reg_419           |   64|   0|   64|          0|
    |j_reg_147                       |   64|   0|   64|          0|
    |k_2_reg_459                     |   64|   0|   64|          0|
    |k_reg_181                       |   64|   0|   64|          0|
    |outrowidx_reg_440               |   16|   0|   16|          0|
    |p_reg_125                       |   15|   0|   15|          0|
    |sum1_reg_170                    |   32|   0|   32|          0|
    |tmp_12_reg_484                  |   32|   0|   32|          0|
    |tmp_75_reg_380                  |   16|   0|   16|          0|
    |tmp_76_reg_396                  |   16|   0|   16|          0|
    |tmp_77_reg_424                  |   16|   0|   16|          0|
    |tmp_reg_367                     |   64|   0|   64|          0|
    +--------------------------------+-----+----+-----+-----------+
    |Total                           | 1072|   0| 1072|          0|
    +--------------------------------+-----+----+-----+-----------+



================================================================
== Interface
================================================================
* Summary: 
+------------+-----+-----+------------+-------------------+--------------+
|  RTL Ports | Dir | Bits|  Protocol  |   Source Object   |    C Type    |
+------------+-----+-----+------------+-------------------+--------------+
|ap_clk      |  in |    1| ap_ctrl_hs | k2c_affine_matmul | return value |
|ap_rst      |  in |    1| ap_ctrl_hs | k2c_affine_matmul | return value |
|ap_start    |  in |    1| ap_ctrl_hs | k2c_affine_matmul | return value |
|ap_done     | out |    1| ap_ctrl_hs | k2c_affine_matmul | return value |
|ap_idle     | out |    1| ap_ctrl_hs | k2c_affine_matmul | return value |
|ap_ready    | out |    1| ap_ctrl_hs | k2c_affine_matmul | return value |
|C_address0  | out |   15|  ap_memory |         C         |     array    |
|C_ce0       | out |    1|  ap_memory |         C         |     array    |
|C_we0       | out |    1|  ap_memory |         C         |     array    |
|C_d0        | out |   32|  ap_memory |         C         |     array    |
|A_address0  | out |   15|  ap_memory |         A         |     array    |
|A_ce0       | out |    1|  ap_memory |         A         |     array    |
|A_q0        |  in |   32|  ap_memory |         A         |     array    |
|B_address0  | out |   15|  ap_memory |         B         |     array    |
|B_ce0       | out |    1|  ap_memory |         B         |     array    |
|B_q0        |  in |   32|  ap_memory |         B         |     array    |
|d_address0  | out |   15|  ap_memory |         d         |     array    |
|d_ce0       | out |    1|  ap_memory |         d         |     array    |
|d_q0        |  in |   32|  ap_memory |         d         |     array    |
|outrows     |  in |   64|   ap_none  |      outrows      |    scalar    |
|outcols     |  in |   64|   ap_none  |      outcols      |    scalar    |
|innerdim    |  in |   64|   ap_none  |      innerdim     |    scalar    |
+------------+-----+-----+------------+-------------------+--------------+

