

================================================================
== Vivado HLS Report for 'k2c_sub2idx'
================================================================
* Date:           Tue Apr 23 20:37:49 2024

* Version:        2018.2 (Build 2258646 on Thu Jun 14 20:25:20 MDT 2018)
* Project:        Webmodel_final
* Solution:       solution1
* Product family: artix7
* Target device:  xc7a200tsbv484-2


================================================================
== Performance Estimates
================================================================
+ Timing (ns): 
    * Summary: 
    +--------+-------+----------+------------+
    |  Clock | Target| Estimated| Uncertainty|
    +--------+-------+----------+------------+
    |ap_clk  |  10.00|     8.609|        1.25|
    +--------+-------+----------+------------+

+ Latency (clock cycles): 
    * Summary: 
    +-----+-----+-----+-----+---------+
    |  Latency  |  Interval | Pipeline|
    | min | max | min | max |   Type  |
    +-----+-----+-----+-----+---------+
    |    ?|    ?|    ?|    ?|   none  |
    +-----+-----+-----+-----+---------+

    + Detail: 
        * Instance: 
        N/A

        * Loop: 
        +-------------+-----+-----+----------+-----------+-----------+------+----------+
        |             |  Latency  | Iteration|  Initiation Interval  | Trip |          |
        |  Loop Name  | min | max |  Latency |  achieved |   target  | Count| Pipelined|
        +-------------+-----+-----+----------+-----------+-----------+------+----------+
        |- Loop 1     |    ?|    ?|         ?|          -|          -|     ?|    no    |
        | + Loop 1.1  |    ?|    ?|         4|          2|          1|     ?|    yes   |
        +-------------+-----+-----+----------+-----------+-----------+------+----------+



================================================================
== Utilization Estimates
================================================================
* Summary: 
+-----------------+---------+-------+--------+--------+
|       Name      | BRAM_18K| DSP48E|   FF   |   LUT  |
+-----------------+---------+-------+--------+--------+
|DSP              |        -|      -|       -|       -|
|Expression       |        -|      -|       0|     196|
|FIFO             |        -|      -|       -|       -|
|Instance         |        -|     16|     361|     195|
|Memory           |        -|      -|       -|       -|
|Multiplexer      |        -|      -|       -|     107|
|Register         |        -|      -|     407|       -|
+-----------------+---------+-------+--------+--------+
|Total            |        0|     16|     768|     498|
+-----------------+---------+-------+--------+--------+
|Available        |      730|    740|  269200|  129000|
+-----------------+---------+-------+--------+--------+
|Utilization (%)  |        0|      2|   ~0   |   ~0   |
+-----------------+---------+-------+--------+--------+

+ Detail: 
    * Instance: 
    +-------------------------+----------------------+---------+-------+-----+-----+
    |         Instance        |        Module        | BRAM_18K| DSP48E|  FF | LUT |
    +-------------------------+----------------------+---------+-------+-----+-----+
    |WebModel_mul_64s_bkb_U1  |WebModel_mul_64s_bkb  |        0|     16|  361|  195|
    +-------------------------+----------------------+---------+-------+-----+-----+
    |Total                    |                      |        0|     16|  361|  195|
    +-------------------------+----------------------+---------+-------+-----+-----+

    * DSP48: 
    N/A

    * Memory: 
    N/A

    * FIFO: 
    N/A

    * Expression: 
    +-------------------------+----------+-------+---+----+------------+------------+
    |      Variable Name      | Operation| DSP48E| FF| LUT| Bitwidth P0| Bitwidth P1|
    +-------------------------+----------+-------+---+----+------------+------------+
    |i_1_fu_119_p2            |     +    |      0|  0|  12|           3|           1|
    |idx_1_fu_147_p2          |     +    |      0|  0|  71|          64|          64|
    |j_fu_130_p2              |     +    |      0|  0|  71|          64|           2|
    |exitcond_fu_114_p2       |   icmp   |      0|  0|   9|           4|           4|
    |tmp_fu_137_p2            |   icmp   |      0|  0|  29|          64|          64|
    |ap_enable_pp0            |    xor   |      0|  0|   2|           1|           2|
    |ap_enable_reg_pp0_iter1  |    xor   |      0|  0|   2|           2|           1|
    +-------------------------+----------+-------+---+----+------------+------------+
    |Total                    |          |      0|  0| 196|         202|         138|
    +-------------------------+----------+-------+---+----+------------+------------+

    * Multiplexer: 
    +---------------------------------+----+-----------+-----+-----------+
    |               Name              | LUT| Input Size| Bits| Total Bits|
    +---------------------------------+----+-----------+-----+-----------+
    |ap_NS_fsm                        |  38|          7|    1|          7|
    |ap_enable_reg_pp0_iter1          |  15|          3|    1|          3|
    |ap_phi_mux_j_0_in_phi_fu_100_p4  |   9|          2|   64|        128|
    |ap_return                        |   9|          2|   64|        128|
    |i_reg_76                         |   9|          2|    3|          6|
    |idx_reg_64                       |   9|          2|   64|        128|
    |j_0_in_reg_97                    |   9|          2|   64|        128|
    |temp1_reg_87                     |   9|          2|   64|        128|
    +---------------------------------+----+-----------+-----+-----------+
    |Total                            | 107|         22|  325|        656|
    +---------------------------------+----+-----------+-----+-----------+

    * Register: 
    +---------------------------+----+----+-----+-----------+
    |            Name           | FF | LUT| Bits| Const Bits|
    +---------------------------+----+----+-----+-----------+
    |ap_CS_fsm                  |   6|   0|    6|          0|
    |ap_enable_reg_pp0_iter0    |   1|   0|    1|          0|
    |ap_enable_reg_pp0_iter1    |   1|   0|    1|          0|
    |ap_return_preg             |  64|   0|   64|          0|
    |i_1_reg_166                |   3|   0|    3|          0|
    |i_cast1_reg_171            |   3|   0|   64|         61|
    |i_reg_76                   |   3|   0|    3|          0|
    |idx_reg_64                 |  64|   0|   64|          0|
    |j_0_in_reg_97              |  64|   0|   64|          0|
    |j_reg_186                  |  64|   0|   64|          0|
    |shape_load_reg_200         |  64|   0|   64|          0|
    |temp1_reg_87               |  64|   0|   64|          0|
    |tmp_2_reg_158              |   4|   0|    4|          0|
    |tmp_reg_191                |   1|   0|    1|          0|
    |tmp_reg_191_pp0_iter1_reg  |   1|   0|    1|          0|
    +---------------------------+----+----+-----+-----------+
    |Total                      | 407|   0|  468|         61|
    +---------------------------+----+----+-----+-----------+



================================================================
== Interface
================================================================
* Summary: 
+----------------+-----+-----+------------+--------------+--------------+
|    RTL Ports   | Dir | Bits|  Protocol  | Source Object|    C Type    |
+----------------+-----+-----+------------+--------------+--------------+
|ap_clk          |  in |    1| ap_ctrl_hs |  k2c_sub2idx | return value |
|ap_rst          |  in |    1| ap_ctrl_hs |  k2c_sub2idx | return value |
|ap_start        |  in |    1| ap_ctrl_hs |  k2c_sub2idx | return value |
|ap_done         | out |    1| ap_ctrl_hs |  k2c_sub2idx | return value |
|ap_idle         | out |    1| ap_ctrl_hs |  k2c_sub2idx | return value |
|ap_ready        | out |    1| ap_ctrl_hs |  k2c_sub2idx | return value |
|ap_return       | out |   64| ap_ctrl_hs |  k2c_sub2idx | return value |
|sub_address0    | out |    3|  ap_memory |      sub     |     array    |
|sub_ce0         | out |    1|  ap_memory |      sub     |     array    |
|sub_q0          |  in |   64|  ap_memory |      sub     |     array    |
|shape_address0  | out |    3|  ap_memory |     shape    |     array    |
|shape_ce0       | out |    1|  ap_memory |     shape    |     array    |
|shape_q0        |  in |   64|  ap_memory |     shape    |     array    |
|ndim            |  in |   64|   ap_none  |     ndim     |    scalar    |
+----------------+-----+-----+------------+--------------+--------------+

