

================================================================
== Vivado HLS Report for 'k2c_dot'
================================================================
* Date:           Tue Apr 23 20:37:52 2024

* Version:        2018.2 (Build 2258646 on Thu Jun 14 20:25:20 MDT 2018)
* Project:        Webmodel_final
* Solution:       solution1
* Product family: artix7
* Target device:  xc7a200tsbv484-2


================================================================
== Performance Estimates
================================================================
+ Timing (ns): 
    * Summary: 
    +--------+-------+----------+------------+
    |  Clock | Target| Estimated| Uncertainty|
    +--------+-------+----------+------------+
    |ap_clk  |  10.00|     9.286|        1.25|
    +--------+-------+----------+------------+

+ Latency (clock cycles): 
    * Summary: 
    +-----+-----+-----+-----+---------+
    |  Latency  |  Interval | Pipeline|
    | min | max | min | max |   Type  |
    +-----+-----+-----+-----+---------+
    |    ?|    ?|    ?|    ?|   none  |
    +-----+-----+-----+-----+---------+

    + Detail: 
        * Instance: 
        +------------------------+-------------+-----+-----+-----+-----+---------+
        |                        |             |  Latency  |  Interval | Pipeline|
        |        Instance        |    Module   | min | max | min | max |   Type  |
        +------------------------+-------------+-----+-----+-----+-----+---------+
        |grp_k2c_matmul_fu_686   |k2c_matmul   |    ?|    ?|    ?|    ?|   none  |
        |grp_k2c_sub2idx_fu_698  |k2c_sub2idx  |    ?|    ?|    ?|    ?|   none  |
        +------------------------+-------------+-----+-----+-----+-----+---------+

        * Loop: 
        +-------------+-----+-----+----------+-----------+-----------+-------+----------+
        |             |  Latency  | Iteration|  Initiation Interval  |  Trip |          |
        |  Loop Name  | min | max |  Latency |  achieved |   target  | Count | Pipelined|
        +-------------+-----+-----+----------+-----------+-----------+-------+----------+
        |- Loop 1     |    ?|    ?|         1|          1|          1|      ?|    yes   |
        |- Loop 2     |    2|    2|         1|          1|          1|      2|    yes   |
        |- Loop 3     |    ?|    ?|         2|          1|          1|      ?|    yes   |
        |- Loop 4     |    ?|    ?|         1|          1|          1|      ?|    yes   |
        |- Loop 5     |    1|    1|         2|          1|          1|      1|    yes   |
        |- Loop 6     |    ?|    ?|         3|          1|          1|      ?|    yes   |
        |- Loop 7     |    3|    3|         3|          1|          1|      2|    yes   |
        |- Loop 8     |    ?|    ?|         ?|          -|          -|      ?|    no    |
        | + Loop 8.1  |    ?|    ?|        69|         68|          1|      ?|    yes   |
        | + Loop 8.2  |    ?|    ?|         3|          1|          1|      ?|    yes   |
        |- Loop 9     |    ?|    ?|         ?|          -|          -|  25536|    no    |
        | + Loop 9.1  |  136|  136|        69|         68|          1|      2|    yes   |
        | + Loop 9.2  |    3|    3|         3|          1|          1|      2|    yes   |
        +-------------+-----+-----+----------+-----------+-----------+-------+----------+



================================================================
== Utilization Estimates
================================================================
* Summary: 
+-----------------+---------+-------+--------+--------+
|       Name      | BRAM_18K| DSP48E|   FF   |   LUT  |
+-----------------+---------+-------+--------+--------+
|DSP              |        -|      -|       -|       -|
|Expression       |        -|      -|       0|     843|
|FIFO             |        -|      -|       -|       -|
|Instance         |        -|     69|   40553|   30623|
|Memory           |       64|      -|     776|      32|
|Multiplexer      |        -|      -|       -|    1745|
|Register         |        -|      -|    1199|       -|
+-----------------+---------+-------+--------+--------+
|Total            |       64|     69|   42528|   33243|
+-----------------+---------+-------+--------+--------+
|Available        |      730|    740|  269200|  129000|
+-----------------+---------+-------+--------+--------+
|Utilization (%)  |        8|      9|      15|      25|
+-----------------+---------+-------+--------+--------+

+ Detail: 
    * Instance: 
    +--------------------------+----------------------+---------+-------+------+------+
    |         Instance         |        Module        | BRAM_18K| DSP48E|  FF  |  LUT |
    +--------------------------+----------------------+---------+-------+------+------+
    |WebModel_mux_464_kbM_U26  |WebModel_mux_464_kbM  |        0|      0|     0|    17|
    |WebModel_udiv_18nhbi_U21  |WebModel_udiv_18nhbi  |        0|      0|   779|   469|
    |WebModel_udiv_64ng8j_U20  |WebModel_udiv_64ng8j  |        0|      0|   779|   469|
    |WebModel_udiv_64njbC_U23  |WebModel_udiv_64njbC  |        0|      0|  8651|  6607|
    |WebModel_udiv_64njbC_U25  |WebModel_udiv_64njbC  |        0|      0|  8651|  6607|
    |WebModel_urem_64nibs_U22  |WebModel_urem_64nibs  |        0|      0|  8651|  6607|
    |WebModel_urem_64nibs_U24  |WebModel_urem_64nibs  |        0|      0|  8651|  6607|
    |grp_k2c_matmul_fu_686     |k2c_matmul            |        0|     53|  3623|  2742|
    |grp_k2c_sub2idx_fu_698    |k2c_sub2idx           |        0|     16|   768|   498|
    +--------------------------+----------------------+---------+-------+------+------+
    |Total                     |                      |        0|     69| 40553| 30623|
    +--------------------------+----------------------+---------+-------+------+------+

    * DSP48: 
    N/A

    * Memory: 
    +------------------+----------------------+---------+-----+----+-------+-----+------+-------------+
    |      Memory      |        Module        | BRAM_18K|  FF | LUT| Words | Bits| Banks| W*Bits*Banks|
    +------------------+----------------------+---------+-----+----+-------+-----+------+-------------+
    |dense_69_fwork_U  |k2c_dot_dense_69_fYi  |       64|    0|   0|  25935|   32|     1|       829920|
    |permA_U           |k2c_dot_permA         |        0|  128|   5|      5|   64|     1|          320|
    |freeA_U           |k2c_dot_permA         |        0|  128|   5|      5|   64|     1|          320|
    |newshpA_U         |k2c_dot_permA         |        0|  128|   5|      5|   64|     1|          320|
    |newshpB_U         |k2c_dot_permA         |        0|  128|   5|      5|   64|     1|          320|
    |Asub_U            |k2c_dot_permA         |        0|  128|   5|      5|   64|     1|          320|
    |Bsub_U            |k2c_dot_permA         |        0|  128|   5|      5|   64|     1|          320|
    |permB_U           |k2c_dot_permB         |        0|    4|   1|      5|    2|     1|           10|
    |freeB_U           |k2c_dot_permB         |        0|    4|   1|      5|    2|     1|           10|
    +------------------+----------------------+---------+-----+----+-------+-----+------+-------------+
    |Total             |                      |       64|  776|  32|  25975|  420|     9|       831860|
    +------------------+----------------------+---------+-----+----+-------+-----+------+-------------+

    * FIFO: 
    N/A

    * Expression: 
    +--------------------------+----------+-------+---+----+------------+------------+
    |       Variable Name      | Operation| DSP48E| FF| LUT| Bitwidth P0| Bitwidth P1|
    +--------------------------+----------+-------+---+----+------------+------------+
    |count_4_fu_736_p2         |     +    |      0|  0|  71|          64|           1|
    |count_5_fu_774_p2         |     +    |      0|  0|  71|          64|           1|
    |i_11_cast_fu_804_p2       |     +    |      0|  0|  12|           2|           3|
    |i_22_fu_979_p2            |     +    |      0|  0|  22|          15|           1|
    |i_23_fu_925_p2            |     +    |      0|  0|  39|          32|           2|
    |i_43_fu_721_p2            |     +    |      0|  0|  71|          64|           1|
    |i_44_fu_758_p2            |     +    |      0|  0|  10|           2|           1|
    |i_45_fu_799_p2            |     +    |      0|  0|  71|           2|          64|
    |i_46_fu_820_p2            |     +    |      0|  0|  12|           3|           1|
    |i_47_fu_836_p2            |     +    |      0|  0|  12|           3|           1|
    |i_48_fu_853_p2            |     +    |      0|  0|  10|           2|           1|
    |i_49_fu_880_p2            |     +    |      0|  0|  12|           3|           1|
    |i_50_fu_892_p2            |     +    |      0|  0|  10|           2|           1|
    |i_51_fu_916_p2            |     +    |      0|  0|  71|          64|           1|
    |j_7_fu_967_p2             |     +    |      0|  0|  12|           3|           1|
    |j_fu_1027_p2              |     +    |      0|  0|  10|           2|           1|
    |phitmp_fu_1015_p2         |     +    |      0|  0|  10|           2|           2|
    |sum9_fu_1087_p2           |     +    |      0|  0|  23|          16|          16|
    |exitcond1_fu_752_p2       |   icmp   |      0|  0|   9|           2|           3|
    |exitcond2_fu_842_p2       |   icmp   |      0|  0|   9|           2|           3|
    |exitcond3_fu_815_p2       |   icmp   |      0|  0|  29|          64|          64|
    |exitcond4_fu_911_p2       |   icmp   |      0|  0|  29|          64|          64|
    |exitcond5_fu_875_p2       |   icmp   |      0|  0|  29|          64|          64|
    |exitcond6_fu_886_p2       |   icmp   |      0|  0|   9|           2|           3|
    |exitcond7_fu_1021_p2      |   icmp   |      0|  0|   9|           2|           3|
    |exitcond8_fu_973_p2       |   icmp   |      0|  0|  13|          15|          14|
    |exitcond9_fu_962_p2       |   icmp   |      0|  0|  29|          64|          64|
    |exitcond_fu_716_p2        |   icmp   |      0|  0|  29|          64|          64|
    |tmp_5_fu_831_p2           |   icmp   |      0|  0|  29|          64|          64|
    |tmp_fu_727_p2             |   icmp   |      0|  0|  29|          64|          64|
    |tmp_s_fu_764_p2           |   icmp   |      0|  0|   8|           2|           1|
    |ap_enable_pp10            |    xor   |      0|  0|   2|           1|           2|
    |ap_enable_pp2             |    xor   |      0|  0|   2|           1|           2|
    |ap_enable_pp4             |    xor   |      0|  0|   2|           1|           2|
    |ap_enable_pp5             |    xor   |      0|  0|   2|           1|           2|
    |ap_enable_pp6             |    xor   |      0|  0|   2|           1|           2|
    |ap_enable_pp7             |    xor   |      0|  0|   2|           1|           2|
    |ap_enable_pp8             |    xor   |      0|  0|   2|           1|           2|
    |ap_enable_pp9             |    xor   |      0|  0|   2|           1|           2|
    |ap_enable_reg_pp10_iter1  |    xor   |      0|  0|   2|           2|           1|
    |ap_enable_reg_pp2_iter1   |    xor   |      0|  0|   2|           2|           1|
    |ap_enable_reg_pp4_iter1   |    xor   |      0|  0|   2|           2|           1|
    |ap_enable_reg_pp5_iter1   |    xor   |      0|  0|   2|           2|           1|
    |ap_enable_reg_pp6_iter1   |    xor   |      0|  0|   2|           2|           1|
    |ap_enable_reg_pp7_iter1   |    xor   |      0|  0|   2|           2|           1|
    |ap_enable_reg_pp8_iter1   |    xor   |      0|  0|   2|           2|           1|
    |ap_enable_reg_pp9_iter1   |    xor   |      0|  0|   2|           2|           1|
    |j_6_fu_859_p2             |    xor   |      0|  0|   2|           1|           2|
    +--------------------------+----------+-------+---+----+------------+------------+
    |Total                     |          |      0|  0| 843|         843|         601|
    +--------------------------+----------+-------+---+----+------------+------------+

    * Multiplexer: 
    +-----------------------------------+-----+-----------+-----+-----------+
    |                Name               | LUT | Input Size| Bits| Total Bits|
    +-----------------------------------+-----+-----------+-----+-----------+
    |A_shape_address0                   |   21|          4|    3|         12|
    |Asub_address0                      |   27|          5|    3|         15|
    |Asub_ce0                           |   15|          3|    1|          3|
    |Asub_d0                            |   15|          3|   64|        192|
    |B_shape_address0                   |   21|          4|    3|         12|
    |Bsub_address0                      |   27|          5|    3|         15|
    |Bsub_ce0                           |   15|          3|    1|          3|
    |Bsub_d0                            |   15|          3|   64|        192|
    |ap_NS_fsm                          |  989|        231|    1|        231|
    |ap_enable_reg_pp10_iter1           |    9|          2|    1|          2|
    |ap_enable_reg_pp10_iter2           |    9|          2|    1|          2|
    |ap_enable_reg_pp2_iter1            |   15|          3|    1|          3|
    |ap_enable_reg_pp4_iter1            |   15|          3|    1|          3|
    |ap_enable_reg_pp5_iter1            |    9|          2|    1|          2|
    |ap_enable_reg_pp5_iter2            |    9|          2|    1|          2|
    |ap_enable_reg_pp6_iter1            |    9|          2|    1|          2|
    |ap_enable_reg_pp6_iter2            |    9|          2|    1|          2|
    |ap_enable_reg_pp7_iter1            |   15|          3|    1|          3|
    |ap_enable_reg_pp8_iter1            |    9|          2|    1|          2|
    |ap_enable_reg_pp8_iter2            |    9|          2|    1|          2|
    |ap_enable_reg_pp9_iter1            |   15|          3|    1|          3|
    |ap_phi_mux_i_0_in_i_phi_fu_624_p4  |    9|          2|   32|         64|
    |ap_phi_mux_i_24_phi_fu_667_p4      |    9|          2|    2|          4|
    |ap_phi_mux_i_6_phi_fu_556_p4       |    9|          2|    2|          4|
    |count_2_fu_150                     |    9|          2|   64|        128|
    |count_fu_114                       |    9|          2|   64|        128|
    |dense_69_fwork_address0            |   21|          4|   15|         60|
    |dense_69_fwork_ce0                 |   15|          3|    1|          3|
    |dense_69_fwork_ce1                 |    9|          2|    1|          2|
    |dense_69_fwork_d0                  |   15|          3|   32|         96|
    |freeA_address0                     |   15|          3|    3|          9|
    |freeB_address0                     |   15|          3|    3|          9|
    |grp_k2c_sub2idx_fu_698_ndim        |   15|          3|   64|        192|
    |grp_k2c_sub2idx_fu_698_shape_q0    |   15|          3|   64|        192|
    |grp_k2c_sub2idx_fu_698_sub_q0      |   15|          3|   64|        192|
    |i_0_in_i_reg_621                   |    9|          2|   32|         64|
    |i_1_reg_520                        |    9|          2|    2|          4|
    |i_24_reg_663                       |    9|          2|    2|          4|
    |i_3_reg_532                        |    9|          2|    3|          6|
    |i_4_reg_543                        |    9|          2|    3|          6|
    |i_6_reg_552                        |    9|          2|    2|          4|
    |i_7_reg_575                        |    9|          2|    3|          6|
    |i_8_reg_586                        |    9|          2|    2|          4|
    |i_reg_508                          |    9|          2|   64|        128|
    |idx2_8_reg_597                     |    9|          2|   64|        128|
    |idx2_9_reg_641                     |    9|          2|   15|         30|
    |idx2_i1_reg_653                    |    9|          2|   64|        128|
    |idx2_i_reg_610                     |    9|          2|   64|        128|
    |j_3_reg_564                        |    9|          2|    1|          2|
    |j_4_reg_630                        |    9|          2|    3|          6|
    |j_5_reg_675                        |    9|          2|    2|          4|
    |newshpA_address0                   |   15|          3|    3|          9|
    |newshpA_ce0                        |   15|          3|    1|          3|
    |newshpB_address0                   |   15|          3|    3|          9|
    |newshpB_ce0                        |   15|          3|    1|          3|
    |permA_address0                     |   27|          5|    3|         15|
    |permA_d0                           |   15|          3|   64|        192|
    |permB_address0                     |   27|          5|    3|         15|
    |permB_d0                           |   15|          3|    2|          6|
    +-----------------------------------+-----+-----------+-----+-----------+
    |Total                              | 1745|        386|  972|       2690|
    +-----------------------------------+-----+-----------+-----+-----------+

    * Register: 
    +-------------------------------------+-----+----+-----+-----------+
    |                 Name                |  FF | LUT| Bits| Const Bits|
    +-------------------------------------+-----+----+-----+-----------+
    |A_shape_load_reg_1165                |   64|   0|   64|          0|
    |ap_CS_fsm                            |  230|   0|  230|          0|
    |ap_enable_reg_pp10_iter0             |    1|   0|    1|          0|
    |ap_enable_reg_pp10_iter1             |    1|   0|    1|          0|
    |ap_enable_reg_pp10_iter2             |    1|   0|    1|          0|
    |ap_enable_reg_pp2_iter0              |    1|   0|    1|          0|
    |ap_enable_reg_pp2_iter1              |    1|   0|    1|          0|
    |ap_enable_reg_pp4_iter0              |    1|   0|    1|          0|
    |ap_enable_reg_pp4_iter1              |    1|   0|    1|          0|
    |ap_enable_reg_pp5_iter0              |    1|   0|    1|          0|
    |ap_enable_reg_pp5_iter1              |    1|   0|    1|          0|
    |ap_enable_reg_pp5_iter2              |    1|   0|    1|          0|
    |ap_enable_reg_pp6_iter0              |    1|   0|    1|          0|
    |ap_enable_reg_pp6_iter1              |    1|   0|    1|          0|
    |ap_enable_reg_pp6_iter2              |    1|   0|    1|          0|
    |ap_enable_reg_pp7_iter0              |    1|   0|    1|          0|
    |ap_enable_reg_pp7_iter1              |    1|   0|    1|          0|
    |ap_enable_reg_pp8_iter0              |    1|   0|    1|          0|
    |ap_enable_reg_pp8_iter1              |    1|   0|    1|          0|
    |ap_enable_reg_pp8_iter2              |    1|   0|    1|          0|
    |ap_enable_reg_pp9_iter0              |    1|   0|    1|          0|
    |ap_enable_reg_pp9_iter1              |    1|   0|    1|          0|
    |count_2_fu_150                       |   64|   0|   64|          0|
    |count_fu_114                         |   64|   0|   64|          0|
    |exitcond2_reg_1223                   |    1|   0|    1|          0|
    |exitcond3_reg_1201                   |    1|   0|    1|          0|
    |exitcond5_reg_1247                   |    1|   0|    1|          0|
    |exitcond5_reg_1247_pp5_iter1_reg     |    1|   0|    1|          0|
    |exitcond6_reg_1266                   |    1|   0|    1|          0|
    |exitcond6_reg_1266_pp6_iter1_reg     |    1|   0|    1|          0|
    |exitcond7_reg_1406                   |    1|   0|    1|          0|
    |exitcond7_reg_1406_pp10_iter1_reg    |    1|   0|    1|          0|
    |exitcond9_reg_1344                   |    1|   0|    1|          0|
    |exitcond9_reg_1344_pp8_iter1_reg     |    1|   0|    1|          0|
    |free_axesA_reg_1176                  |   64|   0|   64|          0|
    |free_axesB_reg_1181                  |   64|   0|   64|          0|
    |grp_k2c_matmul_fu_686_ap_start_reg   |    1|   0|    1|          0|
    |grp_k2c_sub2idx_fu_698_ap_start_reg  |    1|   0|    1|          0|
    |i_0_in_i_reg_621                     |   32|   0|   32|          0|
    |i_11_cast_reg_1191                   |    3|   0|    3|          0|
    |i_1_reg_520                          |    2|   0|    2|          0|
    |i_22_reg_1372                        |   15|   0|   15|          0|
    |i_23_reg_1309                        |   32|   0|   32|          0|
    |i_24_reg_663                         |    2|   0|    2|          0|
    |i_3_cast_reg_1196                    |    3|   0|   64|         61|
    |i_3_reg_532                          |    3|   0|    3|          0|
    |i_45_reg_1186                        |   64|   0|   64|          0|
    |i_48_reg_1232                        |    2|   0|    2|          0|
    |i_4_reg_543                          |    3|   0|    3|          0|
    |i_51_reg_1299                        |   64|   0|   64|          0|
    |i_6_reg_552                          |    2|   0|    2|          0|
    |i_7_cast_reg_1242                    |    3|   0|   64|         61|
    |i_7_cast_reg_1242_pp5_iter1_reg      |    3|   0|   64|         61|
    |i_7_reg_575                          |    3|   0|    3|          0|
    |i_8_cast3_reg_1275                   |    2|   0|   64|         62|
    |i_8_cast3_reg_1275_pp6_iter1_reg     |    2|   0|   64|         62|
    |i_8_reg_586                          |    2|   0|    2|          0|
    |i_reg_508                            |   64|   0|   64|          0|
    |idx2_8_reg_597                       |   64|   0|   64|          0|
    |idx2_9_reg_641                       |   15|   0|   15|          0|
    |idx2_i1_reg_653                      |   64|   0|   64|          0|
    |idx2_i_reg_610                       |   64|   0|   64|          0|
    |j_3_reg_564                          |    1|   0|    1|          0|
    |j_4_cast_reg_1339                    |    3|   0|   64|         61|
    |j_4_cast_reg_1339_pp8_iter1_reg      |    3|   0|   64|         61|
    |j_4_reg_630                          |    3|   0|    3|          0|
    |j_5_cast1_reg_1415                   |    2|   0|   64|         62|
    |j_5_cast1_reg_1415_pp10_iter1_reg    |    2|   0|   64|         62|
    |j_5_reg_675                          |    2|   0|    2|          0|
    |phitmp_reg_1396                      |    2|   0|    2|          0|
    |tmp_56_reg_1290                      |   32|   0|   32|          0|
    |tmp_57_reg_1304                      |   16|   0|   16|          0|
    |tmp_58_reg_1314                      |    1|   0|    1|          0|
    |tmp_59_reg_1382                      |    1|   0|    1|          0|
    |tmp_61_reg_1430                      |    2|   0|    2|          0|
    |tmp_8_i6_reg_1386                    |    2|   0|   64|         62|
    |tmp_8_i_reg_1318                     |   32|   0|   64|         32|
    +-------------------------------------+-----+----+-----+-----------+
    |Total                                | 1199|   0| 1846|        647|
    +-------------------------------------+-----+----+-----+-----------+



================================================================
== Interface
================================================================
* Summary: 
+--------------------+-----+-----+------------+--------------+--------------+
|      RTL Ports     | Dir | Bits|  Protocol  | Source Object|    C Type    |
+--------------------+-----+-----+------------+--------------+--------------+
|ap_clk              |  in |    1| ap_ctrl_hs |    k2c_dot   | return value |
|ap_rst              |  in |    1| ap_ctrl_hs |    k2c_dot   | return value |
|ap_start            |  in |    1| ap_ctrl_hs |    k2c_dot   | return value |
|ap_done             | out |    1| ap_ctrl_hs |    k2c_dot   | return value |
|ap_idle             | out |    1| ap_ctrl_hs |    k2c_dot   | return value |
|ap_ready            | out |    1| ap_ctrl_hs |    k2c_dot   | return value |
|C_array_address0    | out |   15|  ap_memory |    C_array   |     array    |
|C_array_ce0         | out |    1|  ap_memory |    C_array   |     array    |
|C_array_we0         | out |    1|  ap_memory |    C_array   |     array    |
|C_array_d0          | out |   32|  ap_memory |    C_array   |     array    |
|C_array_q0          |  in |   32|  ap_memory |    C_array   |     array    |
|A_array_address0    | out |   15|  ap_memory |    A_array   |     array    |
|A_array_ce0         | out |    1|  ap_memory |    A_array   |     array    |
|A_array_q0          |  in |   32|  ap_memory |    A_array   |     array    |
|A_ndim_read         |  in |   64|   ap_none  |  A_ndim_read |    scalar    |
|A_numel_read        |  in |   64|   ap_none  | A_numel_read |    scalar    |
|A_shape_address0    | out |    3|  ap_memory |    A_shape   |     array    |
|A_shape_ce0         | out |    1|  ap_memory |    A_shape   |     array    |
|A_shape_q0          |  in |   64|  ap_memory |    A_shape   |     array    |
|B_array_0_address0  | out |   13|  ap_memory |   B_array_0  |     array    |
|B_array_0_ce0       | out |    1|  ap_memory |   B_array_0  |     array    |
|B_array_0_q0        |  in |   32|  ap_memory |   B_array_0  |     array    |
|B_array_1_address0  | out |   13|  ap_memory |   B_array_1  |     array    |
|B_array_1_ce0       | out |    1|  ap_memory |   B_array_1  |     array    |
|B_array_1_q0        |  in |   32|  ap_memory |   B_array_1  |     array    |
|B_array_2_address0  | out |   13|  ap_memory |   B_array_2  |     array    |
|B_array_2_ce0       | out |    1|  ap_memory |   B_array_2  |     array    |
|B_array_2_q0        |  in |   32|  ap_memory |   B_array_2  |     array    |
|B_array_3_address0  | out |   13|  ap_memory |   B_array_3  |     array    |
|B_array_3_ce0       | out |    1|  ap_memory |   B_array_3  |     array    |
|B_array_3_q0        |  in |   32|  ap_memory |   B_array_3  |     array    |
|B_shape_address0    | out |    3|  ap_memory |    B_shape   |     array    |
|B_shape_ce0         | out |    1|  ap_memory |    B_shape   |     array    |
|B_shape_q0          |  in |   64|  ap_memory |    B_shape   |     array    |
|axesA_0_read        |  in |   64|   ap_none  | axesA_0_read |    scalar    |
+--------------------+-----+-----+------------+--------------+--------------+

