

================================================================
== Vivado HLS Report for 'k2c_dense'
================================================================
* Date:           Tue Apr 23 20:37:46 2024

* Version:        2018.2 (Build 2258646 on Thu Jun 14 20:25:20 MDT 2018)
* Project:        Webmodel_final
* Solution:       solution1
* Product family: artix7
* Target device:  xc7a200tsbv484-2


================================================================
== Performance Estimates
================================================================
+ Timing (ns): 
    * Summary: 
    +--------+-------+----------+------------+
    |  Clock | Target| Estimated| Uncertainty|
    +--------+-------+----------+------------+
    |ap_clk  |  10.00|     9.286|        1.25|
    +--------+-------+----------+------------+

+ Latency (clock cycles): 
    * Summary: 
    +-----+-----+-----+-----+---------+
    |  Latency  |  Interval | Pipeline|
    | min | max | min | max |   Type  |
    +-----+-----+-----+-----+---------+
    |    ?|    ?|    ?|    ?|   none  |
    +-----+-----+-----+-----+---------+

    + Detail: 
        * Instance: 
        N/A

        * Loop: 
        +-------------+-----+-----+----------+-----------+-----------+------+----------+
        |             |  Latency  | Iteration|  Initiation Interval  | Trip |          |
        |  Loop Name  | min | max |  Latency |  achieved |   target  | Count| Pipelined|
        +-------------+-----+-----+----------+-----------+-----------+------+----------+
        |- Loop 1     |    ?|    ?|        28|          1|          1|     ?|    yes   |
        |- Loop 2     |    ?|    ?|         ?|          -|          -|     ?|    no    |
        | + Loop 2.1  |    ?|    ?|         7|          6|          1|     ?|    yes   |
        |- Loop 3     |    ?|    ?|        28|          1|          1|     ?|    yes   |
        +-------------+-----+-----+----------+-----------+-----------+------+----------+

============================================================
+ Verbose Summary: Synthesis Manager
============================================================
InlineROM: 1
ExposeGlobal: 0
============================================================
+ Verbose Summary: CDFG Model
============================================================
IsTopModel: 0
ResetActiveHigh: 1
IsCombinational: 0
IsDatapathOnly: 0
HasWiredReturn: 1
HasMFsm: 0
HasVarLatency: 1
IsPipeline: 0
IsRtlPipelined: 0
IsInstanceOverlapped: 0
IsDontTouch: 0
HasImplIP: 0
IsGatedGlobalClock: 0

+ Individual pipeline summary: 
  * Pipeline-0: initiation interval (II) = 6, depth = 7
  * Pipeline-1: initiation interval (II) = 1, depth = 28
  * Pipeline-2: initiation interval (II) = 1, depth = 28


============================================================
+ Verbose Summary: Schedule
============================================================
* Number of FSM states : 72
* Pipeline : 3
  Pipeline-0 : II = 6, D = 7, States = { 4 5 6 7 8 9 10 }
  Pipeline-1 : II = 1, D = 28, States = { 12 13 14 15 16 17 18 19 20 21 22 23 24 25 26 27 28 29 30 31 32 33 34 35 36 37 38 39 }
  Pipeline-2 : II = 1, D = 28, States = { 44 45 46 47 48 49 50 51 52 53 54 55 56 57 58 59 60 61 62 63 64 65 66 67 68 69 70 71 }
* Dataflow Pipeline: 0

* FSM state transitions: 
1 --> 
	2  / (!tmp)
	41  / (tmp)
2 --> 
	3  / true
3 --> 
	4  / (tmp_i2)
	12  / (!tmp_i2)
4 --> 
	11  / (exitcond_i3)
	5  / (!exitcond_i3)
5 --> 
	6  / true
6 --> 
	7  / true
7 --> 
	8  / true
8 --> 
	9  / true
9 --> 
	10  / true
10 --> 
	4  / true
11 --> 
	3  / true
12 --> 
	40  / (exitcond_i5)
	13  / (!exitcond_i5)
13 --> 
	14  / true
14 --> 
	15  / true
15 --> 
	16  / true
16 --> 
	17  / true
17 --> 
	18  / true
18 --> 
	19  / true
19 --> 
	20  / true
20 --> 
	21  / true
21 --> 
	22  / true
22 --> 
	23  / true
23 --> 
	24  / true
24 --> 
	25  / true
25 --> 
	26  / true
26 --> 
	27  / true
27 --> 
	28  / true
28 --> 
	29  / true
29 --> 
	30  / true
30 --> 
	31  / true
31 --> 
	32  / true
32 --> 
	33  / true
33 --> 
	34  / true
34 --> 
	35  / true
35 --> 
	36  / true
36 --> 
	37  / true
37 --> 
	38  / true
38 --> 
	39  / true
39 --> 
	12  / true
40 --> 
	72  / true
41 --> 
	42  / true
42 --> 
	43  / true
43 --> 
	44  / true
44 --> 
	72  / (exitcond_i)
	45  / (!exitcond_i)
45 --> 
	46  / true
46 --> 
	47  / true
47 --> 
	48  / true
48 --> 
	49  / true
49 --> 
	50  / true
50 --> 
	51  / true
51 --> 
	52  / true
52 --> 
	53  / true
53 --> 
	54  / true
54 --> 
	55  / true
55 --> 
	56  / true
56 --> 
	57  / true
57 --> 
	58  / true
58 --> 
	59  / true
59 --> 
	60  / true
60 --> 
	61  / true
61 --> 
	62  / true
62 --> 
	63  / true
63 --> 
	64  / true
64 --> 
	65  / true
65 --> 
	66  / true
66 --> 
	67  / true
67 --> 
	68  / true
68 --> 
	69  / true
69 --> 
	70  / true
70 --> 
	71  / true
71 --> 
	44  / true
72 --> 

* FSM state operations: 

State 1 <SV = 0> <Delay = 3.15>
ST_1 : Operation 73 [1/1] (0.00ns)   --->   "%bias_numel_read_2 = call i64 @_ssdm_op_Read.ap_auto.i64(i64 %bias_numel_read)"   --->   Operation 73 'read' 'bias_numel_read_2' <Predicate = true> <Delay = 0.00>
ST_1 : Operation 74 [1/1] (0.00ns)   --->   "%kernel_numel_read_2 = call i64 @_ssdm_op_Read.ap_auto.i64(i64 %kernel_numel_read)"   --->   Operation 74 'read' 'kernel_numel_read_2' <Predicate = true> <Delay = 0.00>
ST_1 : Operation 75 [1/1] (0.00ns)   --->   "%kernel_ndim_read_2 = call i64 @_ssdm_op_Read.ap_auto.i64(i64 %kernel_ndim_read)"   --->   Operation 75 'read' 'kernel_ndim_read_2' <Predicate = true> <Delay = 0.00>
ST_1 : Operation 76 [1/1] (0.00ns)   --->   "%input_numel_read_3 = call i64 @_ssdm_op_Read.ap_auto.i64(i64 %input_numel_read)"   --->   Operation 76 'read' 'input_numel_read_3' <Predicate = true> <Delay = 0.00>
ST_1 : Operation 77 [1/1] (0.00ns)   --->   "%input_ndim_read_3 = call i64 @_ssdm_op_Read.ap_auto.i64(i64 %input_ndim_read)"   --->   Operation 77 'read' 'input_ndim_read_3' <Predicate = true> <Delay = 0.00>
ST_1 : Operation 78 [1/1] (0.00ns)   --->   "%output_numel_read_2 = call i64 @_ssdm_op_Read.ap_auto.i64(i64 %output_numel_read)"   --->   Operation 78 'read' 'output_numel_read_2' <Predicate = true> <Delay = 0.00>
ST_1 : Operation 79 [1/1] (2.34ns)   --->   "%tmp = icmp ult i64 %input_ndim_read_3, 3" [../../../../Downloads/WebModel.c:8]   --->   Operation 79 'icmp' 'tmp' <Predicate = true> <Delay = 2.34> <Core = "Cmp">   --->   Core 25 'Cmp' <Latency = 0> <II = 1> <Delay = 2.34> <FuncUnit> <Opcode : 'icmp'> <InPorts = 2> <OutPorts = 1>
ST_1 : Operation 80 [1/1] (0.00ns)   --->   "br i1 %tmp, label %_ifconv, label %3" [../../../../Downloads/WebModel.c:8]   --->   Operation 80 'br' <Predicate = true> <Delay = 0.00>
ST_1 : Operation 81 [1/1] (2.99ns)   --->   "%tmp_9 = add i64 %input_ndim_read_3, -1" [../../../../Downloads/WebModel.c:21]   --->   Operation 81 'add' 'tmp_9' <Predicate = (!tmp)> <Delay = 2.99> <Core = "AddSub">   --->   Core 14 'AddSub' <Latency = 0> <II = 1> <Delay = 2.99> <FuncUnit> <Opcode : 'add' 'sub'> <InPorts = 2> <OutPorts = 1>
ST_1 : Operation 82 [2/2] (0.00ns)   --->   "call fastcc void @k2c_dot.2([26000 x float]* %output_array, [26000 x float]* %input_array, i64 %input_ndim_read_3, i64 %input_numel_read_3, [5 x i64]* %input_shape, [26000 x float]* %kernel_array, i64 %kernel_ndim_read_2, i64 %kernel_numel_read_2, [5 x i64]* %kernel_shape, i64 %tmp_9)" [../../../../Downloads/WebModel.c:26]   --->   Operation 82 'call' <Predicate = (!tmp)> <Delay = 0.00> <CoreType = "Generic">   --->   Core 0 '' <Latency = 0> <II = 1> <Delay = 1.00> <Generic> <Opcode : >
ST_1 : Operation 83 [1/1] (0.00ns)   --->   "%tmp_66 = call i63 @_ssdm_op_PartSelect.i63.i64.i32.i32(i64 %input_ndim_read_3, i32 1, i32 63)" [../../../../Downloads/WebModel.c:9]   --->   Operation 83 'partselect' 'tmp_66' <Predicate = (tmp)> <Delay = 0.00>
ST_1 : Operation 84 [1/1] (2.34ns)   --->   "%icmp = icmp ne i63 %tmp_66, 0" [../../../../Downloads/WebModel.c:9]   --->   Operation 84 'icmp' 'icmp' <Predicate = (tmp)> <Delay = 2.34> <Core = "Cmp">   --->   Core 25 'Cmp' <Latency = 0> <II = 1> <Delay = 2.34> <FuncUnit> <Opcode : 'icmp'> <InPorts = 2> <OutPorts = 1>
ST_1 : Operation 85 [1/1] (0.00ns)   --->   "%input_shape_addr = getelementptr [5 x i64]* %input_shape, i64 0, i64 0" [../../../../Downloads/WebModel.c:9]   --->   Operation 85 'getelementptr' 'input_shape_addr' <Predicate = (tmp)> <Delay = 0.00>
ST_1 : Operation 86 [2/2] (1.75ns)   --->   "%input_shape_load = load i64* %input_shape_addr, align 8" [../../../../Downloads/WebModel.c:9]   --->   Operation 86 'load' 'input_shape_load' <Predicate = (tmp)> <Delay = 1.75> <Core = "RAM">   --->   Core 37 'RAM' <Latency = 1> <II = 1> <Delay = 1.75> <Storage> <Opcode : 'load' 'store'> <Ports = 2> <Width = 64> <Depth = 5> <RAM>
ST_1 : Operation 87 [1/1] (0.00ns)   --->   "%kernel_shape_addr = getelementptr [5 x i64]* %kernel_shape, i64 0, i64 1" [../../../../Downloads/WebModel.c:10]   --->   Operation 87 'getelementptr' 'kernel_shape_addr' <Predicate = (tmp)> <Delay = 0.00>
ST_1 : Operation 88 [2/2] (1.75ns)   --->   "%outcols = load i64* %kernel_shape_addr, align 8" [../../../../Downloads/WebModel.c:10]   --->   Operation 88 'load' 'outcols' <Predicate = (tmp)> <Delay = 1.75> <Core = "RAM">   --->   Core 37 'RAM' <Latency = 1> <II = 1> <Delay = 1.75> <Storage> <Opcode : 'load' 'store'> <Ports = 2> <Width = 64> <Depth = 5> <RAM>

State 2 <SV = 1> <Delay = 1.35>
ST_2 : Operation 89 [1/2] (0.00ns)   --->   "call fastcc void @k2c_dot.2([26000 x float]* %output_array, [26000 x float]* %input_array, i64 %input_ndim_read_3, i64 %input_numel_read_3, [5 x i64]* %input_shape, [26000 x float]* %kernel_array, i64 %kernel_ndim_read_2, i64 %kernel_numel_read_2, [5 x i64]* %kernel_shape, i64 %tmp_9)" [../../../../Downloads/WebModel.c:26]   --->   Operation 89 'call' <Predicate = true> <Delay = 0.00> <CoreType = "Generic">   --->   Core 0 '' <Latency = 0> <II = 1> <Delay = 1.00> <Generic> <Opcode : >
ST_2 : Operation 90 [1/1] (1.35ns)   --->   "br label %4" [../../../../Downloads/WebModel.c:249->../../../../Downloads/WebModel.c:27]   --->   Operation 90 'br' <Predicate = true> <Delay = 1.35>

State 3 <SV = 2> <Delay = 3.15>
ST_3 : Operation 91 [1/1] (0.00ns)   --->   "%i_i1 = phi i64 [ 0, %3 ], [ %i_25, %6 ]"   --->   Operation 91 'phi' 'i_i1' <Predicate = true> <Delay = 0.00>
ST_3 : Operation 92 [1/1] (2.34ns)   --->   "%tmp_i2 = icmp ult i64 %i_i1, %output_numel_read_2" [../../../../Downloads/WebModel.c:249->../../../../Downloads/WebModel.c:27]   --->   Operation 92 'icmp' 'tmp_i2' <Predicate = true> <Delay = 2.34> <Core = "Cmp">   --->   Core 25 'Cmp' <Latency = 0> <II = 1> <Delay = 2.34> <FuncUnit> <Opcode : 'icmp'> <InPorts = 2> <OutPorts = 1>
ST_3 : Operation 93 [1/1] (0.00ns)   --->   "br i1 %tmp_i2, label %.preheader.i.preheader, label %k2c_bias_add.exit.preheader" [../../../../Downloads/WebModel.c:249->../../../../Downloads/WebModel.c:27]   --->   Operation 93 'br' <Predicate = true> <Delay = 0.00>
ST_3 : Operation 94 [1/1] (0.00ns)   --->   "%tmp_67 = trunc i64 %i_i1 to i16" [../../../../Downloads/WebModel.c:249->../../../../Downloads/WebModel.c:27]   --->   Operation 94 'trunc' 'tmp_67' <Predicate = (tmp_i2)> <Delay = 0.00>
ST_3 : Operation 95 [1/1] (1.35ns)   --->   "br label %.preheader.i" [../../../../Downloads/WebModel.c:250->../../../../Downloads/WebModel.c:27]   --->   Operation 95 'br' <Predicate = (tmp_i2)> <Delay = 1.35>
ST_3 : Operation 96 [1/1] (1.35ns)   --->   "br label %k2c_bias_add.exit" [../../../../Downloads/WebModel.c:45->../../../../Downloads/WebModel.c:31]   --->   Operation 96 'br' <Predicate = (!tmp_i2)> <Delay = 1.35>

State 4 <SV = 3> <Delay = 3.15>
ST_4 : Operation 97 [1/1] (0.00ns)   --->   "%j_i = phi i64 [ %j, %5 ], [ 0, %.preheader.i.preheader ]"   --->   Operation 97 'phi' 'j_i' <Predicate = true> <Delay = 0.00>
ST_4 : Operation 98 [1/1] (2.34ns)   --->   "%exitcond_i3 = icmp eq i64 %j_i, %bias_numel_read_2" [../../../../Downloads/WebModel.c:250->../../../../Downloads/WebModel.c:27]   --->   Operation 98 'icmp' 'exitcond_i3' <Predicate = true> <Delay = 2.34> <Core = "Cmp">   --->   Core 25 'Cmp' <Latency = 0> <II = 1> <Delay = 2.34> <FuncUnit> <Opcode : 'icmp'> <InPorts = 2> <OutPorts = 1>
ST_4 : Operation 99 [1/1] (2.99ns)   --->   "%j = add i64 %j_i, 1" [../../../../Downloads/WebModel.c:250->../../../../Downloads/WebModel.c:27]   --->   Operation 99 'add' 'j' <Predicate = true> <Delay = 2.99> <Core = "AddSub">   --->   Core 14 'AddSub' <Latency = 0> <II = 1> <Delay = 2.99> <FuncUnit> <Opcode : 'add' 'sub'> <InPorts = 2> <OutPorts = 1>
ST_4 : Operation 100 [1/1] (0.00ns)   --->   "br i1 %exitcond_i3, label %6, label %5" [../../../../Downloads/WebModel.c:250->../../../../Downloads/WebModel.c:27]   --->   Operation 100 'br' <Predicate = true> <Delay = 0.00>
ST_4 : Operation 101 [1/1] (0.00ns)   --->   "%tmp_68 = trunc i64 %j_i to i16" [../../../../Downloads/WebModel.c:250->../../../../Downloads/WebModel.c:27]   --->   Operation 101 'trunc' 'tmp_68' <Predicate = (!exitcond_i3)> <Delay = 0.00>
ST_4 : Operation 102 [1/1] (0.00ns)   --->   "%bias_array_addr = getelementptr [26000 x float]* %bias_array, i64 0, i64 %j_i" [../../../../Downloads/WebModel.c:252->../../../../Downloads/WebModel.c:27]   --->   Operation 102 'getelementptr' 'bias_array_addr' <Predicate = (!exitcond_i3)> <Delay = 0.00>
ST_4 : Operation 103 [2/2] (2.77ns)   --->   "%bias_array_load = load float* %bias_array_addr, align 4" [../../../../Downloads/WebModel.c:252->../../../../Downloads/WebModel.c:27]   --->   Operation 103 'load' 'bias_array_load' <Predicate = (!exitcond_i3)> <Delay = 2.77> <Core = "RAM">   --->   Core 37 'RAM' <Latency = 1> <II = 1> <Delay = 1.75> <Storage> <Opcode : 'load' 'store'> <Ports = 2> <Width = 64> <Depth = 5> <RAM>
ST_4 : Operation 104 [1/1] (1.84ns)   --->   "%tmp_i_52 = add i16 %tmp_68, %tmp_67" [../../../../Downloads/WebModel.c:252->../../../../Downloads/WebModel.c:27]   --->   Operation 104 'add' 'tmp_i_52' <Predicate = (!exitcond_i3)> <Delay = 1.84> <Core = "AddSub">   --->   Core 14 'AddSub' <Latency = 0> <II = 1> <Delay = 2.99> <FuncUnit> <Opcode : 'add' 'sub'> <InPorts = 2> <OutPorts = 1>
ST_4 : Operation 105 [1/1] (0.00ns)   --->   "%tmp_i_cast = zext i16 %tmp_i_52 to i64" [../../../../Downloads/WebModel.c:252->../../../../Downloads/WebModel.c:27]   --->   Operation 105 'zext' 'tmp_i_cast' <Predicate = (!exitcond_i3)> <Delay = 0.00>
ST_4 : Operation 106 [1/1] (0.00ns)   --->   "%output_array_addr_1 = getelementptr [26000 x float]* %output_array, i64 0, i64 %tmp_i_cast" [../../../../Downloads/WebModel.c:252->../../../../Downloads/WebModel.c:27]   --->   Operation 106 'getelementptr' 'output_array_addr_1' <Predicate = (!exitcond_i3)> <Delay = 0.00>

State 5 <SV = 4> <Delay = 2.77>
ST_5 : Operation 107 [1/2] (2.77ns)   --->   "%bias_array_load = load float* %bias_array_addr, align 4" [../../../../Downloads/WebModel.c:252->../../../../Downloads/WebModel.c:27]   --->   Operation 107 'load' 'bias_array_load' <Predicate = (!exitcond_i3)> <Delay = 2.77> <Core = "RAM">   --->   Core 37 'RAM' <Latency = 1> <II = 1> <Delay = 1.75> <Storage> <Opcode : 'load' 'store'> <Ports = 2> <Width = 64> <Depth = 5> <RAM>
ST_5 : Operation 108 [2/2] (2.77ns)   --->   "%output_array_load_1 = load float* %output_array_addr_1, align 4" [../../../../Downloads/WebModel.c:252->../../../../Downloads/WebModel.c:27]   --->   Operation 108 'load' 'output_array_load_1' <Predicate = (!exitcond_i3)> <Delay = 2.77> <Core = "RAM">   --->   Core 37 'RAM' <Latency = 1> <II = 1> <Delay = 1.75> <Storage> <Opcode : 'load' 'store'> <Ports = 2> <Width = 64> <Depth = 5> <RAM>

State 6 <SV = 5> <Delay = 9.28>
ST_6 : Operation 109 [1/2] (2.77ns)   --->   "%output_array_load_1 = load float* %output_array_addr_1, align 4" [../../../../Downloads/WebModel.c:252->../../../../Downloads/WebModel.c:27]   --->   Operation 109 'load' 'output_array_load_1' <Predicate = (!exitcond_i3)> <Delay = 2.77> <Core = "RAM">   --->   Core 37 'RAM' <Latency = 1> <II = 1> <Delay = 1.75> <Storage> <Opcode : 'load' 'store'> <Ports = 2> <Width = 64> <Depth = 5> <RAM>
ST_6 : Operation 110 [5/5] (6.51ns)   --->   "%tmp_10_i = fadd float %output_array_load_1, %bias_array_load" [../../../../Downloads/WebModel.c:252->../../../../Downloads/WebModel.c:27]   --->   Operation 110 'fadd' 'tmp_10_i' <Predicate = (!exitcond_i3)> <Delay = 6.51> <Core = "FAddSub">   --->   Core 99 'FAddSub' <Latency = 4> <II = 1> <Delay = 6.51> <FuncUnit> <Opcode : 'fadd' 'fsub'> <InPorts = 2> <OutPorts = 1>

State 7 <SV = 6> <Delay = 6.51>
ST_7 : Operation 111 [4/5] (6.51ns)   --->   "%tmp_10_i = fadd float %output_array_load_1, %bias_array_load" [../../../../Downloads/WebModel.c:252->../../../../Downloads/WebModel.c:27]   --->   Operation 111 'fadd' 'tmp_10_i' <Predicate = (!exitcond_i3)> <Delay = 6.51> <Core = "FAddSub">   --->   Core 99 'FAddSub' <Latency = 4> <II = 1> <Delay = 6.51> <FuncUnit> <Opcode : 'fadd' 'fsub'> <InPorts = 2> <OutPorts = 1>

State 8 <SV = 7> <Delay = 6.51>
ST_8 : Operation 112 [3/5] (6.51ns)   --->   "%tmp_10_i = fadd float %output_array_load_1, %bias_array_load" [../../../../Downloads/WebModel.c:252->../../../../Downloads/WebModel.c:27]   --->   Operation 112 'fadd' 'tmp_10_i' <Predicate = (!exitcond_i3)> <Delay = 6.51> <Core = "FAddSub">   --->   Core 99 'FAddSub' <Latency = 4> <II = 1> <Delay = 6.51> <FuncUnit> <Opcode : 'fadd' 'fsub'> <InPorts = 2> <OutPorts = 1>

State 9 <SV = 8> <Delay = 6.51>
ST_9 : Operation 113 [2/5] (6.51ns)   --->   "%tmp_10_i = fadd float %output_array_load_1, %bias_array_load" [../../../../Downloads/WebModel.c:252->../../../../Downloads/WebModel.c:27]   --->   Operation 113 'fadd' 'tmp_10_i' <Predicate = (!exitcond_i3)> <Delay = 6.51> <Core = "FAddSub">   --->   Core 99 'FAddSub' <Latency = 4> <II = 1> <Delay = 6.51> <FuncUnit> <Opcode : 'fadd' 'fsub'> <InPorts = 2> <OutPorts = 1>

State 10 <SV = 9> <Delay = 9.28>
ST_10 : Operation 114 [1/1] (0.00ns)   --->   "%tmp_46_i = call i32 (...)* @_ssdm_op_SpecRegionBegin([13 x i8]* @p_str20)" [../../../../Downloads/WebModel.c:250->../../../../Downloads/WebModel.c:27]   --->   Operation 114 'specregionbegin' 'tmp_46_i' <Predicate = (!exitcond_i3)> <Delay = 0.00>
ST_10 : Operation 115 [1/1] (0.00ns)   --->   "call void (...)* @_ssdm_op_SpecPipeline(i32 -1, i32 1, i32 1, i32 0, [1 x i8]* @p_str2) nounwind" [../../../../Downloads/WebModel.c:251->../../../../Downloads/WebModel.c:27]   --->   Operation 115 'specpipeline' <Predicate = (!exitcond_i3)> <Delay = 0.00>
ST_10 : Operation 116 [1/5] (6.51ns)   --->   "%tmp_10_i = fadd float %output_array_load_1, %bias_array_load" [../../../../Downloads/WebModel.c:252->../../../../Downloads/WebModel.c:27]   --->   Operation 116 'fadd' 'tmp_10_i' <Predicate = (!exitcond_i3)> <Delay = 6.51> <Core = "FAddSub">   --->   Core 99 'FAddSub' <Latency = 4> <II = 1> <Delay = 6.51> <FuncUnit> <Opcode : 'fadd' 'fsub'> <InPorts = 2> <OutPorts = 1>
ST_10 : Operation 117 [1/1] (2.77ns)   --->   "store float %tmp_10_i, float* %output_array_addr_1, align 4" [../../../../Downloads/WebModel.c:252->../../../../Downloads/WebModel.c:27]   --->   Operation 117 'store' <Predicate = (!exitcond_i3)> <Delay = 2.77> <Core = "RAM">   --->   Core 37 'RAM' <Latency = 1> <II = 1> <Delay = 1.75> <Storage> <Opcode : 'load' 'store'> <Ports = 2> <Width = 64> <Depth = 5> <RAM>
ST_10 : Operation 118 [1/1] (0.00ns)   --->   "%empty_53 = call i32 (...)* @_ssdm_op_SpecRegionEnd([13 x i8]* @p_str20, i32 %tmp_46_i)" [../../../../Downloads/WebModel.c:253->../../../../Downloads/WebModel.c:27]   --->   Operation 118 'specregionend' 'empty_53' <Predicate = (!exitcond_i3)> <Delay = 0.00>
ST_10 : Operation 119 [1/1] (0.00ns)   --->   "br label %.preheader.i" [../../../../Downloads/WebModel.c:250->../../../../Downloads/WebModel.c:27]   --->   Operation 119 'br' <Predicate = (!exitcond_i3)> <Delay = 0.00>

State 11 <SV = 4> <Delay = 2.99>
ST_11 : Operation 120 [1/1] (2.99ns)   --->   "%i_25 = add i64 %i_i1, %bias_numel_read_2" [../../../../Downloads/WebModel.c:249->../../../../Downloads/WebModel.c:27]   --->   Operation 120 'add' 'i_25' <Predicate = true> <Delay = 2.99> <Core = "AddSub">   --->   Core 14 'AddSub' <Latency = 0> <II = 1> <Delay = 2.99> <FuncUnit> <Opcode : 'add' 'sub'> <InPorts = 2> <OutPorts = 1>
ST_11 : Operation 121 [1/1] (0.00ns)   --->   "br label %4" [../../../../Downloads/WebModel.c:249->../../../../Downloads/WebModel.c:27]   --->   Operation 121 'br' <Predicate = true> <Delay = 0.00>

State 12 <SV = 3> <Delay = 3.15>
ST_12 : Operation 122 [1/1] (0.00ns)   --->   "%i_i4 = phi i15 [ %i_52, %7 ], [ 0, %k2c_bias_add.exit.preheader ]"   --->   Operation 122 'phi' 'i_i4' <Predicate = true> <Delay = 0.00>
ST_12 : Operation 123 [1/1] (0.00ns)   --->   "%i_i4_cast = zext i15 %i_i4 to i64" [../../../../Downloads/WebModel.c:45->../../../../Downloads/WebModel.c:31]   --->   Operation 123 'zext' 'i_i4_cast' <Predicate = true> <Delay = 0.00>
ST_12 : Operation 124 [1/1] (2.34ns)   --->   "%exitcond_i5 = icmp eq i64 %i_i4_cast, %output_numel_read_2" [../../../../Downloads/WebModel.c:45->../../../../Downloads/WebModel.c:31]   --->   Operation 124 'icmp' 'exitcond_i5' <Predicate = true> <Delay = 2.34> <Core = "Cmp">   --->   Core 25 'Cmp' <Latency = 0> <II = 1> <Delay = 2.34> <FuncUnit> <Opcode : 'icmp'> <InPorts = 2> <OutPorts = 1>
ST_12 : Operation 125 [1/1] (1.82ns)   --->   "%i_52 = add i15 %i_i4, 1" [../../../../Downloads/WebModel.c:45->../../../../Downloads/WebModel.c:31]   --->   Operation 125 'add' 'i_52' <Predicate = true> <Delay = 1.82> <Core = "AddSub">   --->   Core 14 'AddSub' <Latency = 0> <II = 1> <Delay = 2.99> <FuncUnit> <Opcode : 'add' 'sub'> <InPorts = 2> <OutPorts = 1>
ST_12 : Operation 126 [1/1] (0.00ns)   --->   "br i1 %exitcond_i5, label %k2c_sigmoid_func.exit.loopexit, label %7" [../../../../Downloads/WebModel.c:45->../../../../Downloads/WebModel.c:31]   --->   Operation 126 'br' <Predicate = true> <Delay = 0.00>
ST_12 : Operation 127 [1/1] (0.00ns)   --->   "%output_array_addr_2 = getelementptr [26000 x float]* %output_array, i64 0, i64 %i_i4_cast" [../../../../Downloads/WebModel.c:47->../../../../Downloads/WebModel.c:31]   --->   Operation 127 'getelementptr' 'output_array_addr_2' <Predicate = (!exitcond_i5)> <Delay = 0.00>
ST_12 : Operation 128 [2/2] (2.77ns)   --->   "%output_array_load_2 = load float* %output_array_addr_2, align 4" [../../../../Downloads/WebModel.c:47->../../../../Downloads/WebModel.c:31]   --->   Operation 128 'load' 'output_array_load_2' <Predicate = (!exitcond_i5)> <Delay = 2.77> <Core = "RAM">   --->   Core 37 'RAM' <Latency = 1> <II = 1> <Delay = 1.75> <Storage> <Opcode : 'load' 'store'> <Ports = 2> <Width = 64> <Depth = 5> <RAM>

State 13 <SV = 4> <Delay = 2.77>
ST_13 : Operation 129 [1/2] (2.77ns)   --->   "%output_array_load_2 = load float* %output_array_addr_2, align 4" [../../../../Downloads/WebModel.c:47->../../../../Downloads/WebModel.c:31]   --->   Operation 129 'load' 'output_array_load_2' <Predicate = (!exitcond_i5)> <Delay = 2.77> <Core = "RAM">   --->   Core 37 'RAM' <Latency = 1> <II = 1> <Delay = 1.75> <Storage> <Opcode : 'load' 'store'> <Ports = 2> <Width = 64> <Depth = 5> <RAM>

State 14 <SV = 5> <Delay = 7.85>
ST_14 : Operation 130 [1/1] (0.00ns)   --->   "%tmp_to_int_i9 = bitcast float %output_array_load_2 to i32" [../../../../Downloads/WebModel.c:47->../../../../Downloads/WebModel.c:31]   --->   Operation 130 'bitcast' 'tmp_to_int_i9' <Predicate = (!exitcond_i5)> <Delay = 0.00>
ST_14 : Operation 131 [1/1] (0.80ns)   --->   "%tmp_neg_i1 = xor i32 %tmp_to_int_i9, -2147483648" [../../../../Downloads/WebModel.c:47->../../../../Downloads/WebModel.c:31]   --->   Operation 131 'xor' 'tmp_neg_i1' <Predicate = (!exitcond_i5)> <Delay = 0.80> <Core = "LogicGate">   --->   Core 27 'LogicGate' <Latency = 0> <II = 1> <Delay = 0.80> <FuncUnit> <Opcode : 'and' 'or' 'xor'> <InPorts = 2> <OutPorts = 1>
ST_14 : Operation 132 [1/1] (0.00ns)   --->   "%tmp_i1 = bitcast i32 %tmp_neg_i1 to float" [../../../../Downloads/WebModel.c:47->../../../../Downloads/WebModel.c:31]   --->   Operation 132 'bitcast' 'tmp_i1' <Predicate = (!exitcond_i5)> <Delay = 0.00>
ST_14 : Operation 133 [8/8] (7.04ns)   --->   "%tmp_4_i1 = call float @llvm.exp.f32(float %tmp_i1)" [../../../../Downloads/WebModel.c:47->../../../../Downloads/WebModel.c:31]   --->   Operation 133 'fexp' 'tmp_4_i1' <Predicate = (!exitcond_i5)> <Delay = 7.04> <Core = "FExp">   --->   Core 121 'FExp' <Latency = 7> <II = 1> <Delay = 7.04> <FuncUnit> <Opcode : 'fexp'> <InPorts = 1> <OutPorts = 1>

State 15 <SV = 6> <Delay = 7.04>
ST_15 : Operation 134 [7/8] (7.04ns)   --->   "%tmp_4_i1 = call float @llvm.exp.f32(float %tmp_i1)" [../../../../Downloads/WebModel.c:47->../../../../Downloads/WebModel.c:31]   --->   Operation 134 'fexp' 'tmp_4_i1' <Predicate = (!exitcond_i5)> <Delay = 7.04> <Core = "FExp">   --->   Core 121 'FExp' <Latency = 7> <II = 1> <Delay = 7.04> <FuncUnit> <Opcode : 'fexp'> <InPorts = 1> <OutPorts = 1>

State 16 <SV = 7> <Delay = 7.04>
ST_16 : Operation 135 [6/8] (7.04ns)   --->   "%tmp_4_i1 = call float @llvm.exp.f32(float %tmp_i1)" [../../../../Downloads/WebModel.c:47->../../../../Downloads/WebModel.c:31]   --->   Operation 135 'fexp' 'tmp_4_i1' <Predicate = (!exitcond_i5)> <Delay = 7.04> <Core = "FExp">   --->   Core 121 'FExp' <Latency = 7> <II = 1> <Delay = 7.04> <FuncUnit> <Opcode : 'fexp'> <InPorts = 1> <OutPorts = 1>

State 17 <SV = 8> <Delay = 7.04>
ST_17 : Operation 136 [5/8] (7.04ns)   --->   "%tmp_4_i1 = call float @llvm.exp.f32(float %tmp_i1)" [../../../../Downloads/WebModel.c:47->../../../../Downloads/WebModel.c:31]   --->   Operation 136 'fexp' 'tmp_4_i1' <Predicate = (!exitcond_i5)> <Delay = 7.04> <Core = "FExp">   --->   Core 121 'FExp' <Latency = 7> <II = 1> <Delay = 7.04> <FuncUnit> <Opcode : 'fexp'> <InPorts = 1> <OutPorts = 1>

State 18 <SV = 9> <Delay = 7.04>
ST_18 : Operation 137 [4/8] (7.04ns)   --->   "%tmp_4_i1 = call float @llvm.exp.f32(float %tmp_i1)" [../../../../Downloads/WebModel.c:47->../../../../Downloads/WebModel.c:31]   --->   Operation 137 'fexp' 'tmp_4_i1' <Predicate = (!exitcond_i5)> <Delay = 7.04> <Core = "FExp">   --->   Core 121 'FExp' <Latency = 7> <II = 1> <Delay = 7.04> <FuncUnit> <Opcode : 'fexp'> <InPorts = 1> <OutPorts = 1>

State 19 <SV = 10> <Delay = 7.04>
ST_19 : Operation 138 [3/8] (7.04ns)   --->   "%tmp_4_i1 = call float @llvm.exp.f32(float %tmp_i1)" [../../../../Downloads/WebModel.c:47->../../../../Downloads/WebModel.c:31]   --->   Operation 138 'fexp' 'tmp_4_i1' <Predicate = (!exitcond_i5)> <Delay = 7.04> <Core = "FExp">   --->   Core 121 'FExp' <Latency = 7> <II = 1> <Delay = 7.04> <FuncUnit> <Opcode : 'fexp'> <InPorts = 1> <OutPorts = 1>

State 20 <SV = 11> <Delay = 7.04>
ST_20 : Operation 139 [2/8] (7.04ns)   --->   "%tmp_4_i1 = call float @llvm.exp.f32(float %tmp_i1)" [../../../../Downloads/WebModel.c:47->../../../../Downloads/WebModel.c:31]   --->   Operation 139 'fexp' 'tmp_4_i1' <Predicate = (!exitcond_i5)> <Delay = 7.04> <Core = "FExp">   --->   Core 121 'FExp' <Latency = 7> <II = 1> <Delay = 7.04> <FuncUnit> <Opcode : 'fexp'> <InPorts = 1> <OutPorts = 1>

State 21 <SV = 12> <Delay = 7.04>
ST_21 : Operation 140 [1/8] (7.04ns)   --->   "%tmp_4_i1 = call float @llvm.exp.f32(float %tmp_i1)" [../../../../Downloads/WebModel.c:47->../../../../Downloads/WebModel.c:31]   --->   Operation 140 'fexp' 'tmp_4_i1' <Predicate = (!exitcond_i5)> <Delay = 7.04> <Core = "FExp">   --->   Core 121 'FExp' <Latency = 7> <II = 1> <Delay = 7.04> <FuncUnit> <Opcode : 'fexp'> <InPorts = 1> <OutPorts = 1>

State 22 <SV = 13> <Delay = 6.51>
ST_22 : Operation 141 [5/5] (6.51ns)   --->   "%tmp_5_i1 = fadd float %tmp_4_i1, 1.000000e+00" [../../../../Downloads/WebModel.c:47->../../../../Downloads/WebModel.c:31]   --->   Operation 141 'fadd' 'tmp_5_i1' <Predicate = (!exitcond_i5)> <Delay = 6.51> <Core = "FAddSub">   --->   Core 99 'FAddSub' <Latency = 4> <II = 1> <Delay = 6.51> <FuncUnit> <Opcode : 'fadd' 'fsub'> <InPorts = 2> <OutPorts = 1>

State 23 <SV = 14> <Delay = 6.51>
ST_23 : Operation 142 [4/5] (6.51ns)   --->   "%tmp_5_i1 = fadd float %tmp_4_i1, 1.000000e+00" [../../../../Downloads/WebModel.c:47->../../../../Downloads/WebModel.c:31]   --->   Operation 142 'fadd' 'tmp_5_i1' <Predicate = (!exitcond_i5)> <Delay = 6.51> <Core = "FAddSub">   --->   Core 99 'FAddSub' <Latency = 4> <II = 1> <Delay = 6.51> <FuncUnit> <Opcode : 'fadd' 'fsub'> <InPorts = 2> <OutPorts = 1>

State 24 <SV = 15> <Delay = 6.51>
ST_24 : Operation 143 [3/5] (6.51ns)   --->   "%tmp_5_i1 = fadd float %tmp_4_i1, 1.000000e+00" [../../../../Downloads/WebModel.c:47->../../../../Downloads/WebModel.c:31]   --->   Operation 143 'fadd' 'tmp_5_i1' <Predicate = (!exitcond_i5)> <Delay = 6.51> <Core = "FAddSub">   --->   Core 99 'FAddSub' <Latency = 4> <II = 1> <Delay = 6.51> <FuncUnit> <Opcode : 'fadd' 'fsub'> <InPorts = 2> <OutPorts = 1>

State 25 <SV = 16> <Delay = 6.51>
ST_25 : Operation 144 [2/5] (6.51ns)   --->   "%tmp_5_i1 = fadd float %tmp_4_i1, 1.000000e+00" [../../../../Downloads/WebModel.c:47->../../../../Downloads/WebModel.c:31]   --->   Operation 144 'fadd' 'tmp_5_i1' <Predicate = (!exitcond_i5)> <Delay = 6.51> <Core = "FAddSub">   --->   Core 99 'FAddSub' <Latency = 4> <II = 1> <Delay = 6.51> <FuncUnit> <Opcode : 'fadd' 'fsub'> <InPorts = 2> <OutPorts = 1>

State 26 <SV = 17> <Delay = 6.51>
ST_26 : Operation 145 [1/5] (6.51ns)   --->   "%tmp_5_i1 = fadd float %tmp_4_i1, 1.000000e+00" [../../../../Downloads/WebModel.c:47->../../../../Downloads/WebModel.c:31]   --->   Operation 145 'fadd' 'tmp_5_i1' <Predicate = (!exitcond_i5)> <Delay = 6.51> <Core = "FAddSub">   --->   Core 99 'FAddSub' <Latency = 4> <II = 1> <Delay = 6.51> <FuncUnit> <Opcode : 'fadd' 'fsub'> <InPorts = 2> <OutPorts = 1>

State 27 <SV = 18> <Delay = 7.20>
ST_27 : Operation 146 [12/12] (7.20ns)   --->   "%tmp_6_i1 = fdiv float 1.000000e+00, %tmp_5_i1" [../../../../Downloads/WebModel.c:47->../../../../Downloads/WebModel.c:31]   --->   Operation 146 'fdiv' 'tmp_6_i1' <Predicate = (!exitcond_i5)> <Delay = 7.20> <Core = "FDiv">   --->   Core 101 'FDiv' <Latency = 11> <II = 1> <Delay = 7.20> <FuncUnit> <Opcode : 'fdiv' 'frem'> <InPorts = 2> <OutPorts = 1>

State 28 <SV = 19> <Delay = 7.20>
ST_28 : Operation 147 [11/12] (7.20ns)   --->   "%tmp_6_i1 = fdiv float 1.000000e+00, %tmp_5_i1" [../../../../Downloads/WebModel.c:47->../../../../Downloads/WebModel.c:31]   --->   Operation 147 'fdiv' 'tmp_6_i1' <Predicate = (!exitcond_i5)> <Delay = 7.20> <Core = "FDiv">   --->   Core 101 'FDiv' <Latency = 11> <II = 1> <Delay = 7.20> <FuncUnit> <Opcode : 'fdiv' 'frem'> <InPorts = 2> <OutPorts = 1>

State 29 <SV = 20> <Delay = 7.20>
ST_29 : Operation 148 [10/12] (7.20ns)   --->   "%tmp_6_i1 = fdiv float 1.000000e+00, %tmp_5_i1" [../../../../Downloads/WebModel.c:47->../../../../Downloads/WebModel.c:31]   --->   Operation 148 'fdiv' 'tmp_6_i1' <Predicate = (!exitcond_i5)> <Delay = 7.20> <Core = "FDiv">   --->   Core 101 'FDiv' <Latency = 11> <II = 1> <Delay = 7.20> <FuncUnit> <Opcode : 'fdiv' 'frem'> <InPorts = 2> <OutPorts = 1>

State 30 <SV = 21> <Delay = 7.20>
ST_30 : Operation 149 [9/12] (7.20ns)   --->   "%tmp_6_i1 = fdiv float 1.000000e+00, %tmp_5_i1" [../../../../Downloads/WebModel.c:47->../../../../Downloads/WebModel.c:31]   --->   Operation 149 'fdiv' 'tmp_6_i1' <Predicate = (!exitcond_i5)> <Delay = 7.20> <Core = "FDiv">   --->   Core 101 'FDiv' <Latency = 11> <II = 1> <Delay = 7.20> <FuncUnit> <Opcode : 'fdiv' 'frem'> <InPorts = 2> <OutPorts = 1>

State 31 <SV = 22> <Delay = 7.20>
ST_31 : Operation 150 [8/12] (7.20ns)   --->   "%tmp_6_i1 = fdiv float 1.000000e+00, %tmp_5_i1" [../../../../Downloads/WebModel.c:47->../../../../Downloads/WebModel.c:31]   --->   Operation 150 'fdiv' 'tmp_6_i1' <Predicate = (!exitcond_i5)> <Delay = 7.20> <Core = "FDiv">   --->   Core 101 'FDiv' <Latency = 11> <II = 1> <Delay = 7.20> <FuncUnit> <Opcode : 'fdiv' 'frem'> <InPorts = 2> <OutPorts = 1>

State 32 <SV = 23> <Delay = 7.20>
ST_32 : Operation 151 [7/12] (7.20ns)   --->   "%tmp_6_i1 = fdiv float 1.000000e+00, %tmp_5_i1" [../../../../Downloads/WebModel.c:47->../../../../Downloads/WebModel.c:31]   --->   Operation 151 'fdiv' 'tmp_6_i1' <Predicate = (!exitcond_i5)> <Delay = 7.20> <Core = "FDiv">   --->   Core 101 'FDiv' <Latency = 11> <II = 1> <Delay = 7.20> <FuncUnit> <Opcode : 'fdiv' 'frem'> <InPorts = 2> <OutPorts = 1>

State 33 <SV = 24> <Delay = 7.20>
ST_33 : Operation 152 [6/12] (7.20ns)   --->   "%tmp_6_i1 = fdiv float 1.000000e+00, %tmp_5_i1" [../../../../Downloads/WebModel.c:47->../../../../Downloads/WebModel.c:31]   --->   Operation 152 'fdiv' 'tmp_6_i1' <Predicate = (!exitcond_i5)> <Delay = 7.20> <Core = "FDiv">   --->   Core 101 'FDiv' <Latency = 11> <II = 1> <Delay = 7.20> <FuncUnit> <Opcode : 'fdiv' 'frem'> <InPorts = 2> <OutPorts = 1>

State 34 <SV = 25> <Delay = 7.20>
ST_34 : Operation 153 [5/12] (7.20ns)   --->   "%tmp_6_i1 = fdiv float 1.000000e+00, %tmp_5_i1" [../../../../Downloads/WebModel.c:47->../../../../Downloads/WebModel.c:31]   --->   Operation 153 'fdiv' 'tmp_6_i1' <Predicate = (!exitcond_i5)> <Delay = 7.20> <Core = "FDiv">   --->   Core 101 'FDiv' <Latency = 11> <II = 1> <Delay = 7.20> <FuncUnit> <Opcode : 'fdiv' 'frem'> <InPorts = 2> <OutPorts = 1>

State 35 <SV = 26> <Delay = 7.20>
ST_35 : Operation 154 [4/12] (7.20ns)   --->   "%tmp_6_i1 = fdiv float 1.000000e+00, %tmp_5_i1" [../../../../Downloads/WebModel.c:47->../../../../Downloads/WebModel.c:31]   --->   Operation 154 'fdiv' 'tmp_6_i1' <Predicate = (!exitcond_i5)> <Delay = 7.20> <Core = "FDiv">   --->   Core 101 'FDiv' <Latency = 11> <II = 1> <Delay = 7.20> <FuncUnit> <Opcode : 'fdiv' 'frem'> <InPorts = 2> <OutPorts = 1>

State 36 <SV = 27> <Delay = 7.20>
ST_36 : Operation 155 [3/12] (7.20ns)   --->   "%tmp_6_i1 = fdiv float 1.000000e+00, %tmp_5_i1" [../../../../Downloads/WebModel.c:47->../../../../Downloads/WebModel.c:31]   --->   Operation 155 'fdiv' 'tmp_6_i1' <Predicate = (!exitcond_i5)> <Delay = 7.20> <Core = "FDiv">   --->   Core 101 'FDiv' <Latency = 11> <II = 1> <Delay = 7.20> <FuncUnit> <Opcode : 'fdiv' 'frem'> <InPorts = 2> <OutPorts = 1>

State 37 <SV = 28> <Delay = 7.20>
ST_37 : Operation 156 [2/12] (7.20ns)   --->   "%tmp_6_i1 = fdiv float 1.000000e+00, %tmp_5_i1" [../../../../Downloads/WebModel.c:47->../../../../Downloads/WebModel.c:31]   --->   Operation 156 'fdiv' 'tmp_6_i1' <Predicate = (!exitcond_i5)> <Delay = 7.20> <Core = "FDiv">   --->   Core 101 'FDiv' <Latency = 11> <II = 1> <Delay = 7.20> <FuncUnit> <Opcode : 'fdiv' 'frem'> <InPorts = 2> <OutPorts = 1>

State 38 <SV = 29> <Delay = 7.20>
ST_38 : Operation 157 [1/12] (7.20ns)   --->   "%tmp_6_i1 = fdiv float 1.000000e+00, %tmp_5_i1" [../../../../Downloads/WebModel.c:47->../../../../Downloads/WebModel.c:31]   --->   Operation 157 'fdiv' 'tmp_6_i1' <Predicate = (!exitcond_i5)> <Delay = 7.20> <Core = "FDiv">   --->   Core 101 'FDiv' <Latency = 11> <II = 1> <Delay = 7.20> <FuncUnit> <Opcode : 'fdiv' 'frem'> <InPorts = 2> <OutPorts = 1>

State 39 <SV = 30> <Delay = 2.77>
ST_39 : Operation 158 [1/1] (0.00ns)   --->   "%tmp_2_i6 = call i32 (...)* @_ssdm_op_SpecRegionBegin([12 x i8]* @p_str3)" [../../../../Downloads/WebModel.c:45->../../../../Downloads/WebModel.c:31]   --->   Operation 158 'specregionbegin' 'tmp_2_i6' <Predicate = (!exitcond_i5)> <Delay = 0.00>
ST_39 : Operation 159 [1/1] (0.00ns)   --->   "call void (...)* @_ssdm_op_SpecPipeline(i32 -1, i32 1, i32 1, i32 0, [1 x i8]* @p_str2) nounwind" [../../../../Downloads/WebModel.c:46->../../../../Downloads/WebModel.c:31]   --->   Operation 159 'specpipeline' <Predicate = (!exitcond_i5)> <Delay = 0.00>
ST_39 : Operation 160 [1/1] (2.77ns)   --->   "store float %tmp_6_i1, float* %output_array_addr_2, align 4" [../../../../Downloads/WebModel.c:47->../../../../Downloads/WebModel.c:31]   --->   Operation 160 'store' <Predicate = (!exitcond_i5)> <Delay = 2.77> <Core = "RAM">   --->   Core 37 'RAM' <Latency = 1> <II = 1> <Delay = 1.75> <Storage> <Opcode : 'load' 'store'> <Ports = 2> <Width = 64> <Depth = 5> <RAM>
ST_39 : Operation 161 [1/1] (0.00ns)   --->   "%empty_54 = call i32 (...)* @_ssdm_op_SpecRegionEnd([12 x i8]* @p_str3, i32 %tmp_2_i6)" [../../../../Downloads/WebModel.c:48->../../../../Downloads/WebModel.c:31]   --->   Operation 161 'specregionend' 'empty_54' <Predicate = (!exitcond_i5)> <Delay = 0.00>
ST_39 : Operation 162 [1/1] (0.00ns)   --->   "br label %k2c_bias_add.exit" [../../../../Downloads/WebModel.c:45->../../../../Downloads/WebModel.c:31]   --->   Operation 162 'br' <Predicate = (!exitcond_i5)> <Delay = 0.00>

State 40 <SV = 4> <Delay = 0.00>
ST_40 : Operation 163 [1/1] (0.00ns)   --->   "br label %k2c_sigmoid_func.exit"   --->   Operation 163 'br' <Predicate = true> <Delay = 0.00>

State 41 <SV = 1> <Delay = 2.58>
ST_41 : Operation 164 [1/2] (1.75ns)   --->   "%input_shape_load = load i64* %input_shape_addr, align 8" [../../../../Downloads/WebModel.c:9]   --->   Operation 164 'load' 'input_shape_load' <Predicate = true> <Delay = 1.75> <Core = "RAM">   --->   Core 37 'RAM' <Latency = 1> <II = 1> <Delay = 1.75> <Storage> <Opcode : 'load' 'store'> <Ports = 2> <Width = 64> <Depth = 5> <RAM>
ST_41 : Operation 165 [1/1] (0.83ns)   --->   "%outrows = select i1 %icmp, i64 %input_shape_load, i64 1" [../../../../Downloads/WebModel.c:9]   --->   Operation 165 'select' 'outrows' <Predicate = true> <Delay = 0.83> <Core = "Sel">   --->   Core 26 'Sel' <Latency = 0> <II = 1> <Delay = 0.83> <FuncUnit> <Opcode : 'select'> <InPorts = 3> <OutPorts = 1>
ST_41 : Operation 166 [1/2] (1.75ns)   --->   "%outcols = load i64* %kernel_shape_addr, align 8" [../../../../Downloads/WebModel.c:10]   --->   Operation 166 'load' 'outcols' <Predicate = true> <Delay = 1.75> <Core = "RAM">   --->   Core 37 'RAM' <Latency = 1> <II = 1> <Delay = 1.75> <Storage> <Opcode : 'load' 'store'> <Ports = 2> <Width = 64> <Depth = 5> <RAM>
ST_41 : Operation 167 [1/1] (0.00ns)   --->   "%kernel_shape_addr_1 = getelementptr [5 x i64]* %kernel_shape, i64 0, i64 0" [../../../../Downloads/WebModel.c:11]   --->   Operation 167 'getelementptr' 'kernel_shape_addr_1' <Predicate = true> <Delay = 0.00>
ST_41 : Operation 168 [2/2] (1.75ns)   --->   "%innerdim = load i64* %kernel_shape_addr_1, align 8" [../../../../Downloads/WebModel.c:11]   --->   Operation 168 'load' 'innerdim' <Predicate = true> <Delay = 1.75> <Core = "RAM">   --->   Core 37 'RAM' <Latency = 1> <II = 1> <Delay = 1.75> <Storage> <Opcode : 'load' 'store'> <Ports = 2> <Width = 64> <Depth = 5> <RAM>

State 42 <SV = 2> <Delay = 8.60>
ST_42 : Operation 169 [1/2] (1.75ns)   --->   "%innerdim = load i64* %kernel_shape_addr_1, align 8" [../../../../Downloads/WebModel.c:11]   --->   Operation 169 'load' 'innerdim' <Predicate = true> <Delay = 1.75> <Core = "RAM">   --->   Core 37 'RAM' <Latency = 1> <II = 1> <Delay = 1.75> <Storage> <Opcode : 'load' 'store'> <Ports = 2> <Width = 64> <Depth = 5> <RAM>
ST_42 : Operation 170 [2/2] (8.60ns)   --->   "%outsize = mul i64 %outcols, %outrows" [../../../../Downloads/WebModel.c:12]   --->   Operation 170 'mul' 'outsize' <Predicate = true> <Delay = 8.60> <Core = "MulnS">   --->   Core 17 'MulnS' <Latency = 1> <II = 1> <Delay = 8.60> <FuncUnit> <Opcode : 'mul'> <InPorts = 2> <OutPorts = 1>
ST_42 : Operation 171 [2/2] (0.00ns)   --->   "call fastcc void @k2c_affine_matmul([26000 x float]* %output_array, [26000 x float]* %input_array, [26000 x float]* %kernel_array, [26000 x float]* %bias_array, i64 %outrows, i64 %outcols, i64 %innerdim)" [../../../../Downloads/WebModel.c:13]   --->   Operation 171 'call' <Predicate = true> <Delay = 0.00> <CoreType = "Generic">   --->   Core 0 '' <Latency = 0> <II = 1> <Delay = 1.00> <Generic> <Opcode : >

State 43 <SV = 3> <Delay = 8.60>
ST_43 : Operation 172 [1/2] (8.60ns)   --->   "%outsize = mul i64 %outcols, %outrows" [../../../../Downloads/WebModel.c:12]   --->   Operation 172 'mul' 'outsize' <Predicate = true> <Delay = 8.60> <Core = "MulnS">   --->   Core 17 'MulnS' <Latency = 1> <II = 1> <Delay = 8.60> <FuncUnit> <Opcode : 'mul'> <InPorts = 2> <OutPorts = 1>
ST_43 : Operation 173 [1/2] (0.00ns)   --->   "call fastcc void @k2c_affine_matmul([26000 x float]* %output_array, [26000 x float]* %input_array, [26000 x float]* %kernel_array, [26000 x float]* %bias_array, i64 %outrows, i64 %outcols, i64 %innerdim)" [../../../../Downloads/WebModel.c:13]   --->   Operation 173 'call' <Predicate = true> <Delay = 0.00> <CoreType = "Generic">   --->   Core 0 '' <Latency = 0> <II = 1> <Delay = 1.00> <Generic> <Opcode : >
ST_43 : Operation 174 [1/1] (1.35ns)   --->   "br label %1" [../../../../Downloads/WebModel.c:45->../../../../Downloads/WebModel.c:18]   --->   Operation 174 'br' <Predicate = true> <Delay = 1.35>

State 44 <SV = 4> <Delay = 3.15>
ST_44 : Operation 175 [1/1] (0.00ns)   --->   "%i_i = phi i15 [ 0, %_ifconv ], [ %i, %2 ]"   --->   Operation 175 'phi' 'i_i' <Predicate = true> <Delay = 0.00>
ST_44 : Operation 176 [1/1] (0.00ns)   --->   "%i_i_cast = zext i15 %i_i to i64" [../../../../Downloads/WebModel.c:45->../../../../Downloads/WebModel.c:18]   --->   Operation 176 'zext' 'i_i_cast' <Predicate = true> <Delay = 0.00>
ST_44 : Operation 177 [1/1] (2.34ns)   --->   "%exitcond_i = icmp eq i64 %i_i_cast, %outsize" [../../../../Downloads/WebModel.c:45->../../../../Downloads/WebModel.c:18]   --->   Operation 177 'icmp' 'exitcond_i' <Predicate = true> <Delay = 2.34> <Core = "Cmp">   --->   Core 25 'Cmp' <Latency = 0> <II = 1> <Delay = 2.34> <FuncUnit> <Opcode : 'icmp'> <InPorts = 2> <OutPorts = 1>
ST_44 : Operation 178 [1/1] (1.82ns)   --->   "%i = add i15 %i_i, 1" [../../../../Downloads/WebModel.c:45->../../../../Downloads/WebModel.c:18]   --->   Operation 178 'add' 'i' <Predicate = true> <Delay = 1.82> <Core = "AddSub">   --->   Core 14 'AddSub' <Latency = 0> <II = 1> <Delay = 2.99> <FuncUnit> <Opcode : 'add' 'sub'> <InPorts = 2> <OutPorts = 1>
ST_44 : Operation 179 [1/1] (0.00ns)   --->   "br i1 %exitcond_i, label %k2c_sigmoid_func.exit.loopexit10, label %2" [../../../../Downloads/WebModel.c:45->../../../../Downloads/WebModel.c:18]   --->   Operation 179 'br' <Predicate = true> <Delay = 0.00>
ST_44 : Operation 180 [1/1] (0.00ns)   --->   "%output_array_addr = getelementptr [26000 x float]* %output_array, i64 0, i64 %i_i_cast" [../../../../Downloads/WebModel.c:47->../../../../Downloads/WebModel.c:18]   --->   Operation 180 'getelementptr' 'output_array_addr' <Predicate = (!exitcond_i)> <Delay = 0.00>
ST_44 : Operation 181 [2/2] (2.77ns)   --->   "%output_array_load = load float* %output_array_addr, align 4" [../../../../Downloads/WebModel.c:47->../../../../Downloads/WebModel.c:18]   --->   Operation 181 'load' 'output_array_load' <Predicate = (!exitcond_i)> <Delay = 2.77> <Core = "RAM">   --->   Core 37 'RAM' <Latency = 1> <II = 1> <Delay = 1.75> <Storage> <Opcode : 'load' 'store'> <Ports = 2> <Width = 64> <Depth = 5> <RAM>

State 45 <SV = 5> <Delay = 2.77>
ST_45 : Operation 182 [1/2] (2.77ns)   --->   "%output_array_load = load float* %output_array_addr, align 4" [../../../../Downloads/WebModel.c:47->../../../../Downloads/WebModel.c:18]   --->   Operation 182 'load' 'output_array_load' <Predicate = (!exitcond_i)> <Delay = 2.77> <Core = "RAM">   --->   Core 37 'RAM' <Latency = 1> <II = 1> <Delay = 1.75> <Storage> <Opcode : 'load' 'store'> <Ports = 2> <Width = 64> <Depth = 5> <RAM>

State 46 <SV = 6> <Delay = 7.85>
ST_46 : Operation 183 [1/1] (0.00ns)   --->   "%tmp_to_int_i = bitcast float %output_array_load to i32" [../../../../Downloads/WebModel.c:47->../../../../Downloads/WebModel.c:18]   --->   Operation 183 'bitcast' 'tmp_to_int_i' <Predicate = (!exitcond_i)> <Delay = 0.00>
ST_46 : Operation 184 [1/1] (0.80ns)   --->   "%tmp_neg_i = xor i32 %tmp_to_int_i, -2147483648" [../../../../Downloads/WebModel.c:47->../../../../Downloads/WebModel.c:18]   --->   Operation 184 'xor' 'tmp_neg_i' <Predicate = (!exitcond_i)> <Delay = 0.80> <Core = "LogicGate">   --->   Core 27 'LogicGate' <Latency = 0> <II = 1> <Delay = 0.80> <FuncUnit> <Opcode : 'and' 'or' 'xor'> <InPorts = 2> <OutPorts = 1>
ST_46 : Operation 185 [1/1] (0.00ns)   --->   "%tmp_i = bitcast i32 %tmp_neg_i to float" [../../../../Downloads/WebModel.c:47->../../../../Downloads/WebModel.c:18]   --->   Operation 185 'bitcast' 'tmp_i' <Predicate = (!exitcond_i)> <Delay = 0.00>
ST_46 : Operation 186 [8/8] (7.04ns)   --->   "%tmp_4_i = call float @llvm.exp.f32(float %tmp_i)" [../../../../Downloads/WebModel.c:47->../../../../Downloads/WebModel.c:18]   --->   Operation 186 'fexp' 'tmp_4_i' <Predicate = (!exitcond_i)> <Delay = 7.04> <Core = "FExp">   --->   Core 121 'FExp' <Latency = 7> <II = 1> <Delay = 7.04> <FuncUnit> <Opcode : 'fexp'> <InPorts = 1> <OutPorts = 1>

State 47 <SV = 7> <Delay = 7.04>
ST_47 : Operation 187 [7/8] (7.04ns)   --->   "%tmp_4_i = call float @llvm.exp.f32(float %tmp_i)" [../../../../Downloads/WebModel.c:47->../../../../Downloads/WebModel.c:18]   --->   Operation 187 'fexp' 'tmp_4_i' <Predicate = (!exitcond_i)> <Delay = 7.04> <Core = "FExp">   --->   Core 121 'FExp' <Latency = 7> <II = 1> <Delay = 7.04> <FuncUnit> <Opcode : 'fexp'> <InPorts = 1> <OutPorts = 1>

State 48 <SV = 8> <Delay = 7.04>
ST_48 : Operation 188 [6/8] (7.04ns)   --->   "%tmp_4_i = call float @llvm.exp.f32(float %tmp_i)" [../../../../Downloads/WebModel.c:47->../../../../Downloads/WebModel.c:18]   --->   Operation 188 'fexp' 'tmp_4_i' <Predicate = (!exitcond_i)> <Delay = 7.04> <Core = "FExp">   --->   Core 121 'FExp' <Latency = 7> <II = 1> <Delay = 7.04> <FuncUnit> <Opcode : 'fexp'> <InPorts = 1> <OutPorts = 1>

State 49 <SV = 9> <Delay = 7.04>
ST_49 : Operation 189 [5/8] (7.04ns)   --->   "%tmp_4_i = call float @llvm.exp.f32(float %tmp_i)" [../../../../Downloads/WebModel.c:47->../../../../Downloads/WebModel.c:18]   --->   Operation 189 'fexp' 'tmp_4_i' <Predicate = (!exitcond_i)> <Delay = 7.04> <Core = "FExp">   --->   Core 121 'FExp' <Latency = 7> <II = 1> <Delay = 7.04> <FuncUnit> <Opcode : 'fexp'> <InPorts = 1> <OutPorts = 1>

State 50 <SV = 10> <Delay = 7.04>
ST_50 : Operation 190 [4/8] (7.04ns)   --->   "%tmp_4_i = call float @llvm.exp.f32(float %tmp_i)" [../../../../Downloads/WebModel.c:47->../../../../Downloads/WebModel.c:18]   --->   Operation 190 'fexp' 'tmp_4_i' <Predicate = (!exitcond_i)> <Delay = 7.04> <Core = "FExp">   --->   Core 121 'FExp' <Latency = 7> <II = 1> <Delay = 7.04> <FuncUnit> <Opcode : 'fexp'> <InPorts = 1> <OutPorts = 1>

State 51 <SV = 11> <Delay = 7.04>
ST_51 : Operation 191 [3/8] (7.04ns)   --->   "%tmp_4_i = call float @llvm.exp.f32(float %tmp_i)" [../../../../Downloads/WebModel.c:47->../../../../Downloads/WebModel.c:18]   --->   Operation 191 'fexp' 'tmp_4_i' <Predicate = (!exitcond_i)> <Delay = 7.04> <Core = "FExp">   --->   Core 121 'FExp' <Latency = 7> <II = 1> <Delay = 7.04> <FuncUnit> <Opcode : 'fexp'> <InPorts = 1> <OutPorts = 1>

State 52 <SV = 12> <Delay = 7.04>
ST_52 : Operation 192 [2/8] (7.04ns)   --->   "%tmp_4_i = call float @llvm.exp.f32(float %tmp_i)" [../../../../Downloads/WebModel.c:47->../../../../Downloads/WebModel.c:18]   --->   Operation 192 'fexp' 'tmp_4_i' <Predicate = (!exitcond_i)> <Delay = 7.04> <Core = "FExp">   --->   Core 121 'FExp' <Latency = 7> <II = 1> <Delay = 7.04> <FuncUnit> <Opcode : 'fexp'> <InPorts = 1> <OutPorts = 1>

State 53 <SV = 13> <Delay = 7.04>
ST_53 : Operation 193 [1/8] (7.04ns)   --->   "%tmp_4_i = call float @llvm.exp.f32(float %tmp_i)" [../../../../Downloads/WebModel.c:47->../../../../Downloads/WebModel.c:18]   --->   Operation 193 'fexp' 'tmp_4_i' <Predicate = (!exitcond_i)> <Delay = 7.04> <Core = "FExp">   --->   Core 121 'FExp' <Latency = 7> <II = 1> <Delay = 7.04> <FuncUnit> <Opcode : 'fexp'> <InPorts = 1> <OutPorts = 1>

State 54 <SV = 14> <Delay = 6.51>
ST_54 : Operation 194 [5/5] (6.51ns)   --->   "%tmp_5_i = fadd float %tmp_4_i, 1.000000e+00" [../../../../Downloads/WebModel.c:47->../../../../Downloads/WebModel.c:18]   --->   Operation 194 'fadd' 'tmp_5_i' <Predicate = (!exitcond_i)> <Delay = 6.51> <Core = "FAddSub">   --->   Core 99 'FAddSub' <Latency = 4> <II = 1> <Delay = 6.51> <FuncUnit> <Opcode : 'fadd' 'fsub'> <InPorts = 2> <OutPorts = 1>

State 55 <SV = 15> <Delay = 6.51>
ST_55 : Operation 195 [4/5] (6.51ns)   --->   "%tmp_5_i = fadd float %tmp_4_i, 1.000000e+00" [../../../../Downloads/WebModel.c:47->../../../../Downloads/WebModel.c:18]   --->   Operation 195 'fadd' 'tmp_5_i' <Predicate = (!exitcond_i)> <Delay = 6.51> <Core = "FAddSub">   --->   Core 99 'FAddSub' <Latency = 4> <II = 1> <Delay = 6.51> <FuncUnit> <Opcode : 'fadd' 'fsub'> <InPorts = 2> <OutPorts = 1>

State 56 <SV = 16> <Delay = 6.51>
ST_56 : Operation 196 [3/5] (6.51ns)   --->   "%tmp_5_i = fadd float %tmp_4_i, 1.000000e+00" [../../../../Downloads/WebModel.c:47->../../../../Downloads/WebModel.c:18]   --->   Operation 196 'fadd' 'tmp_5_i' <Predicate = (!exitcond_i)> <Delay = 6.51> <Core = "FAddSub">   --->   Core 99 'FAddSub' <Latency = 4> <II = 1> <Delay = 6.51> <FuncUnit> <Opcode : 'fadd' 'fsub'> <InPorts = 2> <OutPorts = 1>

State 57 <SV = 17> <Delay = 6.51>
ST_57 : Operation 197 [2/5] (6.51ns)   --->   "%tmp_5_i = fadd float %tmp_4_i, 1.000000e+00" [../../../../Downloads/WebModel.c:47->../../../../Downloads/WebModel.c:18]   --->   Operation 197 'fadd' 'tmp_5_i' <Predicate = (!exitcond_i)> <Delay = 6.51> <Core = "FAddSub">   --->   Core 99 'FAddSub' <Latency = 4> <II = 1> <Delay = 6.51> <FuncUnit> <Opcode : 'fadd' 'fsub'> <InPorts = 2> <OutPorts = 1>

State 58 <SV = 18> <Delay = 6.51>
ST_58 : Operation 198 [1/5] (6.51ns)   --->   "%tmp_5_i = fadd float %tmp_4_i, 1.000000e+00" [../../../../Downloads/WebModel.c:47->../../../../Downloads/WebModel.c:18]   --->   Operation 198 'fadd' 'tmp_5_i' <Predicate = (!exitcond_i)> <Delay = 6.51> <Core = "FAddSub">   --->   Core 99 'FAddSub' <Latency = 4> <II = 1> <Delay = 6.51> <FuncUnit> <Opcode : 'fadd' 'fsub'> <InPorts = 2> <OutPorts = 1>

State 59 <SV = 19> <Delay = 7.20>
ST_59 : Operation 199 [12/12] (7.20ns)   --->   "%tmp_6_i = fdiv float 1.000000e+00, %tmp_5_i" [../../../../Downloads/WebModel.c:47->../../../../Downloads/WebModel.c:18]   --->   Operation 199 'fdiv' 'tmp_6_i' <Predicate = (!exitcond_i)> <Delay = 7.20> <Core = "FDiv">   --->   Core 101 'FDiv' <Latency = 11> <II = 1> <Delay = 7.20> <FuncUnit> <Opcode : 'fdiv' 'frem'> <InPorts = 2> <OutPorts = 1>

State 60 <SV = 20> <Delay = 7.20>
ST_60 : Operation 200 [11/12] (7.20ns)   --->   "%tmp_6_i = fdiv float 1.000000e+00, %tmp_5_i" [../../../../Downloads/WebModel.c:47->../../../../Downloads/WebModel.c:18]   --->   Operation 200 'fdiv' 'tmp_6_i' <Predicate = (!exitcond_i)> <Delay = 7.20> <Core = "FDiv">   --->   Core 101 'FDiv' <Latency = 11> <II = 1> <Delay = 7.20> <FuncUnit> <Opcode : 'fdiv' 'frem'> <InPorts = 2> <OutPorts = 1>

State 61 <SV = 21> <Delay = 7.20>
ST_61 : Operation 201 [10/12] (7.20ns)   --->   "%tmp_6_i = fdiv float 1.000000e+00, %tmp_5_i" [../../../../Downloads/WebModel.c:47->../../../../Downloads/WebModel.c:18]   --->   Operation 201 'fdiv' 'tmp_6_i' <Predicate = (!exitcond_i)> <Delay = 7.20> <Core = "FDiv">   --->   Core 101 'FDiv' <Latency = 11> <II = 1> <Delay = 7.20> <FuncUnit> <Opcode : 'fdiv' 'frem'> <InPorts = 2> <OutPorts = 1>

State 62 <SV = 22> <Delay = 7.20>
ST_62 : Operation 202 [9/12] (7.20ns)   --->   "%tmp_6_i = fdiv float 1.000000e+00, %tmp_5_i" [../../../../Downloads/WebModel.c:47->../../../../Downloads/WebModel.c:18]   --->   Operation 202 'fdiv' 'tmp_6_i' <Predicate = (!exitcond_i)> <Delay = 7.20> <Core = "FDiv">   --->   Core 101 'FDiv' <Latency = 11> <II = 1> <Delay = 7.20> <FuncUnit> <Opcode : 'fdiv' 'frem'> <InPorts = 2> <OutPorts = 1>

State 63 <SV = 23> <Delay = 7.20>
ST_63 : Operation 203 [8/12] (7.20ns)   --->   "%tmp_6_i = fdiv float 1.000000e+00, %tmp_5_i" [../../../../Downloads/WebModel.c:47->../../../../Downloads/WebModel.c:18]   --->   Operation 203 'fdiv' 'tmp_6_i' <Predicate = (!exitcond_i)> <Delay = 7.20> <Core = "FDiv">   --->   Core 101 'FDiv' <Latency = 11> <II = 1> <Delay = 7.20> <FuncUnit> <Opcode : 'fdiv' 'frem'> <InPorts = 2> <OutPorts = 1>

State 64 <SV = 24> <Delay = 7.20>
ST_64 : Operation 204 [7/12] (7.20ns)   --->   "%tmp_6_i = fdiv float 1.000000e+00, %tmp_5_i" [../../../../Downloads/WebModel.c:47->../../../../Downloads/WebModel.c:18]   --->   Operation 204 'fdiv' 'tmp_6_i' <Predicate = (!exitcond_i)> <Delay = 7.20> <Core = "FDiv">   --->   Core 101 'FDiv' <Latency = 11> <II = 1> <Delay = 7.20> <FuncUnit> <Opcode : 'fdiv' 'frem'> <InPorts = 2> <OutPorts = 1>

State 65 <SV = 25> <Delay = 7.20>
ST_65 : Operation 205 [6/12] (7.20ns)   --->   "%tmp_6_i = fdiv float 1.000000e+00, %tmp_5_i" [../../../../Downloads/WebModel.c:47->../../../../Downloads/WebModel.c:18]   --->   Operation 205 'fdiv' 'tmp_6_i' <Predicate = (!exitcond_i)> <Delay = 7.20> <Core = "FDiv">   --->   Core 101 'FDiv' <Latency = 11> <II = 1> <Delay = 7.20> <FuncUnit> <Opcode : 'fdiv' 'frem'> <InPorts = 2> <OutPorts = 1>

State 66 <SV = 26> <Delay = 7.20>
ST_66 : Operation 206 [5/12] (7.20ns)   --->   "%tmp_6_i = fdiv float 1.000000e+00, %tmp_5_i" [../../../../Downloads/WebModel.c:47->../../../../Downloads/WebModel.c:18]   --->   Operation 206 'fdiv' 'tmp_6_i' <Predicate = (!exitcond_i)> <Delay = 7.20> <Core = "FDiv">   --->   Core 101 'FDiv' <Latency = 11> <II = 1> <Delay = 7.20> <FuncUnit> <Opcode : 'fdiv' 'frem'> <InPorts = 2> <OutPorts = 1>

State 67 <SV = 27> <Delay = 7.20>
ST_67 : Operation 207 [4/12] (7.20ns)   --->   "%tmp_6_i = fdiv float 1.000000e+00, %tmp_5_i" [../../../../Downloads/WebModel.c:47->../../../../Downloads/WebModel.c:18]   --->   Operation 207 'fdiv' 'tmp_6_i' <Predicate = (!exitcond_i)> <Delay = 7.20> <Core = "FDiv">   --->   Core 101 'FDiv' <Latency = 11> <II = 1> <Delay = 7.20> <FuncUnit> <Opcode : 'fdiv' 'frem'> <InPorts = 2> <OutPorts = 1>

State 68 <SV = 28> <Delay = 7.20>
ST_68 : Operation 208 [3/12] (7.20ns)   --->   "%tmp_6_i = fdiv float 1.000000e+00, %tmp_5_i" [../../../../Downloads/WebModel.c:47->../../../../Downloads/WebModel.c:18]   --->   Operation 208 'fdiv' 'tmp_6_i' <Predicate = (!exitcond_i)> <Delay = 7.20> <Core = "FDiv">   --->   Core 101 'FDiv' <Latency = 11> <II = 1> <Delay = 7.20> <FuncUnit> <Opcode : 'fdiv' 'frem'> <InPorts = 2> <OutPorts = 1>

State 69 <SV = 29> <Delay = 7.20>
ST_69 : Operation 209 [2/12] (7.20ns)   --->   "%tmp_6_i = fdiv float 1.000000e+00, %tmp_5_i" [../../../../Downloads/WebModel.c:47->../../../../Downloads/WebModel.c:18]   --->   Operation 209 'fdiv' 'tmp_6_i' <Predicate = (!exitcond_i)> <Delay = 7.20> <Core = "FDiv">   --->   Core 101 'FDiv' <Latency = 11> <II = 1> <Delay = 7.20> <FuncUnit> <Opcode : 'fdiv' 'frem'> <InPorts = 2> <OutPorts = 1>

State 70 <SV = 30> <Delay = 7.20>
ST_70 : Operation 210 [1/12] (7.20ns)   --->   "%tmp_6_i = fdiv float 1.000000e+00, %tmp_5_i" [../../../../Downloads/WebModel.c:47->../../../../Downloads/WebModel.c:18]   --->   Operation 210 'fdiv' 'tmp_6_i' <Predicate = (!exitcond_i)> <Delay = 7.20> <Core = "FDiv">   --->   Core 101 'FDiv' <Latency = 11> <II = 1> <Delay = 7.20> <FuncUnit> <Opcode : 'fdiv' 'frem'> <InPorts = 2> <OutPorts = 1>

State 71 <SV = 31> <Delay = 2.77>
ST_71 : Operation 211 [1/1] (0.00ns)   --->   "%tmp_2_i = call i32 (...)* @_ssdm_op_SpecRegionBegin([12 x i8]* @p_str3)" [../../../../Downloads/WebModel.c:45->../../../../Downloads/WebModel.c:18]   --->   Operation 211 'specregionbegin' 'tmp_2_i' <Predicate = (!exitcond_i)> <Delay = 0.00>
ST_71 : Operation 212 [1/1] (0.00ns)   --->   "call void (...)* @_ssdm_op_SpecPipeline(i32 -1, i32 1, i32 1, i32 0, [1 x i8]* @p_str2) nounwind" [../../../../Downloads/WebModel.c:46->../../../../Downloads/WebModel.c:18]   --->   Operation 212 'specpipeline' <Predicate = (!exitcond_i)> <Delay = 0.00>
ST_71 : Operation 213 [1/1] (2.77ns)   --->   "store float %tmp_6_i, float* %output_array_addr, align 4" [../../../../Downloads/WebModel.c:47->../../../../Downloads/WebModel.c:18]   --->   Operation 213 'store' <Predicate = (!exitcond_i)> <Delay = 2.77> <Core = "RAM">   --->   Core 37 'RAM' <Latency = 1> <II = 1> <Delay = 1.75> <Storage> <Opcode : 'load' 'store'> <Ports = 2> <Width = 64> <Depth = 5> <RAM>
ST_71 : Operation 214 [1/1] (0.00ns)   --->   "%empty = call i32 (...)* @_ssdm_op_SpecRegionEnd([12 x i8]* @p_str3, i32 %tmp_2_i)" [../../../../Downloads/WebModel.c:48->../../../../Downloads/WebModel.c:18]   --->   Operation 214 'specregionend' 'empty' <Predicate = (!exitcond_i)> <Delay = 0.00>
ST_71 : Operation 215 [1/1] (0.00ns)   --->   "br label %1" [../../../../Downloads/WebModel.c:45->../../../../Downloads/WebModel.c:18]   --->   Operation 215 'br' <Predicate = (!exitcond_i)> <Delay = 0.00>

State 72 <SV = 5> <Delay = 0.00>
ST_72 : Operation 216 [1/1] (0.00ns)   --->   "br label %k2c_sigmoid_func.exit"   --->   Operation 216 'br' <Predicate = (tmp)> <Delay = 0.00>
ST_72 : Operation 217 [1/1] (0.00ns)   --->   "ret void" [../../../../Downloads/WebModel.c:33]   --->   Operation 217 'ret' <Predicate = true> <Delay = 0.00>


============================================================
+ Verbose Summary: Timing violations
============================================================
Target clock period: 10ns, clock uncertainty: 1.25ns.

 <State 1>: 3.15ns
The critical path consists of the following:
	'icmp' operation ('tmp', ../../../../Downloads/WebModel.c:8) [20]  (2.34 ns)
	blocking operation 0.809 ns on control path)

 <State 2>: 1.35ns
The critical path consists of the following:
	multiplexor before 'phi' operation ('i') with incoming values : ('i', ../../../../Downloads/WebModel.c:249->../../../../Downloads/WebModel.c:27) [27]  (1.35 ns)

 <State 3>: 3.15ns
The critical path consists of the following:
	'icmp' operation ('tmp_i2', ../../../../Downloads/WebModel.c:249->../../../../Downloads/WebModel.c:27) [28]  (2.34 ns)
	blocking operation 0.809 ns on control path)

 <State 4>: 3.15ns
The critical path consists of the following:
	'icmp' operation ('exitcond_i3', ../../../../Downloads/WebModel.c:250->../../../../Downloads/WebModel.c:27) [35]  (2.34 ns)
	blocking operation 0.809 ns on control path)

 <State 5>: 2.77ns
The critical path consists of the following:
	'load' operation ('bias_array_load', ../../../../Downloads/WebModel.c:252->../../../../Downloads/WebModel.c:27) on array 'bias_array' [43]  (2.77 ns)

 <State 6>: 9.29ns
The critical path consists of the following:
	'load' operation ('output_array_load_1', ../../../../Downloads/WebModel.c:252->../../../../Downloads/WebModel.c:27) on array 'output_array' [47]  (2.77 ns)
	'fadd' operation ('tmp_10_i', ../../../../Downloads/WebModel.c:252->../../../../Downloads/WebModel.c:27) [48]  (6.51 ns)

 <State 7>: 6.51ns
The critical path consists of the following:
	'fadd' operation ('tmp_10_i', ../../../../Downloads/WebModel.c:252->../../../../Downloads/WebModel.c:27) [48]  (6.51 ns)

 <State 8>: 6.51ns
The critical path consists of the following:
	'fadd' operation ('tmp_10_i', ../../../../Downloads/WebModel.c:252->../../../../Downloads/WebModel.c:27) [48]  (6.51 ns)

 <State 9>: 6.51ns
The critical path consists of the following:
	'fadd' operation ('tmp_10_i', ../../../../Downloads/WebModel.c:252->../../../../Downloads/WebModel.c:27) [48]  (6.51 ns)

 <State 10>: 9.29ns
The critical path consists of the following:
	'fadd' operation ('tmp_10_i', ../../../../Downloads/WebModel.c:252->../../../../Downloads/WebModel.c:27) [48]  (6.51 ns)
	'store' operation (../../../../Downloads/WebModel.c:252->../../../../Downloads/WebModel.c:27) of variable 'tmp_10_i', ../../../../Downloads/WebModel.c:252->../../../../Downloads/WebModel.c:27 on array 'output_array' [49]  (2.77 ns)

 <State 11>: 3ns
The critical path consists of the following:
	'add' operation ('i', ../../../../Downloads/WebModel.c:249->../../../../Downloads/WebModel.c:27) [53]  (3 ns)

 <State 12>: 3.15ns
The critical path consists of the following:
	'icmp' operation ('exitcond_i5', ../../../../Downloads/WebModel.c:45->../../../../Downloads/WebModel.c:31) [60]  (2.34 ns)
	blocking operation 0.809 ns on control path)

 <State 13>: 2.77ns
The critical path consists of the following:
	'load' operation ('output_array_load_2', ../../../../Downloads/WebModel.c:47->../../../../Downloads/WebModel.c:31) on array 'output_array' [67]  (2.77 ns)

 <State 14>: 7.86ns
The critical path consists of the following:
	'xor' operation ('tmp_neg_i1', ../../../../Downloads/WebModel.c:47->../../../../Downloads/WebModel.c:31) [69]  (0.809 ns)
	'fexp' operation ('tmp_4_i1', ../../../../Downloads/WebModel.c:47->../../../../Downloads/WebModel.c:31) [71]  (7.05 ns)

 <State 15>: 7.05ns
The critical path consists of the following:
	'fexp' operation ('tmp_4_i1', ../../../../Downloads/WebModel.c:47->../../../../Downloads/WebModel.c:31) [71]  (7.05 ns)

 <State 16>: 7.05ns
The critical path consists of the following:
	'fexp' operation ('tmp_4_i1', ../../../../Downloads/WebModel.c:47->../../../../Downloads/WebModel.c:31) [71]  (7.05 ns)

 <State 17>: 7.05ns
The critical path consists of the following:
	'fexp' operation ('tmp_4_i1', ../../../../Downloads/WebModel.c:47->../../../../Downloads/WebModel.c:31) [71]  (7.05 ns)

 <State 18>: 7.05ns
The critical path consists of the following:
	'fexp' operation ('tmp_4_i1', ../../../../Downloads/WebModel.c:47->../../../../Downloads/WebModel.c:31) [71]  (7.05 ns)

 <State 19>: 7.05ns
The critical path consists of the following:
	'fexp' operation ('tmp_4_i1', ../../../../Downloads/WebModel.c:47->../../../../Downloads/WebModel.c:31) [71]  (7.05 ns)

 <State 20>: 7.05ns
The critical path consists of the following:
	'fexp' operation ('tmp_4_i1', ../../../../Downloads/WebModel.c:47->../../../../Downloads/WebModel.c:31) [71]  (7.05 ns)

 <State 21>: 7.05ns
The critical path consists of the following:
	'fexp' operation ('tmp_4_i1', ../../../../Downloads/WebModel.c:47->../../../../Downloads/WebModel.c:31) [71]  (7.05 ns)

 <State 22>: 6.51ns
The critical path consists of the following:
	'fadd' operation ('tmp_5_i1', ../../../../Downloads/WebModel.c:47->../../../../Downloads/WebModel.c:31) [72]  (6.51 ns)

 <State 23>: 6.51ns
The critical path consists of the following:
	'fadd' operation ('tmp_5_i1', ../../../../Downloads/WebModel.c:47->../../../../Downloads/WebModel.c:31) [72]  (6.51 ns)

 <State 24>: 6.51ns
The critical path consists of the following:
	'fadd' operation ('tmp_5_i1', ../../../../Downloads/WebModel.c:47->../../../../Downloads/WebModel.c:31) [72]  (6.51 ns)

 <State 25>: 6.51ns
The critical path consists of the following:
	'fadd' operation ('tmp_5_i1', ../../../../Downloads/WebModel.c:47->../../../../Downloads/WebModel.c:31) [72]  (6.51 ns)

 <State 26>: 6.51ns
The critical path consists of the following:
	'fadd' operation ('tmp_5_i1', ../../../../Downloads/WebModel.c:47->../../../../Downloads/WebModel.c:31) [72]  (6.51 ns)

 <State 27>: 7.21ns
The critical path consists of the following:
	'fdiv' operation ('tmp_6_i1', ../../../../Downloads/WebModel.c:47->../../../../Downloads/WebModel.c:31) [73]  (7.21 ns)

 <State 28>: 7.21ns
The critical path consists of the following:
	'fdiv' operation ('tmp_6_i1', ../../../../Downloads/WebModel.c:47->../../../../Downloads/WebModel.c:31) [73]  (7.21 ns)

 <State 29>: 7.21ns
The critical path consists of the following:
	'fdiv' operation ('tmp_6_i1', ../../../../Downloads/WebModel.c:47->../../../../Downloads/WebModel.c:31) [73]  (7.21 ns)

 <State 30>: 7.21ns
The critical path consists of the following:
	'fdiv' operation ('tmp_6_i1', ../../../../Downloads/WebModel.c:47->../../../../Downloads/WebModel.c:31) [73]  (7.21 ns)

 <State 31>: 7.21ns
The critical path consists of the following:
	'fdiv' operation ('tmp_6_i1', ../../../../Downloads/WebModel.c:47->../../../../Downloads/WebModel.c:31) [73]  (7.21 ns)

 <State 32>: 7.21ns
The critical path consists of the following:
	'fdiv' operation ('tmp_6_i1', ../../../../Downloads/WebModel.c:47->../../../../Downloads/WebModel.c:31) [73]  (7.21 ns)

 <State 33>: 7.21ns
The critical path consists of the following:
	'fdiv' operation ('tmp_6_i1', ../../../../Downloads/WebModel.c:47->../../../../Downloads/WebModel.c:31) [73]  (7.21 ns)

 <State 34>: 7.21ns
The critical path consists of the following:
	'fdiv' operation ('tmp_6_i1', ../../../../Downloads/WebModel.c:47->../../../../Downloads/WebModel.c:31) [73]  (7.21 ns)

 <State 35>: 7.21ns
The critical path consists of the following:
	'fdiv' operation ('tmp_6_i1', ../../../../Downloads/WebModel.c:47->../../../../Downloads/WebModel.c:31) [73]  (7.21 ns)

 <State 36>: 7.21ns
The critical path consists of the following:
	'fdiv' operation ('tmp_6_i1', ../../../../Downloads/WebModel.c:47->../../../../Downloads/WebModel.c:31) [73]  (7.21 ns)

 <State 37>: 7.21ns
The critical path consists of the following:
	'fdiv' operation ('tmp_6_i1', ../../../../Downloads/WebModel.c:47->../../../../Downloads/WebModel.c:31) [73]  (7.21 ns)

 <State 38>: 7.21ns
The critical path consists of the following:
	'fdiv' operation ('tmp_6_i1', ../../../../Downloads/WebModel.c:47->../../../../Downloads/WebModel.c:31) [73]  (7.21 ns)

 <State 39>: 2.77ns
The critical path consists of the following:
	'store' operation (../../../../Downloads/WebModel.c:47->../../../../Downloads/WebModel.c:31) of variable 'tmp_6_i1', ../../../../Downloads/WebModel.c:47->../../../../Downloads/WebModel.c:31 on array 'output_array' [74]  (2.77 ns)

 <State 40>: 0ns
The critical path consists of the following:

 <State 41>: 2.59ns
The critical path consists of the following:
	'load' operation ('input_shape_load', ../../../../Downloads/WebModel.c:9) on array 'input_shape' [83]  (1.75 ns)
	'select' operation ('outrows', ../../../../Downloads/WebModel.c:9) [84]  (0.831 ns)

 <State 42>: 8.61ns
The critical path consists of the following:
	'mul' operation ('outsize', ../../../../Downloads/WebModel.c:12) [89]  (8.61 ns)

 <State 43>: 8.61ns
The critical path consists of the following:
	'mul' operation ('outsize', ../../../../Downloads/WebModel.c:12) [89]  (8.61 ns)

 <State 44>: 3.15ns
The critical path consists of the following:
	'icmp' operation ('exitcond_i', ../../../../Downloads/WebModel.c:45->../../../../Downloads/WebModel.c:18) [95]  (2.34 ns)
	blocking operation 0.809 ns on control path)

 <State 45>: 2.77ns
The critical path consists of the following:
	'load' operation ('output_array_load', ../../../../Downloads/WebModel.c:47->../../../../Downloads/WebModel.c:18) on array 'output_array' [102]  (2.77 ns)

 <State 46>: 7.86ns
The critical path consists of the following:
	'xor' operation ('tmp_neg_i', ../../../../Downloads/WebModel.c:47->../../../../Downloads/WebModel.c:18) [104]  (0.809 ns)
	'fexp' operation ('tmp_4_i', ../../../../Downloads/WebModel.c:47->../../../../Downloads/WebModel.c:18) [106]  (7.05 ns)

 <State 47>: 7.05ns
The critical path consists of the following:
	'fexp' operation ('tmp_4_i', ../../../../Downloads/WebModel.c:47->../../../../Downloads/WebModel.c:18) [106]  (7.05 ns)

 <State 48>: 7.05ns
The critical path consists of the following:
	'fexp' operation ('tmp_4_i', ../../../../Downloads/WebModel.c:47->../../../../Downloads/WebModel.c:18) [106]  (7.05 ns)

 <State 49>: 7.05ns
The critical path consists of the following:
	'fexp' operation ('tmp_4_i', ../../../../Downloads/WebModel.c:47->../../../../Downloads/WebModel.c:18) [106]  (7.05 ns)

 <State 50>: 7.05ns
The critical path consists of the following:
	'fexp' operation ('tmp_4_i', ../../../../Downloads/WebModel.c:47->../../../../Downloads/WebModel.c:18) [106]  (7.05 ns)

 <State 51>: 7.05ns
The critical path consists of the following:
	'fexp' operation ('tmp_4_i', ../../../../Downloads/WebModel.c:47->../../../../Downloads/WebModel.c:18) [106]  (7.05 ns)

 <State 52>: 7.05ns
The critical path consists of the following:
	'fexp' operation ('tmp_4_i', ../../../../Downloads/WebModel.c:47->../../../../Downloads/WebModel.c:18) [106]  (7.05 ns)

 <State 53>: 7.05ns
The critical path consists of the following:
	'fexp' operation ('tmp_4_i', ../../../../Downloads/WebModel.c:47->../../../../Downloads/WebModel.c:18) [106]  (7.05 ns)

 <State 54>: 6.51ns
The critical path consists of the following:
	'fadd' operation ('tmp_5_i', ../../../../Downloads/WebModel.c:47->../../../../Downloads/WebModel.c:18) [107]  (6.51 ns)

 <State 55>: 6.51ns
The critical path consists of the following:
	'fadd' operation ('tmp_5_i', ../../../../Downloads/WebModel.c:47->../../../../Downloads/WebModel.c:18) [107]  (6.51 ns)

 <State 56>: 6.51ns
The critical path consists of the following:
	'fadd' operation ('tmp_5_i', ../../../../Downloads/WebModel.c:47->../../../../Downloads/WebModel.c:18) [107]  (6.51 ns)

 <State 57>: 6.51ns
The critical path consists of the following:
	'fadd' operation ('tmp_5_i', ../../../../Downloads/WebModel.c:47->../../../../Downloads/WebModel.c:18) [107]  (6.51 ns)

 <State 58>: 6.51ns
The critical path consists of the following:
	'fadd' operation ('tmp_5_i', ../../../../Downloads/WebModel.c:47->../../../../Downloads/WebModel.c:18) [107]  (6.51 ns)

 <State 59>: 7.21ns
The critical path consists of the following:
	'fdiv' operation ('tmp_6_i', ../../../../Downloads/WebModel.c:47->../../../../Downloads/WebModel.c:18) [108]  (7.21 ns)

 <State 60>: 7.21ns
The critical path consists of the following:
	'fdiv' operation ('tmp_6_i', ../../../../Downloads/WebModel.c:47->../../../../Downloads/WebModel.c:18) [108]  (7.21 ns)

 <State 61>: 7.21ns
The critical path consists of the following:
	'fdiv' operation ('tmp_6_i', ../../../../Downloads/WebModel.c:47->../../../../Downloads/WebModel.c:18) [108]  (7.21 ns)

 <State 62>: 7.21ns
The critical path consists of the following:
	'fdiv' operation ('tmp_6_i', ../../../../Downloads/WebModel.c:47->../../../../Downloads/WebModel.c:18) [108]  (7.21 ns)

 <State 63>: 7.21ns
The critical path consists of the following:
	'fdiv' operation ('tmp_6_i', ../../../../Downloads/WebModel.c:47->../../../../Downloads/WebModel.c:18) [108]  (7.21 ns)

 <State 64>: 7.21ns
The critical path consists of the following:
	'fdiv' operation ('tmp_6_i', ../../../../Downloads/WebModel.c:47->../../../../Downloads/WebModel.c:18) [108]  (7.21 ns)

 <State 65>: 7.21ns
The critical path consists of the following:
	'fdiv' operation ('tmp_6_i', ../../../../Downloads/WebModel.c:47->../../../../Downloads/WebModel.c:18) [108]  (7.21 ns)

 <State 66>: 7.21ns
The critical path consists of the following:
	'fdiv' operation ('tmp_6_i', ../../../../Downloads/WebModel.c:47->../../../../Downloads/WebModel.c:18) [108]  (7.21 ns)

 <State 67>: 7.21ns
The critical path consists of the following:
	'fdiv' operation ('tmp_6_i', ../../../../Downloads/WebModel.c:47->../../../../Downloads/WebModel.c:18) [108]  (7.21 ns)

 <State 68>: 7.21ns
The critical path consists of the following:
	'fdiv' operation ('tmp_6_i', ../../../../Downloads/WebModel.c:47->../../../../Downloads/WebModel.c:18) [108]  (7.21 ns)

 <State 69>: 7.21ns
The critical path consists of the following:
	'fdiv' operation ('tmp_6_i', ../../../../Downloads/WebModel.c:47->../../../../Downloads/WebModel.c:18) [108]  (7.21 ns)

 <State 70>: 7.21ns
The critical path consists of the following:
	'fdiv' operation ('tmp_6_i', ../../../../Downloads/WebModel.c:47->../../../../Downloads/WebModel.c:18) [108]  (7.21 ns)

 <State 71>: 2.77ns
The critical path consists of the following:
	'store' operation (../../../../Downloads/WebModel.c:47->../../../../Downloads/WebModel.c:18) of variable 'tmp_6_i', ../../../../Downloads/WebModel.c:47->../../../../Downloads/WebModel.c:18 on array 'output_array' [109]  (2.77 ns)

 <State 72>: 0ns
The critical path consists of the following:


============================================================
+ Verbose Summary: Binding
============================================================
N/A
* FSMD analyzer results:
  - Output states:
 - Input state : 
  - Chain level:
	State 1
	State 2
	State 3
	State 4
	State 5
	State 6
	State 7
	State 8
	State 9
	State 10
	State 11
	State 12
	State 13
	State 14
	State 15
	State 16
	State 17
	State 18
	State 19
	State 20
	State 21
	State 22
	State 23
	State 24
	State 25
	State 26
	State 27
	State 28
	State 29
	State 30
	State 31
	State 32
	State 33
	State 34
	State 35
	State 36
	State 37
	State 38
	State 39
	State 40
	State 41
	State 42
	State 43
	State 44
	State 45
	State 46
	State 47
	State 48
	State 49
	State 50
	State 51
	State 52
	State 53
	State 54
	State 55
	State 56
	State 57
	State 58
	State 59
	State 60
	State 61
	State 62
	State 63
	State 64
	State 65
	State 66
	State 67
	State 68
	State 69
	State 70
	State 71
	State 72


============================================================
+ Verbose Summary: Datapath Resource usage 
============================================================
N/A
